/fmi/data/nowcasting/
/fmi/dev/products/cache/nowcasting/
201807051300
201807051900
201807050700
--2018-07-05 16:30:06--  http://smartmet.fmi.fi/download?param=Pressure&producer=pal_skandinavia&format=netcdf&starttime=201807050700&endtime=201807051300&timestep=60&bbox=4.00118791,50.00007491,42.99146951,72.99231333&projection=epsg:4326
Resolving smartmet.fmi.fi (smartmet.fmi.fi)... 193.166.221.21
Connecting to smartmet.fmi.fi (smartmet.fmi.fi)|193.166.221.21|:80... connected.
HTTP request sent, awaiting response... 200 OK
Length: unspecified [application/octet-stream]
Saving to: '/fmi/data/nowcasting/201807050700_fcst201807051300_pal_skandinavia_DOMAIN=SCAND2_Pressure.nc'

     0K .......... .......... .......... .......... .......... 17.8M
    50K .......... .......... .......... .......... .......... 26.1M
   100K .......... .......... .......... .......... .......... 17.9M
   150K .......... .......... .......... .......... .......... 16.3M
   200K .......... .......... .......... .......... .......... 6.69M
   250K .......... .......... .......... .......... .......... 25.9M
   300K .......... .......... .......... .......... .......... 14.4M
   350K .......... .......... .......... .......... .......... 15.7M
   400K .......... .......... .......... .......... .......... 17.7M
   450K .......... .......... .......... .......... .......... 15.7M
   500K .......... .......... .......... .......... .......... 22.9M
   550K .......... .......... .......... .......... .......... 16.4M
   600K .......... .......... .......... .......... .......... 18.6M
   650K .......... .......... .......... .......... .......... 17.8M
   700K .......... .......... .......... .......... .......... 16.6M
   750K .......... .......... .......... .......... .......... 27.2M
   800K .......... .......... .......... .......... .......... 17.8M
   850K .......... .......... .......... .......... .......... 15.6M
   900K .......... .......... .......... .......... .......... 15.7M
   950K .......... .......... .......... .......... .......... 19.6M
  1000K .......... .......... .......... .......... .......... 23.6M
  1050K .......... .......... .......... .......... .......... 11.2M
  1100K .......... .......... .......... .......... .......... 14.4M
  1150K .......... .......... .......... .......... .......... 12.3M
  1200K .......... .......... .......... .......... .......... 15.6M
  1250K .......... .......... .......... .......... .......... 12.2M
  1300K .......... .......... .......... .......... .......... 12.6M
  1350K .......... .......... .......... .......... .......... 11.9M
  1400K .......... .......... .......... .......... .......... 15.9M
  1450K .......... .......... .......... .......... .......... 7.82M
  1500K .......... .......... .......... .......... .......... 10.8M
  1550K .......... .......... .......... .......... .......... 17.7M
  1600K .......... .......... .......... .......... .......... 13.7M
  1650K .......... .......... .......... .......... .......... 12.9M
  1700K .......... .......... .......... .......... .......... 19.5M
  1750K .......... .......... .......... .......... .......... 26.0M
  1800K .......... .......... .......... .......... .......... 19.1M
  1850K .......... .......... .......... .......... .......... 4.29M
  1900K .......... .......... .......... .......... .......... 6.13M
  1950K .......... .......... .......... .......... .......... 7.76M
  2000K .......... .......... .......... .......... .......... 23.1M
  2050K .......... .......... .......... .......... .......... 25.1M
  2100K .......... .......... .......... .......... .......... 24.6M
  2150K .......... .......... .......... .......... .......... 8.47M
  2200K .......... .......... .......... .......... .......... 19.0M
  2250K .......... .......... .......... .......... .......... 28.6M
  2300K .......... .......... .......... .......... .......... 32.3M
  2350K .......... .......... .......... .......... .......... 24.8M
  2400K .......... .......... .......... .......... .......... 28.3M
  2450K .......... .......... .......... .......... .......... 10.9M
  2500K .......... .......... .......... .......... .......... 19.4M
  2550K .......... .......... .......... .......... .......... 14.9M
  2600K .......... .......... .......... .......... .......... 17.6M
  2650K .......... .......... .......... .......... .......... 26.2M
  2700K .......... .......... .......... .......... .......... 25.0M
  2750K .......... .......... .......... .......... .......... 16.9M
  2800K .......... .......... .......... .......... .......... 24.1M
  2850K .......... .......... .......... .......... .......... 25.2M
  2900K .......... .......... .......... .......... .......... 23.9M
  2950K .......... .......... .......... .......... .......... 17.2M
  3000K .......... .......... .......... .......... .......... 26.0M
  3050K .......... .......... .......... .......... .......... 33.2M
  3100K .......... .......... .......... .......... .......... 40.3M
  3150K .......... .......... .......... .......... .......... 8.46M
  3200K .......... .......... .......... .......... .......... 22.5M
  3250K .......... .......... .......... .......... .......... 24.8M
  3300K .......... .......... .......... .......... .......... 27.7M
  3350K .......... .......... .......... .......... .......... 19.6M
  3400K .......... .......... .......... .......... .......... 26.3M
  3450K .......... .......... .......... .......... .......... 27.9M
  3500K .......... .......... .......... .......... .......... 26.0M
  3550K .......... .......... .......... .......... .......... 17.0M
  3600K .......... .......... .......... .......... .......... 20.6M
  3650K .......... .......... .......... .......... .......... 27.1M
  3700K .......... .......... .......... .......... .......... 27.0M
  3750K .......... .......... .......... .......... .......... 24.9M
  3800K .......... .......... .......... .......... .......... 22.9M
  3850K .......... .......... .......... .......... .......... 24.7M
  3900K .......... .......... .......... .......... .......... 21.6M
  3950K .......... .......... .......... .......... .......... 27.9M
  4000K .......... .......... .......... .......... .......... 21.7M
  4050K .......... .......... .......... .......... .......... 27.9M
  4100K .......... .......... .......... .......... .......... 21.8M
  4150K .......... .......... .......... .......... .......... 28.0M
  4200K .......... .......... .......... .......... .......... 21.6M
  4250K .......... .......... .......... .......... .......... 18.0M
  4300K .......... .......... .......... .......... .......... 28.0M
  4350K .......... .......... .......... .......... .......... 24.4M
  4400K .......... .......... .......... .......... .......... 17.0M
  4450K .......... .......... .......... .......... .......... 20.5M
  4500K .......... .......... .......... .......... .......... 27.6M
  4550K .......... .......... .......... .......... .......... 26.4M
  4600K .......... .......... .......... .......... .......... 7.51M
  4650K .......... .......... .......... .......... .......... 33.6M
  4700K .......... .......... .......... .......... .......... 21.6M
  4750K .......... .......... .......... .......... .......... 16.3M
  4800K .......... .......... .......... .......... .......... 20.9M
  4850K .......... .......... .......... .......... .......... 21.6M
  4900K .......... .......... .......... .......... .......... 24.5M
  4950K .......... .......... .......... .......... .......... 17.8M
  5000K .......... .......... .......... .......... .......... 24.4M
  5050K .......... .......... .......... .......... .......... 25.9M
  5100K .......... .......... .......... .......... .......... 12.6M
  5150K .......... .......... .......... .......... .......... 9.74M
  5200K .......... .......... .......... .......... .......... 16.6M
  5250K .......... .......... .......... .......... .......... 20.3M
  5300K .......... .......... .......... .......... .......... 21.2M
  5350K .......... .......... .......... .......... .......... 19.4M
  5400K .......... .........                                   29.0M=0.3s

2018-07-05 16:30:07 (17.1 MB/s) - '/fmi/data/nowcasting/201807050700_fcst201807051300_pal_skandinavia_DOMAIN=SCAND2_Pressure.nc' saved [5549256]

Permission denied
Location: file ../../ncdump/nccopy.c; line 1429
--2018-07-05 16:30:07--  http://smartmet.fmi.fi/download?param=Pressure&producer=laps_skandinavia&format=netcdf&gridsize=579,342&starttime=201807050700&endtime=201807051300&timestep=60&bbox=4.00118791,50.00007491,42.99146951,72.99231333&projection=epsg:4326
Resolving smartmet.fmi.fi (smartmet.fmi.fi)... 193.166.221.21
Connecting to smartmet.fmi.fi (smartmet.fmi.fi)|193.166.221.21|:80... connected.
HTTP request sent, awaiting response... 200 OK
Length: unspecified [application/octet-stream]
Saving to: '/fmi/data/nowcasting/201807050700_endtime201807051300_laps_skandinavia_DOMAIN=SCAND2_Pressure.nc'

     0K .......... .......... .......... .......... .......... 18.8M
    50K .......... .......... .......... .......... .......... 15.6M
   100K .......... .......... .......... .......... .......... 12.9M
   150K .......... .......... .......... .......... .......... 14.0M
   200K .......... .......... .......... .......... .......... 8.93M
   250K .......... .......... .......... .......... .......... 15.0M
   300K .......... .......... .......... .......... .......... 20.4M
   350K .......... .......... .......... .......... .......... 19.9M
   400K .......... .......... .......... .......... .......... 20.6M
   450K .......... .......... .......... .......... .......... 15.7M
   500K .......... .......... .......... .......... .......... 19.3M
   550K .......... .......... .......... .......... .......... 21.4M
   600K .......... .......... .......... .......... .......... 20.0M
   650K .......... .......... .......... .......... .......... 19.5M
   700K .......... .......... .......... .......... .......... 20.8M
   750K .......... .......... .......... .......... .......... 26.2M
   800K .......... .......... .......... .......... .......... 20.6M
   850K .......... .......... .......... .......... .......... 21.7M
   900K .......... .......... .......... .......... .......... 19.6M
   950K .......... .......... .......... .......... .......... 17.8M
  1000K .......... .......... .......... .......... .......... 15.8M
  1050K .......... .......... .......... .......... .......... 21.4M
  1100K .......... .......... .......... .......... .......... 25.9M
  1150K .......... .......... .......... .......... .......... 19.6M
  1200K .......... .......... .......... .......... .......... 18.6M
  1250K .......... .......... .......... .......... .......... 16.9M
  1300K .......... .......... .......... .......... .......... 19.4M
  1350K .......... .......... .......... .......... .......... 18.6M
  1400K .......... .......... .......... .......... .......... 20.5M
  1450K .......... .......... .......... .......... .......... 17.8M
  1500K .......... .......... .......... .......... .......... 19.7M
  1550K .......... .......... .......... .......... .......... 24.1M
  1600K .......... .......... .......... .......... .......... 19.6M
  1650K .......... .......... .......... .......... .......... 9.32M
  1700K .......... .......... .......... .......... .......... 13.0M
  1750K .......... .......... .......... .......... .......... 12.6M
  1800K .......... .......... .......... .......... .......... 19.4M
  1850K .......... .......... .......... .......... .......... 20.7M
  1900K .......... .......... .......... .......... .......... 18.6M
  1950K .......... .......... .......... .......... .......... 17.0M
  2000K .......... .......... .......... .......... .......... 19.4M
  2050K .......... .......... .......... .......... .......... 20.8M
  2100K .......... .......... .......... .......... .......... 18.6M
  2150K .......... .......... .......... .......... .......... 20.0M
  2200K .......... .......... .......... .......... .......... 18.5M
  2250K .......... .......... .......... .......... .......... 18.0M
  2300K .......... .......... .......... .......... .......... 24.2M
  2350K .......... .......... .......... .......... .......... 15.7M
  2400K .......... .......... .......... .......... .......... 18.5M
  2450K .......... .......... .......... .......... .......... 15.2M
  2500K .......... .......... .......... .......... .......... 26.1M
  2550K .......... .......... .......... .......... .......... 16.9M
  2600K .......... .......... .......... .......... .......... 13.6M
  2650K .......... .......... .......... .......... .......... 13.9M
  2700K .......... .......... .......... .......... .......... 19.6M
  2750K .......... .......... .......... .......... .......... 17.7M
  2800K .......... .......... .......... .......... .......... 15.1M
  2850K .......... .......... .......... .......... .......... 4.82M
  2900K .......... .......... .......... .......... .......... 7.83M
  2950K .......... .......... .......... .......... .......... 17.2M
  3000K .......... .......... .......... .......... .......... 13.5M
  3050K .......... .......... .......... .......... .......... 12.5M
  3100K .......... .......... .......... .......... .......... 17.8M
  3150K .......... .......... .......... .......... .......... 11.5M
  3200K .......... .......... .......... .......... .......... 16.5M
  3250K .......... .......... .......... .......... .......... 13.3M
  3300K .......... .......... .......... .......... .......... 14.5M
  3350K .......... .......... .......... .......... .......... 18.5M
  3400K .......... .......... .......... .......... .......... 15.2M
  3450K .......... .......... .......... .......... .......... 26.0M
  3500K .......... .......... .......... .......... .......... 17.8M
  3550K .......... .......... .......... .......... .......... 16.3M
  3600K .......... .......... .......... .......... .......... 16.8M
  3650K .......... .......... .......... .......... .......... 18.7M
  3700K .......... .......... .......... .......... .......... 22.0M
  3750K .......... .......... .......... .......... .......... 17.6M
  3800K .......... .......... .......... .......... .......... 17.1M
  3850K .......... .......... .......... .......... .......... 17.5M
  3900K .......... .......... .......... .......... .......... 28.3M
  3950K .......... .......... .......... .......... .......... 20.8M
  4000K .......... .......... .......... .......... .......... 16.2M
  4050K .......... .......... .......... .......... .......... 18.4M
  4100K .......... .......... .......... .......... .......... 17.2M
  4150K .......... .......... .......... .......... .......... 27.9M
  4200K .......... .......... .......... .......... .......... 15.6M
  4250K .......... .......... .......... .......... .......... 16.3M
  4300K .......... .......... .......... .......... .......... 16.1M
  4350K .......... .......... .......... .......... .......... 23.1M
  4400K .......... .......... .......... .......... .......... 17.1M
  4450K .......... .......... .......... .......... .......... 15.6M
  4500K .......... .......... .......... .......... .......... 16.9M
  4550K .......... .......... .......... .......... .......... 15.1M
  4600K .......... .......... .......... .......... .......... 26.2M
  4650K .......... .......... .......... .......... .......... 26.2M
  4700K .......... .......... .......... .......... .......... 19.5M
  4750K .......... .......... .......... .......... .......... 21.8M
  4800K .......... .......... .......... .......... .......... 21.8M
  4850K .......... .......... .......... .......... .......... 24.1M
  4900K .......... .......... .......... .......... .......... 20.5M
  4950K .......... .......... .......... .......... .......... 17.9M
  5000K .......... .......... .......... .......... .......... 16.2M
  5050K .......... .......... .......... .......... .......... 17.1M
  5100K .......... .......... .......... .......... .......... 24.1M
  5150K .......... .......... .......... .......... .......... 17.9M
  5200K .......... .......... .......... .......... .......... 17.0M
  5250K .......... .......... .......... .......... .......... 15.0M
  5300K .......... .......... .......... .......... .......... 16.2M
  5350K .......... .......... .......... .......... .......... 12.0M
  5400K .......... .........                                   10.3M=0.3s

2018-07-05 16:30:09 (16.9 MB/s) - '/fmi/data/nowcasting/201807050700_endtime201807051300_laps_skandinavia_DOMAIN=SCAND2_Pressure.nc' saved [5549256]

Permission denied
Location: file ../../ncdump/nccopy.c; line 1429
./run.sh: line 189: --mode: command not found

--2018-07-05 16:30:09--  http://smartmet.fmi.fi/download?param=Temperature&producer=pal_skandinavia&format=netcdf&starttime=201807050700&endtime=201807051300&timestep=60&bbox=4.00118791,50.00007491,42.99146951,72.99231333&projection=epsg:4326
Resolving smartmet.fmi.fi (smartmet.fmi.fi)... 193.166.221.21
Connecting to smartmet.fmi.fi (smartmet.fmi.fi)|193.166.221.21|:80... connected.
HTTP request sent, awaiting response... 200 OK
Length: unspecified [application/octet-stream]
Saving to: '/fmi/data/nowcasting/201807050700_fcst201807051300_pal_skandinavia_DOMAIN=SCAND2_Temperature.nc'

     0K .......... .......... .......... .......... .......... 18.6M
    50K .......... .......... .......... .......... .......... 26.6M
   100K .......... .......... .......... .......... .......... 25.8M
   150K .......... .......... .......... .......... .......... 26.0M
   200K .......... .......... .......... .......... .......... 24.4M
   250K .......... .......... .......... .......... .......... 4.61M
   300K .......... .......... .......... .......... .......... 21.4M
   350K .......... .......... .......... .......... .......... 19.7M
   400K .......... .......... .......... .......... .......... 21.7M
   450K .......... .......... .......... .......... .......... 23.0M
   500K .......... .......... .......... .......... .......... 6.62M
   550K .......... .......... .......... .......... .......... 10.3M
   600K .......... .......... .......... .......... .......... 15.8M
   650K .......... .......... .......... .......... .......... 6.38M
   700K .......... .......... .......... .......... .......... 24.4M
   750K .......... .......... .......... .......... .......... 24.8M
   800K .......... .......... .......... .......... .......... 10.3M
   850K .......... .......... .......... .......... .......... 24.3M
   900K .......... .......... .......... .......... .......... 17.8M
   950K .......... .......... .......... .......... .......... 22.7M
  1000K .......... .......... .......... .......... .......... 18.6M
  1050K .......... .......... .......... .......... .......... 7.40M
  1100K .......... .......... .......... .......... .......... 7.65M
  1150K .......... .......... .......... .......... .......... 15.3M
  1200K .......... .......... .......... .......... .......... 14.2M
  1250K .......... .......... .......... .......... .......... 13.0M
  1300K .......... .......... .......... .......... .......... 23.0M
  1350K .......... .......... .......... .......... .......... 8.15M
  1400K .......... .......... .......... .......... .......... 10.6M
  1450K .......... .......... .......... .......... .......... 7.38M
  1500K .......... .......... .......... .......... .......... 5.51M
  1550K .......... .......... .......... .......... .......... 15.5M
  1600K .......... .......... .......... .......... .......... 6.42M
  1650K .......... .......... .......... .......... .......... 7.54M
  1700K .......... .......... .......... .......... .......... 28.0M
  1750K .......... .......... .......... .......... .......... 23.8M
  1800K .......... .......... .......... .......... .......... 23.3M
  1850K .......... .......... .......... .......... .......... 20.7M
  1900K .......... .......... .......... .......... .......... 25.8M
  1950K .......... .......... .......... .......... .......... 2.73M
  2000K .......... .......... .......... .......... .......... 6.39M
  2050K .......... .......... .......... .......... .......... 17.9M
  2100K .......... .......... .......... .......... .......... 27.3M
  2150K .......... .......... .......... .......... .......... 24.8M
  2200K .......... .......... .......... .......... .......... 23.0M
  2250K .......... .......... .......... .......... .......... 23.2M
  2300K .......... .......... .......... .......... .......... 34.8M
  2350K .......... .......... .......... .......... .......... 4.41M
  2400K .......... .......... .......... .......... .......... 1.56M
  2450K .......... .......... .......... .......... .......... 4.31M
  2500K .......... .......... .......... .......... .......... 11.2M
  2550K .......... .......... .......... .......... .......... 25.8M
  2600K .......... .......... .......... .......... .......... 6.75M
  2650K .......... .......... .......... .......... .......... 15.0M
  2700K .......... .......... .......... .......... .......... 25.7M
  2750K .......... .......... .......... .......... .......... 21.8M
  2800K .......... .......... .......... .......... .......... 24.7M
  2850K .......... .......... .......... .......... .......... 26.0M
  2900K .......... .......... .......... .......... .......... 24.3M
  2950K .......... .......... .......... .......... .......... 25.8M
  3000K .......... .......... .......... .......... .......... 24.4M
  3050K .......... .......... .......... .......... .......... 28.4M
  3100K .......... .......... .......... .......... .......... 38.8M
  3150K .......... .......... .......... .......... .......... 28.2M
  3200K .......... .......... .......... .......... .......... 25.9M
  3250K .......... .......... .......... .......... .......... 25.7M
  3300K .......... .......... .......... .......... .......... 24.7M
  3350K .......... .......... .......... .......... .......... 22.6M
  3400K .......... .......... .......... .......... .......... 28.1M
  3450K .......... .......... .......... .......... .......... 23.0M
  3500K .......... .......... .......... .......... .......... 21.6M
  3550K .......... .......... .......... .......... .......... 25.9M
  3600K .......... .......... .......... .......... .......... 24.6M
  3650K .......... .......... .......... .......... .......... 24.5M
  3700K .......... .......... .......... .......... .......... 21.9M
  3750K .......... .......... .......... .......... .......... 4.74M
  3800K .......... .......... .......... .......... .......... 7.38M
  3850K .......... .......... .......... .......... .......... 34.9M
  3900K .......... .......... .......... .......... .......... 28.6M
  3950K .......... .......... .......... .......... .......... 24.4M
  4000K .......... .......... .......... .......... .......... 22.9M
  4050K .......... .......... .......... .......... .......... 27.8M
  4100K .......... .......... .......... .......... .......... 23.1M
  4150K .......... .......... .......... .......... .......... 22.8M
  4200K .......... .......... .......... .......... .......... 23.2M
  4250K .......... .......... .......... .......... .......... 24.4M
  4300K .......... .......... .......... .......... .......... 6.52M
  4350K .......... .......... .......... .......... .......... 9.75M
  4400K .......... .......... .......... .......... .......... 25.9M
  4450K .......... .......... .......... .......... .......... 19.6M
  4500K .......... .......... .......... .......... .......... 26.2M
  4550K .......... .......... .......... .......... .......... 24.4M
  4600K .......... .......... .......... .......... .......... 29.5M
  4650K .......... .......... .......... .......... .......... 30.3M
  4700K .......... .......... .......... .......... .......... 15.7M
  4750K .......... .......... .......... .......... .......... 27.8M
  4800K .......... .......... .......... .......... .......... 11.2M
  4850K .......... .......... .......... .......... .......... 19.7M
  4900K .......... .......... .......... .......... .......... 22.5M
  4950K .......... .......... .......... .......... .......... 17.0M
  5000K .......... .......... .......... .......... .......... 24.4M
  5050K .......... .......... .......... .......... .......... 21.7M
  5100K .......... .......... .......... .......... .......... 19.7M
  5150K .......... .......... .......... .......... .......... 8.61M
  5200K .......... .......... .......... .......... .......... 21.1M
  5250K .......... .......... .......... .......... .......... 26.3M
  5300K .......... .......... .......... .......... .......... 20.7M
  5350K .......... .......... .......... .......... .......... 6.66M
  5400K .......... .........                                   32.1M=0.4s

2018-07-05 16:30:10 (13.2 MB/s) - '/fmi/data/nowcasting/201807050700_fcst201807051300_pal_skandinavia_DOMAIN=SCAND2_Temperature.nc' saved [5549224]

Permission denied
Location: file ../../ncdump/nccopy.c; line 1429
--2018-07-05 16:30:10--  http://smartmet.fmi.fi/download?param=Temperature&producer=laps_skandinavia&format=netcdf&gridsize=579,342&starttime=201807050700&endtime=201807051300&timestep=60&bbox=4.00118791,50.00007491,42.99146951,72.99231333&projection=epsg:4326
Resolving smartmet.fmi.fi (smartmet.fmi.fi)... 193.166.221.21
Connecting to smartmet.fmi.fi (smartmet.fmi.fi)|193.166.221.21|:80... connected.
HTTP request sent, awaiting response... 200 OK
Length: unspecified [application/octet-stream]
Saving to: '/fmi/data/nowcasting/201807050700_endtime201807051300_laps_skandinavia_DOMAIN=SCAND2_Temperature.nc'

     0K .......... .......... .......... .......... ..........  215K
    50K .......... .......... .......... .......... ..........  650K
   100K .......... .......... .......... .......... ..........  659K
   150K .......... .......... .......... .......... ..........  963K
   200K .......... .......... .......... .......... ..........  606K
   250K .......... .......... .......... .......... .......... 4.03M
   300K .......... .......... .......... .......... ..........  640K
   350K .......... .......... .......... .......... ..........  878K
   400K .......... .......... .......... .......... ..........  566K
   450K .......... .......... .......... .......... .......... 8.51M
   500K .......... .......... .......... .......... ..........  711K
   550K .......... .......... .......... .......... ..........  760K
   600K .......... .......... .......... .......... ..........  564K
   650K .......... .......... .......... .......... ..........  815K
   700K .......... .......... .......... .......... .......... 7.94M
   750K .......... .......... .......... .......... ..........  561K
   800K .......... .......... .......... .......... ..........  719K
   850K .......... .......... .......... .......... ..........  686K
   900K .......... .......... .......... .......... ..........  537K
   950K .......... .......... .......... .......... .......... 3.23M
  1000K .......... .......... .......... .......... ..........  623K
  1050K .......... .......... .......... .......... ..........  727K
  1100K .......... .......... .......... .......... ..........  553K
  1150K .......... .......... .......... .......... ..........  817K
  1200K .......... .......... .......... .......... .......... 1021K
  1250K .......... .......... .......... .......... ..........  688K
  1300K .......... .......... .......... .......... ..........  579K
  1350K .......... .......... .......... .......... ..........  622K
  1400K .......... .......... .......... .......... .......... 1.24M
  1450K .......... .......... .......... .......... ..........  553K
  1500K .......... .......... .......... .......... ..........  693K
  1550K .......... .......... .......... .......... ..........  582K
  1600K .......... .......... .......... .......... ..........  603K
  1650K .......... .......... .......... .......... .......... 1.21M
  1700K .......... .......... .......... .......... ..........  610K
  1750K .......... .......... .......... .......... ..........  736K
  1800K .......... .......... .......... .......... ..........  581K
  1850K .......... .......... .......... .......... ..........  632K
  1900K .......... .......... .......... .......... .......... 1.08M
  1950K .......... .......... .......... .......... ..........  709K
  2000K .......... .......... .......... .......... ..........  655K
  2050K .......... .......... .......... .......... ..........  637K
  2100K .......... .......... .......... .......... ..........  595K
  2150K .......... .......... .......... .......... .......... 1000K
  2200K .......... .......... .......... .......... ..........  633K
  2250K .......... .......... .......... .......... ..........  647K
  2300K .......... .......... .......... .......... ..........  631K
  2350K .......... .......... .......... .......... ..........  606K
  2400K .......... .......... .......... .......... .......... 1.05M
  2450K .......... .......... .......... .......... ..........  627K
  2500K .......... .......... .......... .......... ..........  636K
  2550K .......... .......... .......... .......... ..........  661K
  2600K .......... .......... .......... .......... .......... 1.37M
  2650K .......... .......... .......... .......... ..........  603K
  2700K .......... .......... .......... .......... ..........  601K
  2750K .......... .......... .......... .......... ..........  559K
  2800K .......... .......... .......... .......... ..........  696K
  2850K .......... .......... .......... .......... .......... 1.34M
  2900K .......... .......... .......... .......... ..........  602K
  2950K .......... .......... .......... .......... ..........  591K
  3000K .......... .......... .......... .......... ..........  598K
  3050K .......... .......... .......... .......... ..........  614K
  3100K .......... .......... .......... .......... .......... 1.46M
  3150K .......... .......... .......... .......... ..........  614K
  3200K .......... .......... .......... .......... ..........  633K
  3250K .......... .......... .......... .......... ..........  621K
  3300K .......... .......... .......... .......... .......... 1.26M
  3350K .......... .......... .......... .......... ..........  593K
  3400K .......... .......... .......... .......... ..........  639K
  3450K .......... .......... .......... .......... ..........  580K
  3500K .......... .......... .......... .......... ..........  560K
  3550K .......... .......... .......... .......... .......... 1.34M
  3600K .......... .......... .......... .......... ..........  627K
  3650K .......... .......... .......... .......... ..........  632K
  3700K .......... .......... .......... .......... ..........  594K
  3750K .......... .......... .......... .......... ..........  599K
  3800K .......... .......... .......... .......... .......... 1.20M
  3850K .......... .......... .......... .......... ..........  570K
  3900K .......... .......... .......... .......... ..........  704K
  3950K .......... .......... .......... .......... ..........  537K
  4000K .......... .......... .......... .......... ..........  606K
  4050K .......... .......... .......... .......... .......... 1.36M
  4100K .......... .......... .......... .......... ..........  676K
  4150K .......... .......... .......... .......... ..........  546K
  4200K .......... .......... .......... .......... ..........  596K
  4250K .......... .......... .......... .......... ..........  756K
  4300K .......... .......... .......... .......... .......... 1.58M
  4350K .......... .......... .......... .......... ..........  902K
  4400K .......... .......... .......... .......... ..........  894K
  4450K .......... .......... .......... .......... .......... 1.46M
  4500K .......... .......... .......... .......... ..........  786K
  4550K .......... .......... .......... .......... .......... 1.88M
  4600K .......... .......... .......... .......... .......... 1.21M
  4650K .......... .......... .......... .......... .......... 9.56M
  4700K .......... .......... .......... .......... .......... 2.03M
  4750K .......... .......... .......... .......... .......... 15.7M
  4800K .......... .......... .......... .......... .......... 3.46M
  4850K .......... .......... .......... .......... .......... 9.09M
  4900K .......... .......... .......... .......... .......... 18.5M
  4950K .......... .......... .......... .......... .......... 24.3M
  5000K .......... .......... .......... .......... .......... 27.8M
  5050K .......... .......... .......... .......... .......... 3.24M
  5100K .......... .......... .......... .......... .......... 1.45M
  5150K .......... .......... .......... .......... .......... 1.92M
  5200K .......... .......... .......... .......... .......... 5.54M
  5250K .......... .......... .......... .......... .......... 21.8M
  5300K .......... .......... .......... .......... .......... 18.7M
  5350K .......... .......... .......... .......... .......... 17.6M
  5400K .......... .........                                   26.7M=6.6s

2018-07-05 16:30:18 (816 KB/s) - '/fmi/data/nowcasting/201807050700_endtime201807051300_laps_skandinavia_DOMAIN=SCAND2_Temperature.nc' saved [5549224]

Permission denied
Location: file ../../ncdump/nccopy.c; line 1429
./run.sh: line 189: --mode: command not found

