/fmi/data/nowcasting/
/fmi/dev/products/cache/nowcasting/
201807060900
201807061500
201807060300
--2018-07-06 12:47:11--  http://smartmet.fmi.fi/download?param=Pressure&producer=pal_skandinavia&format=netcdf&starttime=201807060300&endtime=201807060900&timestep=60&bbox=4.00118791,50.00007491,42.99146951,72.99231333&projection=epsg:4326
Resolving smartmet.fmi.fi (smartmet.fmi.fi)... 193.166.221.21
Connecting to smartmet.fmi.fi (smartmet.fmi.fi)|193.166.221.21|:80... connected.
HTTP request sent, awaiting response... 200 OK
Length: unspecified [application/octet-stream]
Saving to: '/fmi/data/nowcasting/201807060300_fcst201807060900_pal_skandinavia_DOMAIN=SCAND2_Pressure.nc'

     0K .......... .......... .......... .......... .......... 19.2M
    50K .......... .......... .......... .......... .......... 30.0M
   100K .......... .......... .......... .......... .......... 22.7M
   150K .......... .......... .......... .......... .......... 20.8M
   200K .......... .......... .......... .......... .......... 12.6M
   250K .......... .......... .......... .......... .......... 15.9M
   300K .......... .......... .......... .......... .......... 19.9M
   350K .......... .......... .......... .......... .......... 18.7M
   400K .......... .......... .......... .......... .......... 23.5M
   450K .......... .......... .......... .......... .......... 25.3M
   500K .......... .......... .......... .......... .......... 25.3M
   550K .......... .......... .......... .......... .......... 17.5M
   600K .......... .......... .......... .......... .......... 15.2M
   650K .......... .......... .......... .......... .......... 12.5M
   700K .......... .......... .......... .......... .......... 11.9M
   750K .......... .......... .......... .......... .......... 21.3M
   800K .......... .......... .......... .......... .......... 26.9M
   850K .......... .......... .......... .......... .......... 22.3M
   900K .......... .......... .......... .......... .......... 23.7M
   950K .......... .......... .......... .......... .......... 21.4M
  1000K .......... .......... .......... .......... .......... 20.9M
  1050K .......... .......... .......... .......... .......... 19.6M
  1100K .......... .......... .......... .......... .......... 13.8M
  1150K .......... .......... .......... .......... .......... 19.0M
  1200K .......... .......... .......... .......... .......... 14.9M
  1250K .......... .......... .......... .......... .......... 18.2M
  1300K .......... .......... .......... .......... .......... 24.8M
  1350K .......... .......... .......... .......... .......... 25.2M
  1400K .......... .......... .......... .......... .......... 21.2M
  1450K .......... .......... .......... .......... .......... 20.0M
  1500K .......... .......... .......... .......... .......... 22.6M
  1550K .......... .......... .......... .......... .......... 22.1M
  1600K .......... .......... .......... .......... .......... 21.3M
  1650K .......... .......... .......... .......... .......... 17.3M
  1700K .......... .......... .......... .......... .......... 14.3M
  1750K .......... .......... .......... .......... .......... 26.5M
  1800K .......... .......... .......... .......... .......... 24.7M
  1850K .......... .......... .......... .......... .......... 23.0M
  1900K .......... .......... .......... .......... .......... 24.5M
  1950K .......... .......... .......... .......... .......... 20.6M
  2000K .......... .......... .......... .......... .......... 17.0M
  2050K .......... .......... .......... .......... .......... 16.7M
  2100K .......... .......... .......... .......... .......... 20.5M
  2150K .......... .......... .......... .......... .......... 17.9M
  2200K .......... .......... .......... .......... .......... 15.6M
  2250K .......... .......... .......... .......... .......... 19.5M
  2300K .......... .......... .......... .......... .......... 29.1M
  2350K .......... .......... .......... .......... .......... 32.0M
  2400K .......... .......... .......... .......... .......... 22.9M
  2450K .......... .......... .......... .......... .......... 20.8M
  2500K .......... .......... .......... .......... .......... 18.7M
  2550K .......... .......... .......... .......... .......... 19.9M
  2600K .......... .......... .......... .......... .......... 18.8M
  2650K .......... .......... .......... .......... .......... 16.9M
  2700K .......... .......... .......... .......... .......... 18.5M
  2750K .......... .......... .......... .......... .......... 17.7M
  2800K .......... .......... .......... .......... .......... 22.0M
  2850K .......... .......... .......... .......... .......... 26.4M
  2900K .......... .......... .......... .......... .......... 20.8M
  2950K .......... .......... .......... .......... .......... 16.5M
  3000K .......... .......... .......... .......... .......... 20.5M
  3050K .......... .......... .......... .......... .......... 22.8M
  3100K .......... .......... .......... .......... .......... 28.1M
  3150K .......... .......... .......... .......... .......... 22.9M
  3200K .......... .......... .......... .......... .......... 20.8M
  3250K .......... .......... .......... .......... .......... 20.7M
  3300K .......... .......... .......... .......... .......... 23.0M
  3350K .......... .......... .......... .......... .......... 21.5M
  3400K .......... .......... .......... .......... .......... 26.4M
  3450K .......... .......... .......... .......... .......... 22.2M
  3500K .......... .......... .......... .......... .......... 16.3M
  3550K .......... .......... .......... .......... .......... 12.2M
  3600K .......... .......... .......... .......... .......... 10.5M
  3650K .......... .......... .......... .......... .......... 17.4M
  3700K .......... .......... .......... .......... .......... 19.7M
  3750K .......... .......... .......... .......... .......... 19.6M
  3800K .......... .......... .......... .......... .......... 25.2M
  3850K .......... .......... .......... .......... .......... 20.7M
  3900K .......... .......... .......... .......... .......... 24.4M
  3950K .......... .......... .......... .......... .......... 26.3M
  4000K .......... .......... .......... .......... .......... 21.0M
  4050K .......... .......... .......... .......... .......... 18.4M
  4100K .......... .......... .......... .......... .......... 21.1M
  4150K .......... .......... .......... .......... .......... 21.9M
  4200K .......... .......... .......... .......... .......... 19.8M
  4250K .......... .......... .......... .......... .......... 23.8M
  4300K .......... .......... .......... .......... .......... 23.6M
  4350K .......... .......... .......... .......... .......... 18.5M
  4400K .......... .......... .......... .......... .......... 20.7M
  4450K .......... .......... .......... .......... .......... 21.3M
  4500K .......... .......... .......... .......... .......... 18.9M
  4550K .......... .......... .......... .......... .......... 17.0M
  4600K .......... .......... .......... .......... .......... 24.6M
  4650K .......... .......... .......... .......... .......... 28.1M
  4700K .......... .......... .......... .......... .......... 17.8M
  4750K .......... .......... .......... .......... .......... 25.6M
  4800K .......... .......... .......... .......... .......... 24.5M
  4850K .......... .......... .......... .......... .......... 17.7M
  4900K .......... .......... .......... .......... .......... 19.8M
  4950K .......... .......... .......... .......... .......... 21.8M
  5000K .......... .......... .......... .......... .......... 18.6M
  5050K .......... .......... .......... .......... .......... 21.7M
  5100K .......... .......... .......... .......... .......... 16.9M
  5150K .......... .......... .......... .......... .......... 21.7M
  5200K .......... .......... .......... .......... .......... 22.9M
  5250K .......... .......... .......... .......... .......... 24.8M
  5300K .......... .......... .......... .......... .......... 18.6M
  5350K .......... .......... .......... .......... .......... 19.5M
  5400K .......... .........                                   30.6M=0.3s

2018-07-06 12:47:45 (20.0 MB/s) - '/fmi/data/nowcasting/201807060300_fcst201807060900_pal_skandinavia_DOMAIN=SCAND2_Pressure.nc' saved [5549256]

--2018-07-06 12:47:45--  http://smartmet.fmi.fi/download?param=Pressure&producer=laps_skandinavia&format=netcdf&gridsize=579,342&starttime=201807060300&endtime=201807060900&timestep=60&bbox=4.00118791,50.00007491,42.99146951,72.99231333&projection=epsg:4326
Resolving smartmet.fmi.fi (smartmet.fmi.fi)... 193.166.221.21
Connecting to smartmet.fmi.fi (smartmet.fmi.fi)|193.166.221.21|:80... connected.
HTTP request sent, awaiting response... 200 OK
Length: unspecified [application/octet-stream]
Saving to: '/fmi/data/nowcasting/201807060300_endtime201807060900_laps_skandinavia_DOMAIN=SCAND2_Pressure.nc'

     0K .......... .......... .......... .......... .......... 23.1M
    50K .......... .......... .......... .......... .......... 28.0M
   100K .......... .......... .......... .......... .......... 21.4M
   150K .......... .......... .......... .......... .......... 21.0M
   200K .......... .......... .......... .......... .......... 21.6M
   250K .......... .......... .......... .......... .......... 22.9M
   300K .......... .......... .......... .......... .......... 19.7M
   350K .......... .......... .......... .......... .......... 22.0M
   400K .......... .......... .......... .......... .......... 23.2M
   450K .......... .......... .......... .......... .......... 25.6M
   500K .......... .......... .......... .......... .......... 18.1M
   550K .......... .......... .......... .......... .......... 20.5M
   600K .......... .......... .......... .......... .......... 21.8M
   650K .......... .......... .......... .......... .......... 20.3M
   700K .......... .......... .......... .......... .......... 19.3M
   750K .......... .......... .......... .......... .......... 29.4M
   800K .......... .......... .......... .......... .......... 30.1M
   850K .......... .......... .......... .......... .......... 26.3M
   900K .......... .......... .......... .......... .......... 24.7M
   950K .......... .......... .......... .......... .......... 24.1M
  1000K .......... .......... .......... .......... .......... 26.4M
  1050K .......... .......... .......... .......... .......... 28.0M
  1100K .......... .......... .......... .......... .......... 22.7M
  1150K .......... .......... .......... .......... .......... 18.8M
  1200K .......... .......... .......... .......... .......... 14.3M
  1250K .......... .......... .......... .......... .......... 26.3M
  1300K .......... .......... .......... .......... .......... 23.2M
  1350K .......... .......... .......... .......... .......... 20.5M
  1400K .......... .......... .......... .......... .......... 21.8M
  1450K .......... .......... .......... .......... .......... 22.9M
  1500K .......... .......... .......... .......... .......... 23.1M
  1550K .......... .......... .......... .......... .......... 34.9M
  1600K .......... .......... .......... .......... .......... 23.4M
  1650K .......... .......... .......... .......... .......... 23.2M
  1700K .......... .......... .......... .......... .......... 22.5M
  1750K .......... .......... .......... .......... .......... 25.2M
  1800K .......... .......... .......... .......... .......... 24.3M
  1850K .......... .......... .......... .......... .......... 26.4M
  1900K .......... .......... .......... .......... .......... 26.0M
  1950K .......... .......... .......... .......... .......... 21.6M
  2000K .......... .......... .......... .......... .......... 15.9M
  2050K .......... .......... .......... .......... .......... 23.0M
  2100K .......... .......... .......... .......... .......... 23.9M
  2150K .......... .......... .......... .......... .......... 27.5M
  2200K .......... .......... .......... .......... .......... 21.3M
  2250K .......... .......... .......... .......... .......... 14.0M
  2300K .......... .......... .......... .......... .......... 30.9M
  2350K .......... .......... .......... .......... .......... 29.9M
  2400K .......... .......... .......... .......... .......... 24.7M
  2450K .......... .......... .......... .......... .......... 28.0M
  2500K .......... .......... .......... .......... .......... 21.7M
  2550K .......... .......... .......... .......... .......... 19.7M
  2600K .......... .......... .......... .......... .......... 22.8M
  2650K .......... .......... .......... .......... .......... 21.8M
  2700K .......... .......... .......... .......... .......... 24.5M
  2750K .......... .......... .......... .......... .......... 27.6M
  2800K .......... .......... .......... .......... .......... 24.4M
  2850K .......... .......... .......... .......... .......... 21.7M
  2900K .......... .......... .......... .......... .......... 21.9M
  2950K .......... .......... .......... .......... .......... 25.9M
  3000K .......... .......... .......... .......... .......... 24.7M
  3050K .......... .......... .......... .......... .......... 29.5M
  3100K .......... .......... .......... .......... .......... 28.4M
  3150K .......... .......... .......... .......... .......... 20.1M
  3200K .......... .......... .......... .......... .......... 19.2M
  3250K .......... .......... .......... .......... .......... 23.1M
  3300K .......... .......... .......... .......... .......... 21.4M
  3350K .......... .......... .......... .......... .......... 28.3M
  3400K .......... .......... .......... .......... .......... 24.2M
  3450K .......... .......... .......... .......... .......... 18.6M
  3500K .......... .......... .......... .......... .......... 20.6M
  3550K .......... .......... .......... .......... .......... 24.5M
  3600K .......... .......... .......... .......... .......... 24.7M
  3650K .......... .......... .......... .......... .......... 22.9M
  3700K .......... .......... .......... .......... .......... 21.8M
  3750K .......... .......... .......... .......... .......... 20.6M
  3800K .......... .......... .......... .......... .......... 19.9M
  3850K .......... .......... .......... .......... .......... 28.3M
  3900K .......... .......... .......... .......... .......... 31.8M
  3950K .......... .......... .......... .......... .......... 26.2M
  4000K .......... .......... .......... .......... .......... 24.8M
  4050K .......... .......... .......... .......... .......... 24.3M
  4100K .......... .......... .......... .......... .......... 23.0M
  4150K .......... .......... .......... .......... .......... 21.8M
  4200K .......... .......... .......... .......... .......... 18.5M
  4250K .......... .......... .......... .......... .......... 24.6M
  4300K .......... .......... .......... .......... .......... 20.6M
  4350K .......... .......... .......... .......... .......... 25.8M
  4400K .......... .......... .......... .......... .......... 20.7M
  4450K .......... .......... .......... .......... .......... 24.5M
  4500K .......... .......... .......... .......... .......... 24.3M
  4550K .......... .......... .......... .......... .......... 23.0M
  4600K .......... .......... .......... .......... .......... 18.7M
  4650K .......... .......... .......... .......... .......... 24.1M
  4700K .......... .......... .......... .......... .......... 18.9M
  4750K .......... .......... .......... .......... .......... 20.9M
  4800K .......... .......... .......... .......... .......... 20.4M
  4850K .......... .......... .......... .......... .......... 23.1M
  4900K .......... .......... .......... .......... .......... 29.4M
  4950K .......... .......... .......... .......... .......... 26.6M
  5000K .......... .......... .......... .......... .......... 20.6M
  5050K .......... .......... .......... .......... .......... 21.6M
  5100K .......... .......... .......... .......... .......... 16.0M
  5150K .......... .......... .......... .......... .......... 22.6M
  5200K .......... .......... .......... .......... .......... 22.0M
  5250K .......... .......... .......... .......... .......... 27.5M
  5300K .......... .......... .......... .......... .......... 26.5M
  5350K .......... .......... .......... .......... .......... 25.9M
  5400K .......... .........                                   30.7M=0.2s

2018-07-06 12:47:48 (22.9 MB/s) - '/fmi/data/nowcasting/201807060300_endtime201807060900_laps_skandinavia_DOMAIN=SCAND2_Pressure.nc' saved [5549256]

./run.sh: line 189: --mode: command not found

--2018-07-06 12:47:48--  http://smartmet.fmi.fi/download?param=Temperature&producer=pal_skandinavia&format=netcdf&starttime=201807060300&endtime=201807060900&timestep=60&bbox=4.00118791,50.00007491,42.99146951,72.99231333&projection=epsg:4326
Resolving smartmet.fmi.fi (smartmet.fmi.fi)... 193.166.221.21
Connecting to smartmet.fmi.fi (smartmet.fmi.fi)|193.166.221.21|:80... connected.
HTTP request sent, awaiting response... 200 OK
Length: unspecified [application/octet-stream]
Saving to: '/fmi/data/nowcasting/201807060300_fcst201807060900_pal_skandinavia_DOMAIN=SCAND2_Temperature.nc'

     0K .......... .......... .......... .......... .......... 4.82M
    50K .......... .......... .......... .......... .......... 9.99M
   100K .......... .......... .......... .......... .......... 7.02M
   150K .......... .......... .......... .......... .......... 8.54M
   200K .......... .......... .......... .......... .......... 2.88M
   250K .......... .......... .......... .......... .......... 9.71M
   300K .......... .......... .......... .......... .......... 5.21M
   350K .......... .......... .......... .......... .......... 7.86M
   400K .......... .......... .......... .......... .......... 7.62M
   450K .......... .......... .......... .......... .......... 16.0M
   500K .......... .......... .......... .......... .......... 5.53M
   550K .......... .......... .......... .......... .......... 9.78M
   600K .......... .......... .......... .......... .......... 17.9M
   650K .......... .......... .......... .......... .......... 15.0M
   700K .......... .......... .......... .......... .......... 4.00M
   750K .......... .......... .......... .......... .......... 9.75M
   800K .......... .......... .......... .......... .......... 27.6M
   850K .......... .......... .......... .......... .......... 21.8M
   900K .......... .......... .......... .......... .......... 9.10M
   950K .......... .......... .......... .......... .......... 5.30M
  1000K .......... .......... .......... .......... .......... 16.0M
  1050K .......... .......... .......... .......... .......... 26.2M
  1100K .......... .......... .......... .......... .......... 24.6M
  1150K .......... .......... .......... .......... .......... 26.2M
  1200K .......... .......... .......... .......... .......... 27.7M
  1250K .......... .......... .......... .......... .......... 24.6M
  1300K .......... .......... .......... .......... .......... 25.7M
  1350K .......... .......... .......... .......... .......... 23.2M
  1400K .......... .......... .......... .......... .......... 13.0M
  1450K .......... .......... .......... .......... .......... 21.8M
  1500K .......... .......... .......... .......... .......... 29.7M
  1550K .......... .......... .......... .......... .......... 38.8M
  1600K .......... .......... .......... .......... .......... 25.8M
  1650K .......... .......... .......... .......... .......... 15.9M
  1700K .......... .......... .......... .......... .......... 11.2M
  1750K .......... .......... .......... .......... .......... 25.0M
  1800K .......... .......... .......... .......... .......... 25.3M
  1850K .......... .......... .......... .......... .......... 25.9M
  1900K .......... .......... .......... .......... .......... 23.2M
  1950K .......... .......... .......... .......... .......... 22.1M
  2000K .......... .......... .......... .......... .......... 24.1M
  2050K .......... .......... .......... .......... .......... 26.5M
  2100K .......... .......... .......... .......... .......... 25.8M
  2150K .......... .......... .......... .......... .......... 21.6M
  2200K .......... .......... .......... .......... .......... 22.3M
  2250K .......... .......... .......... .......... .......... 22.7M
  2300K .......... .......... .......... .......... .......... 33.3M
  2350K .......... .......... .......... .......... .......... 29.3M
  2400K .......... .......... .......... .......... .......... 25.6M
  2450K .......... .......... .......... .......... .......... 23.9M
  2500K .......... .......... .......... .......... .......... 22.7M
  2550K .......... .......... .......... .......... .......... 28.0M
  2600K .......... .......... .......... .......... .......... 25.6M
  2650K .......... .......... .......... .......... .......... 24.5M
  2700K .......... .......... .......... .......... .......... 26.3M
  2750K .......... .......... .......... .......... .......... 25.9M
  2800K .......... .......... .......... .......... .......... 24.6M
  2850K .......... .......... .......... .......... .......... 25.9M
  2900K .......... .......... .......... .......... .......... 24.3M
  2950K .......... .......... .......... .......... .......... 26.3M
  3000K .......... .......... .......... .......... .......... 15.6M
  3050K .......... .......... .......... .......... .......... 27.8M
  3100K .......... .......... .......... .......... .......... 38.4M
  3150K .......... .......... .......... .......... .......... 28.1M
  3200K .......... .......... .......... .......... .......... 24.6M
  3250K .......... .......... .......... .......... .......... 30.0M
  3300K .......... .......... .......... .......... .......... 26.1M
  3350K .......... .......... .......... .......... .......... 24.8M
  3400K .......... .......... .......... .......... .......... 24.2M
  3450K .......... .......... .......... .......... .......... 22.4M
  3500K .......... .......... .......... .......... .......... 23.9M
  3550K .......... .......... .......... .......... .......... 10.0M
  3600K .......... .......... .......... .......... .......... 23.9M
  3650K .......... .......... .......... .......... .......... 18.7M
  3700K .......... .......... .......... .......... .......... 21.3M
  3750K .......... .......... .......... .......... .......... 20.2M
  3800K .......... .......... .......... .......... .......... 16.9M
  3850K .......... .......... .......... .......... .......... 20.6M
  3900K .......... .......... .......... .......... .......... 20.8M
  3950K .......... .......... .......... .......... .......... 17.0M
  4000K .......... .......... .......... .......... .......... 21.9M
  4050K .......... .......... .......... .......... .......... 24.6M
  4100K .......... .......... .......... .......... .......... 24.7M
  4150K .......... .......... .......... .......... .......... 22.1M
  4200K .......... .......... .......... .......... .......... 21.2M
  4250K .......... .......... .......... .......... .......... 24.6M
  4300K .......... .......... .......... .......... .......... 25.9M
  4350K .......... .......... .......... .......... .......... 23.1M
  4400K .......... .......... .......... .......... .......... 25.8M
  4450K .......... .......... .......... .......... .......... 24.7M
  4500K .......... .......... .......... .......... .......... 24.4M
  4550K .......... .......... .......... .......... .......... 22.3M
  4600K .......... .......... .......... .......... .......... 28.8M
  4650K .......... .......... .......... .......... .......... 34.1M
  4700K .......... .......... .......... .......... .......... 26.5M
  4750K .......... .......... .......... .......... .......... 25.8M
  4800K .......... .......... .......... .......... .......... 25.3M
  4850K .......... .......... .......... .......... .......... 25.8M
  4900K .......... .......... .......... .......... .......... 26.5M
  4950K .......... .......... .......... .......... .......... 20.8M
  5000K .......... .......... .......... .......... .......... 18.8M
  5050K .......... .......... .......... .......... .......... 10.2M
  5100K .......... .......... .......... .......... .......... 18.6M
  5150K .......... .......... .......... .......... .......... 23.0M
  5200K .......... .......... .......... .......... .......... 26.1M
  5250K .......... .......... .......... .......... .......... 20.9M
  5300K .......... .......... .......... .......... .......... 23.5M
  5350K .......... .......... .......... .......... .......... 24.0M
  5400K .......... .........                                   30.3M=0.3s

2018-07-06 12:47:49 (16.5 MB/s) - '/fmi/data/nowcasting/201807060300_fcst201807060900_pal_skandinavia_DOMAIN=SCAND2_Temperature.nc' saved [5549224]

--2018-07-06 12:47:49--  http://smartmet.fmi.fi/download?param=Temperature&producer=laps_skandinavia&format=netcdf&gridsize=579,342&starttime=201807060300&endtime=201807060900&timestep=60&bbox=4.00118791,50.00007491,42.99146951,72.99231333&projection=epsg:4326
Resolving smartmet.fmi.fi (smartmet.fmi.fi)... 193.166.221.21
Connecting to smartmet.fmi.fi (smartmet.fmi.fi)|193.166.221.21|:80... connected.
HTTP request sent, awaiting response... 200 OK
Length: unspecified [application/octet-stream]
Saving to: '/fmi/data/nowcasting/201807060300_endtime201807060900_laps_skandinavia_DOMAIN=SCAND2_Temperature.nc'

     0K .......... .......... .......... .......... .......... 15.6M
    50K .......... .......... .......... .......... .......... 24.5M
   100K .......... .......... .......... .......... .......... 21.5M
   150K .......... .......... .......... .......... .......... 23.2M
   200K .......... .......... .......... .......... .......... 25.8M
   250K .......... .......... .......... .......... .......... 24.7M
   300K .......... .......... .......... .......... .......... 23.0M
   350K .......... .......... .......... .......... .......... 19.5M
   400K .......... .......... .......... .......... .......... 22.2M
   450K .......... .......... .......... .......... .......... 19.5M
   500K .......... .......... .......... .......... .......... 26.1M
   550K .......... .......... .......... .......... .......... 22.9M
   600K .......... .......... .......... .......... .......... 20.5M
   650K .......... .......... .......... .......... .......... 23.0M
   700K .......... .......... .......... .......... .......... 22.9M
   750K .......... .......... .......... .......... .......... 24.0M
   800K .......... .......... .......... .......... .......... 26.6M
   850K .......... .......... .......... .......... .......... 24.6M
   900K .......... .......... .......... .......... .......... 27.6M
   950K .......... .......... .......... .......... .......... 26.4M
  1000K .......... .......... .......... .......... .......... 23.0M
  1050K .......... .......... .......... .......... .......... 14.9M
  1100K .......... .......... .......... .......... .......... 24.4M
  1150K .......... .......... .......... .......... .......... 24.5M
  1200K .......... .......... .......... .......... .......... 27.8M
  1250K .......... .......... .......... .......... .......... 22.0M
  1300K .......... .......... .......... .......... .......... 22.7M
  1350K .......... .......... .......... .......... .......... 20.6M
  1400K .......... .......... .......... .......... .......... 22.9M
  1450K .......... .......... .......... .......... .......... 28.2M
  1500K .......... .......... .......... .......... .......... 29.6M
  1550K .......... .......... .......... .......... .......... 32.9M
  1600K .......... .......... .......... .......... .......... 19.5M
  1650K .......... .......... .......... .......... .......... 17.9M
  1700K .......... .......... .......... .......... .......... 27.5M
  1750K .......... .......... .......... .......... .......... 21.4M
  1800K .......... .......... .......... .......... .......... 21.8M
  1850K .......... .......... .......... .......... .......... 23.0M
  1900K .......... .......... .......... .......... .......... 24.4M
  1950K .......... .......... .......... .......... .......... 28.1M
  2000K .......... .......... .......... .......... .......... 21.7M
  2050K .......... .......... .......... .......... .......... 22.0M
  2100K .......... .......... .......... .......... .......... 21.6M
  2150K .......... .......... .......... .......... .......... 26.3M
  2200K .......... .......... .......... .......... .......... 23.0M
  2250K .......... .......... .......... .......... .......... 27.6M
  2300K .......... .......... .......... .......... .......... 35.3M
  2350K .......... .......... .......... .......... .......... 26.4M
  2400K .......... .......... .......... .......... .......... 21.6M
  2450K .......... .......... .......... .......... .......... 17.7M
  2500K .......... .......... .......... .......... .......... 19.8M
  2550K .......... .......... .......... .......... .......... 24.1M
  2600K .......... .......... .......... .......... .......... 23.1M
  2650K .......... .......... .......... .......... .......... 24.3M
  2700K .......... .......... .......... .......... .......... 24.4M
  2750K .......... .......... .......... .......... .......... 18.0M
  2800K .......... .......... .......... .......... .......... 14.1M
  2850K .......... .......... .......... .......... .......... 21.9M
  2900K .......... .......... .......... .......... .......... 23.2M
  2950K .......... .......... .......... .......... .......... 24.6M
  3000K .......... .......... .......... .......... .......... 22.4M
  3050K .......... .......... .......... .......... .......... 23.2M
  3100K .......... .......... .......... .......... .......... 30.4M
  3150K .......... .......... .......... .......... .......... 27.8M
  3200K .......... .......... .......... .......... .......... 23.0M
  3250K .......... .......... .......... .......... .......... 21.8M
  3300K .......... .......... .......... .......... .......... 23.0M
  3350K .......... .......... .......... .......... .......... 22.6M
  3400K .......... .......... .......... .......... .......... 21.9M
  3450K .......... .......... .......... .......... .......... 20.8M
  3500K .......... .......... .......... .......... .......... 19.5M
  3550K .......... .......... .......... .......... .......... 21.9M
  3600K .......... .......... .......... .......... .......... 24.4M
  3650K .......... .......... .......... .......... .......... 27.9M
  3700K .......... .......... .......... .......... .......... 21.9M
  3750K .......... .......... .......... .......... .......... 21.0M
  3800K .......... .......... .......... .......... .......... 19.5M
  3850K .......... .......... .......... .......... .......... 32.6M
  3900K .......... .......... .......... .......... .......... 32.1M
  3950K .......... .......... .......... .......... .......... 18.8M
  4000K .......... .......... .......... .......... .......... 23.8M
  4050K .......... .......... .......... .......... .......... 25.2M
  4100K .......... .......... .......... .......... .......... 21.7M
  4150K .......... .......... .......... .......... .......... 14.5M
  4200K .......... .......... .......... .......... .......... 24.4M
  4250K .......... .......... .......... .......... .......... 24.5M
  4300K .......... .......... .......... .......... .......... 21.6M
  4350K .......... .......... .......... .......... .......... 24.4M
  4400K .......... .......... .......... .......... .......... 21.2M
  4450K .......... .......... .......... .......... .......... 18.3M
  4500K .......... .......... .......... .......... .......... 20.4M
  4550K .......... .......... .......... .......... .......... 23.0M
  4600K .......... .......... .......... .......... .......... 22.5M
  4650K .......... .......... .......... .......... .......... 29.1M
  4700K .......... .......... .......... .......... .......... 21.9M
  4750K .......... .......... .......... .......... .......... 22.9M
  4800K .......... .......... .......... .......... .......... 21.7M
  4850K .......... .......... .......... .......... .......... 23.0M
  4900K .......... .......... .......... .......... .......... 22.9M
  4950K .......... .......... .......... .......... .......... 24.6M
  5000K .......... .......... .......... .......... .......... 24.4M
  5050K .......... .......... .......... .......... .......... 21.6M
  5100K .......... .......... .......... .......... .......... 17.1M
  5150K .......... .......... .......... .......... .......... 20.6M
  5200K .......... .......... .......... .......... .......... 29.9M
  5250K .......... .......... .......... .......... .......... 24.3M
  5300K .......... .......... .......... .......... .......... 23.8M
  5350K .......... .......... .......... .......... .......... 29.2M
  5400K .......... .........                                   27.6M=0.2s

2018-07-06 12:47:50 (22.8 MB/s) - '/fmi/data/nowcasting/201807060300_endtime201807060900_laps_skandinavia_DOMAIN=SCAND2_Temperature.nc' saved [5549224]

./run.sh: line 189: --mode: command not found

