/fmi/data/nowcasting/
/fmi/dev/products/cache/nowcasting/
201807051300
201807051900
201807050700
--2018-07-05 16:15:08--  http://smartmet.fmi.fi/download?param=Pressure&producer=pal_skandinavia&format=netcdf&starttime=201807050700&endtime=201807051300&timestep=60&bbox=4.00118791,50.00007491,42.99146951,72.99231333&projection=epsg:4326
Resolving smartmet.fmi.fi (smartmet.fmi.fi)... 193.166.221.21
Connecting to smartmet.fmi.fi (smartmet.fmi.fi)|193.166.221.21|:80... connected.
HTTP request sent, awaiting response... 200 OK
Length: unspecified [application/octet-stream]
Saving to: '/fmi/data/nowcasting/201807050700_fcst201807051300_pal_skandinavia_DOMAIN=SCAND2_Pressure.nc'

     0K .......... .......... .......... .......... .......... 24.4M
    50K .......... .......... .......... .......... .......... 22.0M
   100K .......... .......... .......... .......... .......... 19.5M
   150K .......... .......... .......... .......... .......... 20.4M
   200K .......... .......... .......... .......... .......... 16.1M
   250K .......... .......... .......... .......... .......... 24.7M
   300K .......... .......... .......... .......... .......... 22.4M
   350K .......... .......... .......... .......... .......... 23.4M
   400K .......... .......... .......... .......... .......... 28.7M
   450K .......... .......... .......... .......... .......... 24.3M
   500K .......... .......... .......... .......... .......... 23.2M
   550K .......... .......... .......... .......... .......... 22.6M
   600K .......... .......... .......... .......... .......... 24.6M
   650K .......... .......... .......... .......... .......... 24.5M
   700K .......... .......... .......... .......... .......... 28.2M
   750K .......... .......... .......... .......... .......... 32.0M
   800K .......... .......... .......... .......... .......... 35.4M
   850K .......... .......... .......... .......... .......... 31.8M
   900K .......... .......... .......... .......... .......... 28.1M
   950K .......... .......... .......... .......... .......... 27.0M
  1000K .......... .......... .......... .......... .......... 27.4M
  1050K .......... .......... .......... .......... .......... 26.5M
  1100K .......... .......... .......... .......... .......... 28.0M
  1150K .......... .......... .......... .......... .......... 28.1M
  1200K .......... .......... .......... .......... .......... 27.7M
  1250K .......... .......... .......... .......... .......... 26.1M
  1300K .......... .......... .......... .......... .......... 26.1M
  1350K .......... .......... .......... .......... .......... 27.8M
  1400K .......... .......... .......... .......... .......... 28.0M
  1450K .......... .......... .......... .......... .......... 23.6M
  1500K .......... .......... .......... .......... .......... 31.6M
  1550K .......... .......... .......... .......... .......... 33.5M
  1600K .......... .......... .......... .......... .......... 29.9M
  1650K .......... .......... .......... .......... .......... 28.1M
  1700K .......... .......... .......... .......... .......... 27.9M
  1750K .......... .......... .......... .......... .......... 26.1M
  1800K .......... .......... .......... .......... .......... 27.9M
  1850K .......... .......... .......... .......... .......... 27.9M
  1900K .......... .......... .......... .......... .......... 27.9M
  1950K .......... .......... .......... .......... .......... 27.2M
  2000K .......... .......... .......... .......... .......... 26.8M
  2050K .......... .......... .......... .......... .......... 26.3M
  2100K .......... .......... .......... .......... .......... 27.7M
  2150K .......... .......... .......... .......... .......... 23.4M
  2200K .......... .......... .......... .......... .......... 25.8M
  2250K .......... .......... .......... .......... .......... 21.6M
  2300K .......... .......... .......... .......... .......... 33.1M
  2350K .......... .......... .......... .......... .......... 33.1M
  2400K .......... .......... .......... .......... .......... 30.1M
  2450K .......... .......... .......... .......... .......... 27.8M
  2500K .......... .......... .......... .......... .......... 28.0M
  2550K .......... .......... .......... .......... .......... 27.9M
  2600K .......... .......... .......... .......... .......... 26.1M
  2650K .......... .......... .......... .......... .......... 20.4M
  2700K .......... .......... .......... .......... .......... 25.0M
  2750K .......... .......... .......... .......... .......... 27.1M
  2800K .......... .......... .......... .......... .......... 28.4M
  2850K .......... .......... .......... .......... .......... 26.2M
  2900K .......... .......... .......... .......... .......... 21.8M
  2950K .......... .......... .......... .......... .......... 32.2M
  3000K .......... .......... .......... .......... .......... 26.0M
  3050K .......... .......... .......... .......... .......... 32.3M
  3100K .......... .......... .......... .......... .......... 39.1M
  3150K .......... .......... .......... .......... .......... 30.7M
  3200K .......... .......... .......... .......... .......... 29.7M
  3250K .......... .......... .......... .......... .......... 17.7M
  3300K .......... .......... .......... .......... .......... 28.0M
  3350K .......... .......... .......... .......... .......... 28.1M
  3400K .......... .......... .......... .......... .......... 28.0M
  3450K .......... .......... .......... .......... .......... 24.5M
  3500K .......... .......... .......... .......... .......... 29.9M
  3550K .......... .......... .......... .......... .......... 27.7M
  3600K .......... .......... .......... .......... .......... 28.4M
  3650K .......... .......... .......... .......... .......... 25.9M
  3700K .......... .......... .......... .......... .......... 25.6M
  3750K .......... .......... .......... .......... .......... 26.7M
  3800K .......... .......... .......... .......... .......... 26.1M
  3850K .......... .......... .......... .......... .......... 35.6M
  3900K .......... .......... .......... .......... .......... 30.4M
  3950K .......... .......... .......... .......... .......... 28.0M
  4000K .......... .......... .......... .......... .......... 27.5M
  4050K .......... .......... .......... .......... .......... 24.6M
  4100K .......... .......... .......... .......... .......... 23.1M
  4150K .......... .......... .......... .......... .......... 26.1M
  4200K .......... .......... .......... .......... .......... 27.9M
  4250K .......... .......... .......... .......... .......... 26.0M
  4300K .......... .......... .......... .......... .......... 24.9M
  4350K .......... .......... .......... .......... .......... 29.4M
  4400K .......... .......... .......... .......... .......... 24.7M
  4450K .......... .......... .......... .......... .......... 24.3M
  4500K .......... .......... .......... .......... .......... 24.4M
  4550K .......... .......... .......... .......... .......... 26.2M
  4600K .......... .......... .......... .......... .......... 35.6M
  4650K .......... .......... .......... .......... .......... 18.3M
  4700K .......... .......... .......... .......... .......... 26.5M
  4750K .......... .......... .......... .......... .......... 29.0M
  4800K .......... .......... .......... .......... .......... 26.1M
  4850K .......... .......... .......... .......... .......... 28.2M
  4900K .......... .......... .......... .......... .......... 26.1M
  4950K .......... .......... .......... .......... .......... 26.1M
  5000K .......... .......... .......... .......... .......... 29.9M
  5050K .......... .......... .......... .......... .......... 26.2M
  5100K .......... .......... .......... .......... .......... 27.9M
  5150K .......... .......... .......... .......... .......... 24.6M
  5200K .......... .......... .......... .......... .......... 27.5M
  5250K .......... .......... .......... .......... .......... 27.9M
  5300K .......... .......... .......... .......... .......... 28.4M
  5350K .......... .......... .......... .......... .......... 27.7M
  5400K .......... .........                                   29.4M=0.2s

2018-07-05 16:15:27 (26.5 MB/s) - '/fmi/data/nowcasting/201807050700_fcst201807051300_pal_skandinavia_DOMAIN=SCAND2_Pressure.nc' saved [5549256]

Permission denied
Location: file ../../ncdump/nccopy.c; line 1429
--2018-07-05 16:15:27--  http://smartmet.fmi.fi/download?param=Pressure&producer=laps_skandinavia&format=netcdf&gridsize=579,342&starttime=201807050700&endtime=201807051300&timestep=60&bbox=4.00118791,50.00007491,42.99146951,72.99231333&projection=epsg:4326
Resolving smartmet.fmi.fi (smartmet.fmi.fi)... 193.166.221.21
Connecting to smartmet.fmi.fi (smartmet.fmi.fi)|193.166.221.21|:80... connected.
HTTP request sent, awaiting response... 200 OK
Length: unspecified [application/octet-stream]
Saving to: '/fmi/data/nowcasting/201807050700_endtime201807051300_laps_skandinavia_DOMAIN=SCAND2_Pressure.nc'

     0K .......... .......... .......... .......... .......... 7.23M
    50K .......... .......... .......... .......... .......... 20.2M
   100K .......... .......... .......... .......... .......... 23.0M
   150K .......... .......... .......... .......... .......... 24.2M
   200K .......... .......... .......... .......... .......... 28.4M
   250K .......... .......... .......... .......... .......... 26.1M
   300K .......... .......... .......... .......... .......... 21.5M
   350K .......... .......... .......... .......... .......... 19.4M
   400K .......... .......... .......... .......... .......... 20.8M
   450K .......... .......... .......... .......... .......... 19.5M
   500K .......... .......... .......... .......... .......... 23.0M
   550K .......... .......... .......... .......... .......... 20.7M
   600K .......... .......... .......... .......... .......... 20.5M
   650K .......... .......... .......... .......... .......... 15.5M
   700K .......... .......... .......... .......... .......... 24.7M
   750K .......... .......... .......... .......... .......... 29.8M
   800K .......... .......... .......... .......... .......... 30.6M
   850K .......... .......... .......... .......... .......... 24.2M
   900K .......... .......... .......... .......... .......... 23.0M
   950K .......... .......... .......... .......... .......... 21.7M
  1000K .......... .......... .......... .......... .......... 18.7M
  1050K .......... .......... .......... .......... .......... 19.7M
  1100K .......... .......... .......... .......... .......... 22.7M
  1150K .......... .......... .......... .......... .......... 17.2M
  1200K .......... .......... .......... .......... .......... 21.8M
  1250K .......... .......... .......... .......... .......... 23.1M
  1300K .......... .......... .......... .......... .......... 21.4M
  1350K .......... .......... .......... .......... .......... 23.1M
  1400K .......... .......... .......... .......... .......... 21.7M
  1450K .......... .......... .......... .......... .......... 22.9M
  1500K .......... .......... .......... .......... .......... 25.9M
  1550K .......... .......... .......... .......... .......... 28.2M
  1600K .......... .......... .......... .......... .......... 22.9M
  1650K .......... .......... .......... .......... .......... 24.6M
  1700K .......... .......... .......... .......... .......... 23.0M
  1750K .......... .......... .......... .......... .......... 24.2M
  1800K .......... .......... .......... .......... .......... 22.9M
  1850K .......... .......... .......... .......... .......... 22.6M
  1900K .......... .......... .......... .......... .......... 23.2M
  1950K .......... .......... .......... .......... .......... 21.8M
  2000K .......... .......... .......... .......... .......... 20.7M
  2050K .......... .......... .......... .......... .......... 21.8M
  2100K .......... .......... .......... .......... .......... 19.0M
  2150K .......... .......... .......... .......... .......... 20.0M
  2200K .......... .......... .......... .......... .......... 21.4M
  2250K .......... .......... .......... .......... .......... 21.9M
  2300K .......... .......... .......... .......... .......... 28.0M
  2350K .......... .......... .......... .......... .......... 28.0M
  2400K .......... .......... .......... .......... .......... 24.5M
  2450K .......... .......... .......... .......... .......... 19.5M
  2500K .......... .......... .......... .......... .......... 22.9M
  2550K .......... .......... .......... .......... .......... 20.7M
  2600K .......... .......... .......... .......... .......... 24.2M
  2650K .......... .......... .......... .......... .......... 17.8M
  2700K .......... .......... .......... .......... .......... 20.6M
  2750K .......... .......... .......... .......... .......... 21.6M
  2800K .......... .......... .......... .......... .......... 22.9M
  2850K .......... .......... .......... .......... .......... 16.5M
  2900K .......... .......... .......... .......... .......... 14.6M
  2950K .......... .......... .......... .......... .......... 24.3M
  3000K .......... .......... .......... .......... .......... 24.3M
  3050K .......... .......... .......... .......... .......... 24.6M
  3100K .......... .......... .......... .......... .......... 32.0M
  3150K .......... .......... .......... .......... .......... 24.4M
  3200K .......... .......... .......... .......... .......... 23.0M
  3250K .......... .......... .......... .......... .......... 19.8M
  3300K .......... .......... .......... .......... .......... 19.5M
  3350K .......... .......... .......... .......... .......... 21.3M
  3400K .......... .......... .......... .......... .......... 25.9M
  3450K .......... .......... .......... .......... .......... 22.9M
  3500K .......... .......... .......... .......... .......... 21.8M
  3550K .......... .......... .......... .......... .......... 23.1M
  3600K .......... .......... .......... .......... .......... 22.9M
  3650K .......... .......... .......... .......... .......... 16.3M
  3700K .......... .......... .......... .......... .......... 24.3M
  3750K .......... .......... .......... .......... .......... 21.6M
  3800K .......... .......... .......... .......... .......... 21.9M
  3850K .......... .......... .......... .......... .......... 32.0M
  3900K .......... .......... .......... .......... .......... 26.2M
  3950K .......... .......... .......... .......... .......... 23.0M
  4000K .......... .......... .......... .......... .......... 23.0M
  4050K .......... .......... .......... .......... .......... 18.7M
  4100K .......... .......... .......... .......... .......... 22.7M
  4150K .......... .......... .......... .......... .......... 22.2M
  4200K .......... .......... .......... .......... .......... 24.1M
  4250K .......... .......... .......... .......... .......... 22.0M
  4300K .......... .......... .......... .......... .......... 27.5M
  4350K .......... .......... .......... .......... .......... 21.8M
  4400K .......... .......... .......... .......... .......... 21.8M
  4450K .......... .......... .......... .......... .......... 16.2M
  4500K .......... .......... .......... .......... .......... 22.1M
  4550K .......... .......... .......... .......... .......... 23.0M
  4600K .......... .......... .......... .......... .......... 25.7M
  4650K .......... .......... .......... .......... .......... 28.0M
  4700K .......... .......... .......... .......... .......... 32.4M
  4750K .......... .......... .......... .......... .......... 27.9M
  4800K .......... .......... .......... .......... .......... 28.3M
  4850K .......... .......... .......... .......... .......... 22.3M
  4900K .......... .......... .......... .......... .......... 30.7M
  4950K .......... .......... .......... .......... .......... 30.2M
  5000K .......... .......... .......... .......... .......... 10.3M
  5050K .......... .......... .......... .......... .......... 33.0M
  5100K .......... .......... .......... .......... .......... 32.6M
  5150K .......... .......... .......... .......... .......... 32.5M
  5200K .......... .......... .......... .......... .......... 30.1M
  5250K .......... .......... .......... .......... .......... 31.9M
  5300K .......... .......... .......... .......... .......... 22.9M
  5350K .......... .......... .......... .......... .......... 31.2M
  5400K .......... .........                                   36.9M=0.2s

2018-07-05 16:15:29 (22.2 MB/s) - '/fmi/data/nowcasting/201807050700_endtime201807051300_laps_skandinavia_DOMAIN=SCAND2_Pressure.nc' saved [5549256]

Permission denied
Location: file ../../ncdump/nccopy.c; line 1429
./run.sh: line 189: --mode: command not found

--2018-07-05 16:15:29--  http://smartmet.fmi.fi/download?param=Temperature&producer=pal_skandinavia&format=netcdf&starttime=201807050700&endtime=201807051300&timestep=60&bbox=4.00118791,50.00007491,42.99146951,72.99231333&projection=epsg:4326
Resolving smartmet.fmi.fi (smartmet.fmi.fi)... 193.166.221.21
Connecting to smartmet.fmi.fi (smartmet.fmi.fi)|193.166.221.21|:80... connected.
HTTP request sent, awaiting response... 200 OK
Length: unspecified [application/octet-stream]
Saving to: '/fmi/data/nowcasting/201807050700_fcst201807051300_pal_skandinavia_DOMAIN=SCAND2_Temperature.nc'

     0K .......... .......... .......... .......... .......... 15.7M
    50K .......... .......... .......... .......... .......... 17.6M
   100K .......... .......... .......... .......... .......... 24.3M
   150K .......... .......... .......... .......... .......... 24.3M
   200K .......... .......... .......... .......... .......... 21.9M
   250K .......... .......... .......... .......... .......... 21.7M
   300K .......... .......... .......... .......... .......... 17.8M
   350K .......... .......... .......... .......... .......... 23.2M
   400K .......... .......... .......... .......... .......... 24.4M
   450K .......... .......... .......... .......... .......... 18.7M
   500K .......... .......... .......... .......... .......... 22.5M
   550K .......... .......... .......... .......... .......... 22.1M
   600K .......... .......... .......... .......... .......... 19.7M
   650K .......... .......... .......... .......... .......... 22.8M
   700K .......... .......... .......... .......... .......... 15.1M
   750K .......... .......... .......... .......... .......... 18.6M
   800K .......... .......... .......... .......... .......... 14.5M
   850K .......... .......... .......... .......... .......... 16.2M
   900K .......... .......... .......... .......... .......... 17.0M
   950K .......... .......... .......... .......... .......... 11.2M
  1000K .......... .......... .......... .......... .......... 16.9M
  1050K .......... .......... .......... .......... .......... 24.5M
  1100K .......... .......... .......... .......... .......... 15.0M
  1150K .......... .......... .......... .......... .......... 13.9M
  1200K .......... .......... .......... .......... .......... 14.6M
  1250K .......... .......... .......... .......... .......... 15.0M
  1300K .......... .......... .......... .......... .......... 13.0M
  1350K .......... .......... .......... .......... .......... 11.1M
  1400K .......... .......... .......... .......... .......... 9.33M
  1450K .......... .......... .......... .......... .......... 6.32M
  1500K .......... .......... .......... .......... .......... 8.87M
  1550K .......... .......... .......... .......... .......... 15.7M
  1600K .......... .......... .......... .......... .......... 8.49M
  1650K .......... .......... .......... .......... .......... 5.50M
  1700K .......... .......... .......... .......... .......... 5.66M
  1750K .......... .......... .......... .......... .......... 4.82M
  1800K .......... .......... .......... .......... .......... 6.41M
  1850K .......... .......... .......... .......... .......... 3.76M
  1900K .......... .......... .......... .......... .......... 2.52M
  1950K .......... .......... .......... .......... .......... 11.1M
  2000K .......... .......... .......... .......... .......... 4.95M
  2050K .......... .......... .......... .......... .......... 7.11M
  2100K .......... .......... .......... .......... .......... 13.6M
  2150K .......... .......... .......... .......... .......... 17.9M
  2200K .......... .......... .......... .......... .......... 27.6M
  2250K .......... .......... .......... .......... .......... 17.0M
  2300K .......... .......... .......... .......... .......... 35.0M
  2350K .......... .......... .......... .......... .......... 33.2M
  2400K .......... .......... .......... .......... .......... 25.9M
  2450K .......... .......... .......... .......... .......... 20.5M
  2500K .......... .......... .......... .......... .......... 23.2M
  2550K .......... .......... .......... .......... .......... 24.9M
  2600K .......... .......... .......... .......... .......... 25.9M
  2650K .......... .......... .......... .......... .......... 10.6M
  2700K .......... .......... .......... .......... .......... 21.6M
  2750K .......... .......... .......... .......... .......... 16.4M
  2800K .......... .......... .......... .......... .......... 15.7M
  2850K .......... .......... .......... .......... .......... 29.5M
  2900K .......... .......... .......... .......... .......... 23.1M
  2950K .......... .......... .......... .......... .......... 24.4M
  3000K .......... .......... .......... .......... .......... 24.3M
  3050K .......... .......... .......... .......... .......... 26.2M
  3100K .......... .......... .......... .......... .......... 19.6M
  3150K .......... .......... .......... .......... .......... 22.9M
  3200K .......... .......... .......... .......... .......... 20.6M
  3250K .......... .......... .......... .......... .......... 15.7M
  3300K .......... .......... .......... .......... .......... 24.3M
  3350K .......... .......... .......... .......... .......... 23.1M
  3400K .......... .......... .......... .......... .......... 24.6M
  3450K .......... .......... .......... .......... .......... 24.2M
  3500K .......... .......... .......... .......... .......... 21.7M
  3550K .......... .......... .......... .......... .......... 15.1M
  3600K .......... .......... .......... .......... .......... 35.5M
  3650K .......... .......... .......... .......... .......... 23.0M
  3700K .......... .......... .......... .......... .......... 17.7M
  3750K .......... .......... .......... .......... .......... 13.3M
  3800K .......... .......... .......... .......... .......... 34.1M
  3850K .......... .......... .......... .......... .......... 26.3M
  3900K .......... .......... .......... .......... .......... 34.8M
  3950K .......... .......... .......... .......... .......... 26.4M
  4000K .......... .......... .......... .......... .......... 22.8M
  4050K .......... .......... .......... .......... .......... 19.6M
  4100K .......... .......... .......... .......... .......... 16.3M
  4150K .......... .......... .......... .......... .......... 19.5M
  4200K .......... .......... .......... .......... .......... 23.0M
  4250K .......... .......... .......... .......... .......... 24.4M
  4300K .......... .......... .......... .......... .......... 24.4M
  4350K .......... .......... .......... .......... .......... 11.7M
  4400K .......... .......... .......... .......... .......... 71.0M
  4450K .......... .......... .......... .......... .......... 23.0M
  4500K .......... .......... .......... .......... .......... 22.9M
  4550K .......... .......... .......... .......... .......... 26.1M
  4600K .......... .......... .......... .......... .......... 32.2M
  4650K .......... .......... .......... .......... .......... 35.8M
  4700K .......... .......... .......... .......... .......... 28.2M
  4750K .......... .......... .......... .......... .......... 16.8M
  4800K .......... .......... .......... .......... .......... 21.8M
  4850K .......... .......... .......... .......... .......... 15.7M
  4900K .......... .......... .......... .......... .......... 26.1M
  4950K .......... .......... .......... .......... .......... 26.2M
  5000K .......... .......... .......... .......... .......... 26.1M
  5050K .......... .......... .......... .......... .......... 24.2M
  5100K .......... .......... .......... .......... .......... 24.6M
  5150K .......... .......... .......... .......... .......... 20.7M
  5200K .......... .......... .......... .......... .......... 24.3M
  5250K .......... .......... .......... .......... .......... 16.4M
  5300K .......... .......... .......... .......... .......... 25.7M
  5350K .......... .......... .......... .......... .......... 24.7M
  5400K .......... .........                                   36.4M=0.3s

2018-07-05 16:15:46 (15.4 MB/s) - '/fmi/data/nowcasting/201807050700_fcst201807051300_pal_skandinavia_DOMAIN=SCAND2_Temperature.nc' saved [5549224]

Permission denied
Location: file ../../ncdump/nccopy.c; line 1429
--2018-07-05 16:15:46--  http://smartmet.fmi.fi/download?param=Temperature&producer=laps_skandinavia&format=netcdf&gridsize=579,342&starttime=201807050700&endtime=201807051300&timestep=60&bbox=4.00118791,50.00007491,42.99146951,72.99231333&projection=epsg:4326
Resolving smartmet.fmi.fi (smartmet.fmi.fi)... 193.166.221.21
Connecting to smartmet.fmi.fi (smartmet.fmi.fi)|193.166.221.21|:80... connected.
HTTP request sent, awaiting response... 200 OK
Length: unspecified [application/octet-stream]
Saving to: '/fmi/data/nowcasting/201807050700_endtime201807051300_laps_skandinavia_DOMAIN=SCAND2_Temperature.nc'

     0K .......... .......... .......... .......... .......... 37.4M
    50K .......... .......... .......... .......... .......... 28.0M
   100K .......... .......... .......... .......... .......... 22.9M
   150K .......... .......... .......... .......... .......... 23.2M
   200K .......... .......... .......... .......... .......... 26.0M
   250K .......... .......... .......... .......... .......... 23.0M
   300K .......... .......... .......... .......... .......... 21.8M
   350K .......... .......... .......... .......... .......... 24.1M
   400K .......... .......... .......... .......... .......... 23.1M
   450K .......... .......... .......... .......... .......... 26.1M
   500K .......... .......... .......... .......... .......... 24.6M
   550K .......... .......... .......... .......... .......... 21.8M
   600K .......... .......... .......... .......... .......... 25.9M
   650K .......... .......... .......... .......... .......... 24.4M
   700K .......... .......... .......... .......... .......... 29.8M
   750K .......... .......... .......... .......... .......... 35.3M
   800K .......... .......... .......... .......... .......... 30.4M
   850K .......... .......... .......... .......... .......... 26.1M
   900K .......... .......... .......... .......... .......... 13.1M
   950K .......... .......... .......... .......... .......... 77.0M
  1000K .......... .......... .......... .......... .......... 29.9M
  1050K .......... .......... .......... .......... .......... 24.4M
  1100K .......... .......... .......... .......... .......... 19.7M
  1150K .......... .......... .......... .......... .......... 24.4M
  1200K .......... .......... .......... .......... .......... 21.9M
  1250K .......... .......... .......... .......... .......... 24.0M
  1300K .......... .......... .......... .......... .......... 26.4M
  1350K .......... .......... .......... .......... .......... 15.6M
  1400K .......... .......... .......... .......... .......... 49.1M
  1450K .......... .......... .......... .......... .......... 28.1M
  1500K .......... .......... .......... .......... .......... 35.2M
  1550K .......... .......... .......... .......... .......... 38.7M
  1600K .......... .......... .......... .......... .......... 24.8M
  1650K .......... .......... .......... .......... .......... 23.0M
  1700K .......... .......... .......... .......... .......... 22.7M
  1750K .......... .......... .......... .......... .......... 28.0M
  1800K .......... .......... .......... .......... .......... 26.0M
  1850K .......... .......... .......... .......... .......... 24.8M
  1900K .......... .......... .......... .......... .......... 25.8M
  1950K .......... .......... .......... .......... .......... 19.4M
  2000K .......... .......... .......... .......... .......... 18.8M
  2050K .......... .......... .......... .......... .......... 24.2M
  2100K .......... .......... .......... .......... .......... 24.7M
  2150K .......... .......... .......... .......... .......... 25.9M
  2200K .......... .......... .......... .......... .......... 26.1M
  2250K .......... .......... .......... .......... .......... 28.1M
  2300K .......... .......... .......... .......... .......... 35.6M
  2350K .......... .......... .......... .......... .......... 29.7M
  2400K .......... .......... .......... .......... .......... 24.4M
  2450K .......... .......... .......... .......... .......... 24.5M
  2500K .......... .......... .......... .......... .......... 26.1M
  2550K .......... .......... .......... .......... .......... 25.9M
  2600K .......... .......... .......... .......... .......... 24.6M
  2650K .......... .......... .......... .......... .......... 22.9M
  2700K .......... .......... .......... .......... .......... 23.1M
  2750K .......... .......... .......... .......... .......... 23.1M
  2800K .......... .......... .......... .......... .......... 25.8M
  2850K .......... .......... .......... .......... .......... 15.2M
  2900K .......... .......... .......... .......... .......... 74.4M
  2950K .......... .......... .......... .......... .......... 26.3M
  3000K .......... .......... .......... .......... .......... 29.6M
  3050K .......... .......... .......... .......... .......... 32.1M
  3100K .......... .......... .......... .......... .......... 30.3M
  3150K .......... .......... .......... .......... .......... 28.3M
  3200K .......... .......... .......... .......... .......... 26.1M
  3250K .......... .......... .......... .......... .......... 25.8M
  3300K .......... .......... .......... .......... .......... 26.1M
  3350K .......... .......... .......... .......... .......... 23.2M
  3400K .......... .......... .......... .......... .......... 22.7M
  3450K .......... .......... .......... .......... .......... 24.6M
  3500K .......... .......... .......... .......... .......... 23.0M
  3550K .......... .......... .......... .......... .......... 26.0M
  3600K .......... .......... .......... .......... .......... 21.8M
  3650K .......... .......... .......... .......... .......... 24.2M
  3700K .......... .......... .......... .......... .......... 16.0M
  3750K .......... .......... .......... .......... .......... 52.1M
  3800K .......... .......... .......... .......... .......... 32.9M
  3850K .......... .......... .......... .......... .......... 35.0M
  3900K .......... .......... .......... .......... .......... 30.5M
  3950K .......... .......... .......... .......... .......... 24.5M
  4000K .......... .......... .......... .......... .......... 26.1M
  4050K .......... .......... .......... .......... .......... 22.7M
  4100K .......... .......... .......... .......... .......... 26.3M
  4150K .......... .......... .......... .......... .......... 25.8M
  4200K .......... .......... .......... .......... .......... 28.1M
  4250K .......... .......... .......... .......... .......... 22.0M
  4300K .......... .......... .......... .......... .......... 25.6M
  4350K .......... .......... .......... .......... .......... 23.1M
  4400K .......... .......... .......... .......... .......... 26.0M
  4450K .......... .......... .......... .......... .......... 20.7M
  4500K .......... .......... .......... .......... .......... 23.0M
  4550K .......... .......... .......... .......... .......... 20.4M
  4600K .......... .......... .......... .......... .......... 32.3M
  4650K .......... .......... .......... .......... .......... 35.6M
  4700K .......... .......... .......... .......... .......... 33.1M
  4750K .......... .......... .......... .......... .......... 39.1M
  4800K .......... .......... .......... .......... .......... 35.6M
  4850K .......... .......... .......... .......... .......... 32.3M
  4900K .......... .......... .......... .......... .......... 35.3M
  4950K .......... .......... .......... .......... .......... 38.8M
  5000K .......... .......... .......... .......... .......... 35.1M
  5050K .......... .......... .......... .......... .......... 36.3M
  5100K .......... .......... .......... .......... .......... 35.9M
  5150K .......... .......... .......... .......... .......... 38.8M
  5200K .......... .......... .......... .......... .......... 35.7M
  5250K .......... .......... .......... .......... .......... 35.7M
  5300K .......... .......... .......... .......... .......... 37.9M
  5350K .......... .......... .......... .......... .......... 30.6M
  5400K .......... .........                                   38.7M=0.2s

2018-07-05 16:15:47 (26.4 MB/s) - '/fmi/data/nowcasting/201807050700_endtime201807051300_laps_skandinavia_DOMAIN=SCAND2_Temperature.nc' saved [5549224]

Permission denied
Location: file ../../ncdump/nccopy.c; line 1429
./run.sh: line 189: --mode: command not found

