/fmi/data/nowcasting/
/fmi/dev/products/cache/nowcasting/
201807061000
201807061600
201807060400
--2018-07-06 13:02:13--  http://smartmet.fmi.fi/download?param=Pressure&producer=pal_skandinavia&format=netcdf&starttime=201807060400&endtime=201807061000&timestep=60&bbox=4.00118791,50.00007491,42.99146951,72.99231333&projection=epsg:4326
Resolving smartmet.fmi.fi (smartmet.fmi.fi)... 193.166.221.21
Connecting to smartmet.fmi.fi (smartmet.fmi.fi)|193.166.221.21|:80... connected.
HTTP request sent, awaiting response... 200 OK
Length: unspecified [application/octet-stream]
Saving to: '/fmi/data/nowcasting/201807060400_fcst201807061000_pal_skandinavia_DOMAIN=SCAND2_Pressure.nc'

     0K .......... .......... .......... .......... .......... 1.74M
    50K .......... .......... .......... .......... .......... 3.93M
   100K .......... .......... .......... .......... .......... 3.55M
   150K .......... .......... .......... .......... .......... 3.76M
   200K .......... .......... .......... .......... .......... 3.42M
   250K .......... .......... .......... .......... .......... 14.3M
   300K .......... .......... .......... .......... .......... 3.81M
   350K .......... .......... .......... .......... .......... 3.59M
   400K .......... .......... .......... .......... .......... 3.34M
   450K .......... .......... .......... .......... .......... 3.67M
   500K .......... .......... .......... .......... .......... 12.1M
   550K .......... .......... .......... .......... .......... 3.87M
   600K .......... .......... .......... .......... .......... 3.93M
   650K .......... .......... .......... .......... .......... 4.19M
   700K .......... .......... .......... .......... .......... 9.10M
   750K .......... .......... .......... .......... .......... 4.07M
   800K .......... .......... .......... .......... .......... 4.56M
   850K .......... .......... .......... .......... .......... 4.27M
   900K .......... .......... .......... .......... .......... 4.03M
   950K .......... .......... .......... .......... .......... 12.6M
  1000K .......... .......... .......... .......... .......... 4.77M
  1050K .......... .......... .......... .......... .......... 4.29M
  1100K .......... .......... .......... .......... .......... 4.88M
  1150K .......... .......... .......... .......... .......... 4.93M
  1200K .......... .......... .......... .......... .......... 10.1M
  1250K .......... .......... .......... .......... .......... 5.45M
  1300K .......... .......... .......... .......... .......... 4.70M
  1350K .......... .......... .......... .......... .......... 5.10M
  1400K .......... .......... .......... .......... .......... 5.38M
  1450K .......... .......... .......... .......... .......... 8.76M
  1500K .......... .......... .......... .......... .......... 5.22M
  1550K .......... .......... .......... .......... .......... 6.53M
  1600K .......... .......... .......... .......... .......... 5.19M
  1650K .......... .......... .......... .......... .......... 4.83M
  1700K .......... .......... .......... .......... .......... 9.40M
  1750K .......... .......... .......... .......... .......... 5.46M
  1800K .......... .......... .......... .......... .......... 5.19M
  1850K .......... .......... .......... .......... .......... 5.06M
  1900K .......... .......... .......... .......... .......... 9.32M
  1950K .......... .......... .......... .......... .......... 5.65M
  2000K .......... .......... .......... .......... .......... 5.93M
  2050K .......... .......... .......... .......... .......... 4.71M
  2100K .......... .......... .......... .......... .......... 5.08M
  2150K .......... .......... .......... .......... .......... 10.2M
  2200K .......... .......... .......... .......... .......... 5.36M
  2250K .......... .......... .......... .......... .......... 5.43M
  2300K .......... .......... .......... .......... .......... 5.50M
  2350K .......... .......... .......... .......... .......... 6.47M
  2400K .......... .......... .......... .......... .......... 10.7M
  2450K .......... .......... .......... .......... .......... 4.55M
  2500K .......... .......... .......... .......... .......... 4.87M
  2550K .......... .......... .......... .......... .......... 6.10M
  2600K .......... .......... .......... .......... .......... 5.56M
  2650K .......... .......... .......... .......... .......... 9.72M
  2700K .......... .......... .......... .......... .......... 5.18M
  2750K .......... .......... .......... .......... .......... 5.62M
  2800K .......... .......... .......... .......... .......... 5.82M
  2850K .......... .......... .......... .......... .......... 9.73M
  2900K .......... .......... .......... .......... .......... 5.68M
  2950K .......... .......... .......... .......... .......... 5.49M
  3000K .......... .......... .......... .......... .......... 6.51M
  3050K .......... .......... .......... .......... .......... 5.74M
  3100K .......... .......... .......... .......... .......... 14.6M
  3150K .......... .......... .......... .......... .......... 5.56M
  3200K .......... .......... .......... .......... .......... 6.35M
  3250K .......... .......... .......... .......... .......... 6.24M
  3300K .......... .......... .......... .......... .......... 5.69M
  3350K .......... .......... .......... .......... .......... 9.25M
  3400K .......... .......... .......... .......... .......... 4.91M
  3450K .......... .......... .......... .......... .......... 3.82M
  3500K .......... .......... .......... .......... .......... 3.99M
  3550K .......... .......... .......... .......... .......... 2.40M
  3600K .......... .......... .......... .......... .......... 3.69M
  3650K .......... .......... .......... .......... .......... 1.39M
  3700K .......... .......... .......... .......... .......... 1.22M
  3750K .......... .......... .......... .......... .......... 8.19M
  3800K .......... .......... .......... .......... .......... 11.3M
  3850K .......... .......... .......... .......... .......... 10.6M
  3900K .......... .......... .......... .......... .......... 4.07M
  3950K .......... .......... .......... .......... .......... 4.07M
  4000K .......... .......... .......... .......... .......... 5.08M
  4050K .......... .......... .......... .......... .......... 13.2M
  4100K .......... .......... .......... .......... .......... 5.86M
  4150K .......... .......... .......... .......... .......... 4.83M
  4200K .......... .......... .......... .......... .......... 6.34M
  4250K .......... .......... .......... .......... .......... 6.55M
  4300K .......... .......... .......... .......... .......... 11.6M
  4350K .......... .......... .......... .......... .......... 5.38M
  4400K .......... .......... .......... .......... .......... 5.43M
  4450K .......... .......... .......... .......... .......... 5.74M
  4500K .......... .......... .......... .......... .......... 13.9M
  4550K .......... .......... .......... .......... .......... 6.28M
  4600K .......... .......... .......... .......... .......... 5.34M
  4650K .......... .......... .......... .......... .......... 6.22M
  4700K .......... .......... .......... .......... .......... 6.35M
  4750K .......... .......... .......... .......... .......... 10.7M
  4800K .......... .......... .......... .......... .......... 5.32M
  4850K .......... .......... .......... .......... .......... 6.10M
  4900K .......... .......... .......... .......... .......... 6.21M
  4950K .......... .......... .......... .......... .......... 6.20M
  5000K .......... .......... .......... .......... .......... 11.5M
  5050K .......... .......... .......... .......... .......... 6.04M
  5100K .......... .......... .......... .......... .......... 6.14M
  5150K .......... .......... .......... .......... .......... 6.34M
  5200K .......... .......... .......... .......... .......... 6.19M
  5250K .......... .......... .......... .......... .......... 11.7M
  5300K .......... .......... .......... .......... .......... 5.78M
  5350K .......... .......... .......... .......... .......... 5.86M
  5400K .......... .........                                   15.9M=1.0s

2018-07-06 13:02:36 (5.18 MB/s) - '/fmi/data/nowcasting/201807060400_fcst201807061000_pal_skandinavia_DOMAIN=SCAND2_Pressure.nc' saved [5549256]

--2018-07-06 13:02:37--  http://smartmet.fmi.fi/download?param=Pressure&producer=laps_skandinavia&format=netcdf&gridsize=579,342&starttime=201807060400&endtime=201807061000&timestep=60&bbox=4.00118791,50.00007491,42.99146951,72.99231333&projection=epsg:4326
Resolving smartmet.fmi.fi (smartmet.fmi.fi)... 193.166.221.21
Connecting to smartmet.fmi.fi (smartmet.fmi.fi)|193.166.221.21|:80... connected.
HTTP request sent, awaiting response... 200 OK
Length: unspecified [application/octet-stream]
Saving to: '/fmi/data/nowcasting/201807060400_endtime201807061000_laps_skandinavia_DOMAIN=SCAND2_Pressure.nc'

     0K .......... .......... .......... .......... .......... 15.7M
    50K .......... .......... .......... .......... .......... 31.2M
   100K .......... .......... .......... .......... .......... 21.9M
   150K .......... .......... .......... .......... .......... 24.8M
   200K .......... .......... .......... .......... .......... 18.9M
   250K .......... .......... .......... .......... .......... 10.3M
   300K .......... .......... .......... .......... .......... 18.1M
   350K .......... .......... .......... .......... .......... 20.9M
   400K .......... .......... .......... .......... .......... 19.5M
   450K .......... .......... .......... .......... .......... 18.3M
   500K .......... .......... .......... .......... .......... 18.1M
   550K .......... .......... .......... .......... .......... 20.8M
   600K .......... .......... .......... .......... .......... 22.1M
   650K .......... .......... .......... .......... .......... 19.6M
   700K .......... .......... .......... .......... .......... 13.3M
   750K .......... .......... .......... .......... .......... 21.1M
   800K .......... .......... .......... .......... .......... 30.2M
   850K .......... .......... .......... .......... .......... 25.9M
   900K .......... .......... .......... .......... .......... 23.2M
   950K .......... .......... .......... .......... .......... 19.1M
  1000K .......... .......... .......... .......... .......... 22.6M
  1050K .......... .......... .......... .......... .......... 24.7M
  1100K .......... .......... .......... .......... .......... 23.8M
  1150K .......... .......... .......... .......... .......... 24.6M
  1200K .......... .......... .......... .......... .......... 25.9M
  1250K .......... .......... .......... .......... .......... 26.0M
  1300K .......... .......... .......... .......... .......... 26.1M
  1350K .......... .......... .......... .......... .......... 23.0M
  1400K .......... .......... .......... .......... .......... 27.5M
  1450K .......... .......... .......... .......... .......... 26.3M
  1500K .......... .......... .......... .......... .......... 28.1M
  1550K .......... .......... .......... .......... .......... 39.0M
  1600K .......... .......... .......... .......... .......... 27.9M
  1650K .......... .......... .......... .......... .......... 26.0M
  1700K .......... .......... .......... .......... .......... 26.2M
  1750K .......... .......... .......... .......... .......... 25.1M
  1800K .......... .......... .......... .......... .......... 16.1M
  1850K .......... .......... .......... .......... .......... 25.4M
  1900K .......... .......... .......... .......... .......... 25.1M
  1950K .......... .......... .......... .......... .......... 23.0M
  2000K .......... .......... .......... .......... .......... 23.8M
  2050K .......... .......... .......... .......... .......... 25.8M
  2100K .......... .......... .......... .......... .......... 26.1M
  2150K .......... .......... .......... .......... .......... 24.6M
  2200K .......... .......... .......... .......... .......... 16.3M
  2250K .......... .......... .......... .......... .......... 24.6M
  2300K .......... .......... .......... .......... .......... 29.1M
  2350K .......... .......... .......... .......... .......... 31.2M
  2400K .......... .......... .......... .......... .......... 27.6M
  2450K .......... .......... .......... .......... .......... 18.0M
  2500K .......... .......... .......... .......... .......... 12.4M
  2550K .......... .......... .......... .......... .......... 23.9M
  2600K .......... .......... .......... .......... .......... 24.6M
  2650K .......... .......... .......... .......... .......... 24.3M
  2700K .......... .......... .......... .......... .......... 26.4M
  2750K .......... .......... .......... .......... .......... 22.9M
  2800K .......... .......... .......... .......... .......... 25.9M
  2850K .......... .......... .......... .......... .......... 26.6M
  2900K .......... .......... .......... .......... .......... 24.6M
  2950K .......... .......... .......... .......... .......... 25.9M
  3000K .......... .......... .......... .......... .......... 26.4M
  3050K .......... .......... .......... .......... .......... 24.4M
  3100K .......... .......... .......... .......... .......... 35.4M
  3150K .......... .......... .......... .......... .......... 25.7M
  3200K .......... .......... .......... .......... .......... 17.0M
  3250K .......... .......... .......... .......... .......... 22.3M
  3300K .......... .......... .......... .......... .......... 24.4M
  3350K .......... .......... .......... .......... .......... 21.8M
  3400K .......... .......... .......... .......... .......... 29.8M
  3450K .......... .......... .......... .......... .......... 22.9M
  3500K .......... .......... .......... .......... .......... 10.9M
  3550K .......... .......... .......... .......... .......... 23.4M
  3600K .......... .......... .......... .......... .......... 26.4M
  3650K .......... .......... .......... .......... .......... 25.4M
  3700K .......... .......... .......... .......... .......... 26.6M
  3750K .......... .......... .......... .......... .......... 23.5M
  3800K .......... .......... .......... .......... .......... 25.9M
  3850K .......... .......... .......... .......... .......... 32.6M
  3900K .......... .......... .......... .......... .......... 27.7M
  3950K .......... .......... .......... .......... .......... 26.0M
  4000K .......... .......... .......... .......... .......... 24.4M
  4050K .......... .......... .......... .......... .......... 24.1M
  4100K .......... .......... .......... .......... .......... 24.9M
  4150K .......... .......... .......... .......... .......... 21.6M
  4200K .......... .......... .......... .......... .......... 26.3M
  4250K .......... .......... .......... .......... .......... 23.0M
  4300K .......... .......... .......... .......... .......... 23.0M
  4350K .......... .......... .......... .......... .......... 25.0M
  4400K .......... .......... .......... .......... .......... 22.9M
  4450K .......... .......... .......... .......... .......... 22.7M
  4500K .......... .......... .......... .......... .......... 12.7M
  4550K .......... .......... .......... .......... .......... 18.8M
  4600K .......... .......... .......... .......... .......... 26.0M
  4650K .......... .......... .......... .......... .......... 32.7M
  4700K .......... .......... .......... .......... .......... 24.6M
  4750K .......... .......... .......... .......... .......... 28.2M
  4800K .......... .......... .......... .......... .......... 24.1M
  4850K .......... .......... .......... .......... .......... 30.7M
  4900K .......... .......... .......... .......... .......... 31.5M
  4950K .......... .......... .......... .......... .......... 26.3M
  5000K .......... .......... .......... .......... .......... 28.1M
  5050K .......... .......... .......... .......... .......... 29.9M
  5100K .......... .......... .......... .......... .......... 24.9M
  5150K .......... .......... .......... .......... .......... 27.7M
  5200K .......... .......... .......... .......... .......... 28.5M
  5250K .......... .......... .......... .......... .......... 26.0M
  5300K .......... .......... .......... .......... .......... 28.3M
  5350K .......... .......... .......... .......... .......... 25.4M
  5400K .......... .........                                   32.3M=0.2s

2018-07-06 13:02:39 (23.1 MB/s) - '/fmi/data/nowcasting/201807060400_endtime201807061000_laps_skandinavia_DOMAIN=SCAND2_Pressure.nc' saved [5549256]

./run.sh: line 189: --mode: command not found

--2018-07-06 13:02:39--  http://smartmet.fmi.fi/download?param=Temperature&producer=pal_skandinavia&format=netcdf&starttime=201807060400&endtime=201807061000&timestep=60&bbox=4.00118791,50.00007491,42.99146951,72.99231333&projection=epsg:4326
Resolving smartmet.fmi.fi (smartmet.fmi.fi)... 193.166.221.21
Connecting to smartmet.fmi.fi (smartmet.fmi.fi)|193.166.221.21|:80... connected.
HTTP request sent, awaiting response... 200 OK
Length: unspecified [application/octet-stream]
Saving to: '/fmi/data/nowcasting/201807060400_fcst201807061000_pal_skandinavia_DOMAIN=SCAND2_Temperature.nc'

     0K .......... .......... .......... .......... .......... 19.2M
    50K .......... .......... .......... .......... .......... 23.1M
   100K .......... .......... .......... .......... .......... 18.9M
   150K .......... .......... .......... .......... .......... 17.2M
   200K .......... .......... .......... .......... .......... 17.2M
   250K .......... .......... .......... .......... .......... 17.0M
   300K .......... .......... .......... .......... .......... 15.6M
   350K .......... .......... .......... .......... .......... 17.2M
   400K .......... .......... .......... .......... .......... 16.4M
   450K .......... .......... .......... .......... .......... 18.0M
   500K .......... .......... .......... .......... .......... 17.7M
   550K .......... .......... .......... .......... .......... 17.0M
   600K .......... .......... .......... .......... .......... 18.8M
   650K .......... .......... .......... .......... .......... 16.2M
   700K .......... .......... .......... .......... .......... 20.5M
   750K .......... .......... .......... .......... .......... 20.6M
   800K .......... .......... .......... .......... .......... 21.7M
   850K .......... .......... .......... .......... .......... 19.5M
   900K .......... .......... .......... .......... .......... 20.6M
   950K .......... .......... .......... .......... .......... 14.5M
  1000K .......... .......... .......... .......... .......... 18.0M
  1050K .......... .......... .......... .......... .......... 15.0M
  1100K .......... .......... .......... .......... .......... 15.1M
  1150K .......... .......... .......... .......... .......... 19.6M
  1200K .......... .......... .......... .......... .......... 13.7M
  1250K .......... .......... .......... .......... .......... 17.1M
  1300K .......... .......... .......... .......... .......... 16.3M
  1350K .......... .......... .......... .......... .......... 17.2M
  1400K .......... .......... .......... .......... .......... 17.5M
  1450K .......... .......... .......... .......... .......... 16.3M
  1500K .......... .......... .......... .......... .......... 19.6M
  1550K .......... .......... .......... .......... .......... 24.4M
  1600K .......... .......... .......... .......... .......... 24.8M
  1650K .......... .......... .......... .......... .......... 15.0M
  1700K .......... .......... .......... .......... .......... 14.0M
  1750K .......... .......... .......... .......... .......... 12.9M
  1800K .......... .......... .......... .......... .......... 19.4M
  1850K .......... .......... .......... .......... .......... 21.8M
  1900K .......... .......... .......... .......... .......... 17.0M
  1950K .......... .......... .......... .......... .......... 18.6M
  2000K .......... .......... .......... .......... .......... 17.0M
  2050K .......... .......... .......... .......... .......... 17.0M
  2100K .......... .......... .......... .......... .......... 20.5M
  2150K .......... .......... .......... .......... .......... 17.8M
  2200K .......... .......... .......... .......... .......... 17.8M
  2250K .......... .......... .......... .......... .......... 18.9M
  2300K .......... .......... .......... .......... .......... 25.8M
  2350K .......... .......... .......... .......... .......... 24.7M
  2400K .......... .......... .......... .......... .......... 20.4M
  2450K .......... .......... .......... .......... .......... 16.3M
  2500K .......... .......... .......... .......... .......... 11.5M
  2550K .......... .......... .......... .......... .......... 13.5M
  2600K .......... .......... .......... .......... .......... 12.6M
  2650K .......... .......... .......... .......... .......... 15.9M
  2700K .......... .......... .......... .......... .......... 17.0M
  2750K .......... .......... .......... .......... .......... 24.5M
  2800K .......... .......... .......... .......... .......... 15.6M
  2850K .......... .......... .......... .......... .......... 17.0M
  2900K .......... .......... .......... .......... .......... 16.3M
  2950K .......... .......... .......... .......... .......... 17.9M
  3000K .......... .......... .......... .......... .......... 24.4M
  3050K .......... .......... .......... .......... .......... 18.6M
  3100K .......... .......... .......... .......... .......... 19.6M
  3150K .......... .......... .......... .......... .......... 16.1M
  3200K .......... .......... .......... .......... .......... 20.8M
  3250K .......... .......... .......... .......... .......... 20.7M
  3300K .......... .......... .......... .......... .......... 17.7M
  3350K .......... .......... .......... .......... .......... 16.3M
  3400K .......... .......... .......... .......... .......... 14.6M
  3450K .......... .......... .......... .......... .......... 24.9M
  3500K .......... .......... .......... .......... .......... 13.3M
  3550K .......... .......... .......... .......... .......... 15.6M
  3600K .......... .......... .......... .......... .......... 9.98M
  3650K .......... .......... .......... .......... .......... 27.9M
  3700K .......... .......... .......... .......... .......... 18.8M
  3750K .......... .......... .......... .......... .......... 17.1M
  3800K .......... .......... .......... .......... .......... 18.5M
  3850K .......... .......... .......... .......... .......... 23.9M
  3900K .......... .......... .......... .......... .......... 29.1M
  3950K .......... .......... .......... .......... .......... 18.7M
  4000K .......... .......... .......... .......... .......... 17.7M
  4050K .......... .......... .......... .......... .......... 17.9M
  4100K .......... .......... .......... .......... .......... 26.3M
  4150K .......... .......... .......... .......... .......... 17.6M
  4200K .......... .......... .......... .......... .......... 14.6M
  4250K .......... .......... .......... .......... .......... 14.3M
  4300K .......... .......... .......... .......... .......... 15.9M
  4350K .......... .......... .......... .......... .......... 24.0M
  4400K .......... .......... .......... .......... .......... 15.2M
  4450K .......... .......... .......... .......... .......... 17.0M
  4500K .......... .......... .......... .......... .......... 16.0M
  4550K .......... .......... .......... .......... .......... 16.5M
  4600K .......... .......... .......... .......... .......... 28.6M
  4650K .......... .......... .......... .......... .......... 23.6M
  4700K .......... .......... .......... .......... .......... 18.7M
  4750K .......... .......... .......... .......... .......... 17.1M
  4800K .......... .......... .......... .......... .......... 21.7M
  4850K .......... .......... .......... .......... .......... 13.2M
  4900K .......... .......... .......... .......... .......... 24.5M
  4950K .......... .......... .......... .......... .......... 16.9M
  5000K .......... .......... .......... .......... .......... 15.9M
  5050K .......... .......... .......... .......... .......... 15.6M
  5100K .......... .......... .......... .......... .......... 15.6M
  5150K .......... .......... .......... .......... .......... 26.6M
  5200K .......... .......... .......... .......... .......... 18.6M
  5250K .......... .......... .......... .......... .......... 10.8M
  5300K .......... .......... .......... .......... .......... 27.3M
  5350K .......... .......... .......... .......... .......... 18.8M
  5400K .......... .........                                   31.2M=0.3s

2018-07-06 13:02:41 (17.7 MB/s) - '/fmi/data/nowcasting/201807060400_fcst201807061000_pal_skandinavia_DOMAIN=SCAND2_Temperature.nc' saved [5549224]

--2018-07-06 13:02:41--  http://smartmet.fmi.fi/download?param=Temperature&producer=laps_skandinavia&format=netcdf&gridsize=579,342&starttime=201807060400&endtime=201807061000&timestep=60&bbox=4.00118791,50.00007491,42.99146951,72.99231333&projection=epsg:4326
Resolving smartmet.fmi.fi (smartmet.fmi.fi)... 193.166.221.21
Connecting to smartmet.fmi.fi (smartmet.fmi.fi)|193.166.221.21|:80... connected.
HTTP request sent, awaiting response... 200 OK
Length: unspecified [application/octet-stream]
Saving to: '/fmi/data/nowcasting/201807060400_endtime201807061000_laps_skandinavia_DOMAIN=SCAND2_Temperature.nc'

     0K .......... .......... .......... .......... .......... 30.6M
    50K .......... .......... .......... .......... .......... 25.2M
   100K .......... .......... .......... .......... .......... 25.8M
   150K .......... .......... .......... .......... .......... 25.3M
   200K .......... .......... .......... .......... .......... 9.93M
   250K .......... .......... .......... .......... .......... 21.9M
   300K .......... .......... .......... .......... .......... 19.6M
   350K .......... .......... .......... .......... .......... 20.2M
   400K .......... .......... .......... .......... .......... 22.4M
   450K .......... .......... .......... .......... .......... 19.1M
   500K .......... .......... .......... .......... .......... 21.6M
   550K .......... .......... .......... .......... .......... 16.5M
   600K .......... .......... .......... .......... .......... 22.1M
   650K .......... .......... .......... .......... .......... 23.1M
   700K .......... .......... .......... .......... .......... 20.0M
   750K .......... .......... .......... .......... .......... 15.1M
   800K .......... .......... .......... .......... .......... 13.5M
   850K .......... .......... .......... .......... .......... 23.6M
   900K .......... .......... .......... .......... .......... 21.1M
   950K .......... .......... .......... .......... .......... 14.4M
  1000K .......... .......... .......... .......... .......... 16.0M
  1050K .......... .......... .......... .......... .......... 21.7M
  1100K .......... .......... .......... .......... .......... 18.8M
  1150K .......... .......... .......... .......... .......... 14.8M
  1200K .......... .......... .......... .......... .......... 15.1M
  1250K .......... .......... .......... .......... .......... 15.3M
  1300K .......... .......... .......... .......... .......... 19.3M
  1350K .......... .......... .......... .......... .......... 14.1M
  1400K .......... .......... .......... .......... .......... 15.1M
  1450K .......... .......... .......... .......... .......... 11.6M
  1500K .......... .......... .......... .......... .......... 20.8M
  1550K .......... .......... .......... .......... .......... 17.5M
  1600K .......... .......... .......... .......... .......... 14.6M
  1650K .......... .......... .......... .......... .......... 14.2M
  1700K .......... .......... .......... .......... .......... 15.6M
  1750K .......... .......... .......... .......... .......... 12.6M
  1800K .......... .......... .......... .......... .......... 13.6M
  1850K .......... .......... .......... .......... .......... 8.24M
  1900K .......... .......... .......... .......... .......... 12.5M
  1950K .......... .......... .......... .......... .......... 14.9M
  2000K .......... .......... .......... .......... .......... 20.3M
  2050K .......... .......... .......... .......... .......... 15.4M
  2100K .......... .......... .......... .......... .......... 13.7M
  2150K .......... .......... .......... .......... .......... 15.9M
  2200K .......... .......... .......... .......... .......... 16.1M
  2250K .......... .......... .......... .......... .......... 16.6M
  2300K .......... .......... .......... .......... .......... 20.6M
  2350K .......... .......... .......... .......... .......... 19.7M
  2400K .......... .......... .......... .......... .......... 13.0M
  2450K .......... .......... .......... .......... .......... 15.2M
  2500K .......... .......... .......... .......... .......... 18.4M
  2550K .......... .......... .......... .......... .......... 16.9M
  2600K .......... .......... .......... .......... .......... 14.7M
  2650K .......... .......... .......... .......... .......... 14.6M
  2700K .......... .......... .......... .......... .......... 14.4M
  2750K .......... .......... .......... .......... .......... 16.7M
  2800K .......... .......... .......... .......... .......... 15.4M
  2850K .......... .......... .......... .......... .......... 15.7M
  2900K .......... .......... .......... .......... .......... 10.0M
  2950K .......... .......... .......... .......... .......... 7.57M
  3000K .......... .......... .......... .......... .......... 11.5M
  3050K .......... .......... .......... .......... .......... 12.4M
  3100K .......... .......... .......... .......... .......... 15.6M
  3150K .......... .......... .......... .......... .......... 12.4M
  3200K .......... .......... .......... .......... .......... 12.2M
  3250K .......... .......... .......... .......... .......... 13.9M
  3300K .......... .......... .......... .......... .......... 11.5M
  3350K .......... .......... .......... .......... .......... 11.8M
  3400K .......... .......... .......... .......... .......... 10.9M
  3450K .......... .......... .......... .......... .......... 14.5M
  3500K .......... .......... .......... .......... .......... 13.6M
  3550K .......... .......... .......... .......... .......... 12.6M
  3600K .......... .......... .......... .......... .......... 11.4M
  3650K .......... .......... .......... .......... .......... 11.6M
  3700K .......... .......... .......... .......... .......... 14.7M
  3750K .......... .......... .......... .......... .......... 13.2M
  3800K .......... .......... .......... .......... .......... 7.59M
  3850K .......... .......... .......... .......... .......... 11.9M
  3900K .......... .......... .......... .......... .......... 17.4M
  3950K .......... .......... .......... .......... .......... 13.4M
  4000K .......... .......... .......... .......... .......... 11.9M
  4050K .......... .......... .......... .......... .......... 10.9M
  4100K .......... .......... .......... .......... .......... 12.7M
  4150K .......... .......... .......... .......... .......... 15.4M
  4200K .......... .......... .......... .......... .......... 12.5M
  4250K .......... .......... .......... .......... .......... 11.4M
  4300K .......... .......... .......... .......... .......... 13.3M
  4350K .......... .......... .......... .......... .......... 12.1M
  4400K .......... .......... .......... .......... .......... 12.2M
  4450K .......... .......... .......... .......... .......... 13.4M
  4500K .......... .......... .......... .......... .......... 13.4M
  4550K .......... .......... .......... .......... .......... 11.8M
  4600K .......... .......... .......... .......... .......... 14.8M
  4650K .......... .......... .......... .......... .......... 13.3M
  4700K .......... .......... .......... .......... .......... 13.2M
  4750K .......... .......... .......... .......... .......... 8.13M
  4800K .......... .......... .......... .......... .......... 10.9M
  4850K .......... .......... .......... .......... .......... 13.2M
  4900K .......... .......... .......... .......... .......... 7.56M
  4950K .......... .......... .......... .......... .......... 13.7M
  5000K .......... .......... .......... .......... .......... 11.9M
  5050K .......... .......... .......... .......... .......... 11.4M
  5100K .......... .......... .......... .......... .......... 20.9M
  5150K .......... .......... .......... .......... .......... 14.3M
  5200K .......... .......... .......... .......... .......... 13.9M
  5250K .......... .......... .......... .......... .......... 13.3M
  5300K .......... .......... .......... .......... .......... 18.9M
  5350K .......... .......... .......... .......... .......... 16.2M
  5400K .......... .........                                   17.9M=0.4s

2018-07-06 13:02:42 (14.2 MB/s) - '/fmi/data/nowcasting/201807060400_endtime201807061000_laps_skandinavia_DOMAIN=SCAND2_Temperature.nc' saved [5549224]

./run.sh: line 189: --mode: command not found

