/fmi/data/nowcasting/
/fmi/dev/products/cache/nowcasting/
201810260700
201810261300
201810260100
source /fmi/dev/run/radar/conf/conf/SCAND2.cnf
5,55,40,71
3995
wget -O /fmi/data/nowcasting/201810260100_fcst201810260700_pal_skandinavia_DOMAIN=SCAND2_Pressure.nc --no-proxy 'http://smartmet.fmi.fi/download?param=Pressure&producer=pal_skandinavia&format=netcdf&starttime=201810260100&endtime=201810260700&timestep=60&projection=stereographic&centrallongitude=20,centrallatitude=90,truelatitude=60&bbox=5,55,40,71'
--2018-10-26 10:02:41--  http://smartmet.fmi.fi/download?param=Pressure&producer=pal_skandinavia&format=netcdf&starttime=201810260100&endtime=201810260700&timestep=60&projection=stereographic&centrallongitude=20,centrallatitude=90,truelatitude=60&bbox=5,55,40,71
Resolving smartmet.fmi.fi (smartmet.fmi.fi)... 193.166.221.21
Connecting to smartmet.fmi.fi (smartmet.fmi.fi)|193.166.221.21|:80... connected.
HTTP request sent, awaiting response... 200 OK
Length: unspecified [application/octet-stream]
Saving to: '/fmi/data/nowcasting/201810260100_fcst201810260700_pal_skandinavia_DOMAIN=SCAND2_Pressure.nc'

     0K .......... .......... .......... .......... .......... 16.2M
    50K .......... .......... .......... .......... .......... 22.1M
   100K .......... .......... .......... .......... .......... 18.9M
   150K .......... .......... .......... .......... .......... 23.1M
   200K .......... .......... .......... .......... .......... 18.7M
   250K .......... .......... .......... .......... .......... 18.1M
   300K .......... .......... .......... .......... .......... 14.8M
   350K .......... .......... .......... .......... .......... 17.8M
   400K .......... .......... .......... .......... .......... 22.7M
   450K .......... .......... .......... .......... .......... 26.3M
   500K .......... .......... .......... .......... .......... 33.4M
   550K .......... .......... .......... .......... .......... 26.6M
   600K .......... .......... .......... .......... .......... 29.3M
   650K .......... .......... .......... .......... .......... 24.6M
   700K .......... .......... .......... .......... .......... 24.5M
   750K .......... .......... .......... .......... .......... 23.3M
   800K .......... .......... .......... .......... .......... 27.7M
   850K .......... .......... .......... .......... .......... 23.3M
   900K .......... .......... .......... .......... .......... 29.2M
   950K .......... .......... .......... .......... .......... 29.3M
  1000K .......... .......... .......... .......... .......... 27.6M
  1050K .......... .......... .......... .......... .......... 26.7M
  1100K .......... .......... .......... .......... .......... 29.2M
  1150K .......... .......... .......... .......... .......... 27.2M
  1200K .......... .......... .......... .......... .......... 31.2M
  1250K .......... .......... .......... .......... .......... 34.9M
  1300K .......... .......... .......... .......... .......... 29.5M
  1350K .......... .......... .......... .......... .......... 31.3M
  1400K .......... .......... .......... .......... .......... 35.6M
  1450K .......... .......... .......... .......... .......... 33.2M
  1500K .......... .......... .......... .......... .......... 33.1M
  1550K .......... .......... .......... .......... .......... 30.1M
  1600K .......... .......... .......... .......... .......... 32.7M
  1650K .......... .......... .......... .......... .......... 32.8M
  1700K .......... .......... .......... .......... .......... 32.8M
  1750K .......... .......... .......... .......... .......... 27.8M
  1800K .......... .......... .......... .......... .....      28.7M=0.07s

2018-10-26 10:02:42 (25.6 MB/s) - '/fmi/data/nowcasting/201810260100_fcst201810260700_pal_skandinavia_DOMAIN=SCAND2_Pressure.nc' saved [1889456]

wget -O /fmi/data/nowcasting/201810260100_endtime201810260700_laps_skandinavia_DOMAIN=SCAND2_Pressure.nc --no-proxy 'http://smartmet.fmi.fi/download?param=Pressure&producer=laps_skandinavia&format=netcdf&starttime=201810260100&endtime=201810260700&timestep=60&projection=stereographic&centrallongitude=20,centrallatitude=90,truelatitude=60&bbox=5,55,40,71&gridsize=222,236'
--2018-10-26 10:02:42--  http://smartmet.fmi.fi/download?param=Pressure&producer=laps_skandinavia&format=netcdf&starttime=201810260100&endtime=201810260700&timestep=60&projection=stereographic&centrallongitude=20,centrallatitude=90,truelatitude=60&bbox=5,55,40,71&gridsize=222,236
Resolving smartmet.fmi.fi (smartmet.fmi.fi)... 193.166.221.21
Connecting to smartmet.fmi.fi (smartmet.fmi.fi)|193.166.221.21|:80... connected.
HTTP request sent, awaiting response... 200 OK
Length: unspecified [application/octet-stream]
Saving to: '/fmi/data/nowcasting/201810260100_endtime201810260700_laps_skandinavia_DOMAIN=SCAND2_Pressure.nc'

     0K .......... .......... .......... .......... .......... 17.2M
    50K .......... .......... .......... .......... .......... 19.5M
   100K .......... .......... .......... .......... .......... 23.3M
   150K .......... .......... .......... .......... .......... 19.8M
   200K .......... .......... .......... .......... .......... 15.5M
   250K .......... .......... .......... .......... .......... 16.6M
   300K .......... .......... .......... .......... .......... 17.3M
   350K .......... .......... .......... .......... .......... 14.7M
   400K .......... .......... .......... .......... .......... 18.0M
   450K .......... .......... .......... .......... .......... 18.7M
   500K .......... .......... .......... .......... .......... 19.5M
   550K .......... .......... .......... .......... .......... 19.4M
   600K .......... .......... .......... .......... .......... 24.5M
   650K .......... .......... .......... .......... .......... 23.2M
   700K .......... .......... .......... .......... .......... 20.5M
   750K .......... .......... .......... .......... .......... 18.7M
   800K .......... .......... .......... .......... .......... 24.0M
   850K .......... .......... .......... .......... .......... 16.2M
   900K .......... .......... .......... .......... .......... 20.2M
   950K .......... .......... .......... .......... .......... 17.9M
  1000K .......... .......... .......... .......... .......... 20.4M
  1050K .......... .......... .......... .......... .......... 24.7M
  1100K .......... .......... .......... .......... .......... 22.2M
  1150K .......... .......... .......... .......... .......... 18.2M
  1200K .......... .......... .......... .......... .......... 21.7M
  1250K .......... .......... .......... .......... .......... 18.7M
  1300K .......... .......... .......... .......... .......... 16.6M
  1350K .......... .......... .......... .......... .......... 24.0M
  1400K .......... .......... .......... .......... .......... 22.1M
  1450K .......... .......... .......... .......... .......... 24.2M
  1500K .......... .......... .......... .......... .......... 19.8M
  1550K .......... .......... .......... .......... .......... 18.8M
  1600K .......... .......... .......... .......... .......... 23.7M
  1650K .......... .......... .......... .......... .......... 40.4M
  1700K .......... .......... .......... .......... .......... 33.4M
  1750K .......... .......... .......... .......... .......... 32.1M
  1800K .......... .......... .......... .......... .....      35.0M=0.09s

2018-10-26 10:02:42 (20.6 MB/s) - '/fmi/data/nowcasting/201810260100_endtime201810260700_laps_skandinavia_DOMAIN=SCAND2_Pressure.nc' saved [1889456]

nccopy -k 4 /fmi/data/nowcasting/201810260100_endtime201810260700_laps_skandinavia_DOMAIN=SCAND2_Pressure.nc /fmi/data/nowcasting/obsdata.nc
/fmi/dev/python_virtualenvs/venv/bin/python call_interpolation_testi.py --obsdata /fmi/data/nowcasting/obsdata.nc --modeldata /fmi/data/nowcasting/modeldata.nc --seconds_between_steps 3600 --output_interpolate /fmi/dev/products/cache/nowcasting/{}_${DOMAIN}.nc --predictability 6 --parameter Pressure --mode verif
/fmi/dev/python_virtualenvs/venv/lib/python2.7/site-packages/matplotlib/font_manager.py:273: UserWarning: Matplotlib is building the font cache using fc-list. This may take a moment.
  warnings.warn('Matplotlib is building the font cache using fc-list. This may take a moment.')
['R_max', 'R_min', 'cmap', 'config_colors', 'config_file_colors', 'farneback_params', 'fb_levels', 'fb_levelss', 'fb_params', 'fb_poly_n', 'fb_poly_ns', 'fb_poly_sigma', 'fb_winsize', 'fb_winsizes', 'fc_lengths', 'fields_interpolated_advection', 'fields_interpolated_linear', 'image_array1', 'image_array1_reshaped', 'image_array2', 'interpolated_advection', 'interpolated_linear', 'mask_nodata', 'mask_nodata1', 'mask_nodata2', 'mask_nodata_middle', 'n', 'nodata', 'nodata1', 'nodata2', 'outdir', 'outdir_elmo', 'outfile', 'predictability', 'predictabilitys', 'quantity1', 'quantity1_max', 'quantity1_min', 'quantity2', 'quantity2_max', 'quantity2_min', 'remotedir', 'remotehost', 'timestamp1', 'timestamp2', 'title', 'units', 'verif_interpolated_DMO', 'verif_interpolated_advection', 'verif_interpolated_linear', 'verif_interpolated_persistence', 'verif_metrics_used', 'verif_scores', 'vmax', 'vmin', 'y_ax_title']
cp /fmi/data/nowcasting/201810260100_endtime201810260700_laps_skandinavia_DOMAIN=SCAND2_Pressure.nc /fmi/$FMI_RUN_ENV/products/cache/nowcasting
rm /fmi/data/nowcasting/201810260100_endtime201810260700_laps_skandinavia_DOMAIN=SCAND2_Pressure.nc
cp /fmi/data/nowcasting/201810260100_fcst201810260700_pal_skandinavia_DOMAIN=SCAND2_Pressure.nc /fmi/$FMI_RUN_ENV/products/cache/nowcasting
rm /fmi/data/nowcasting/201810260100_fcst201810260700_pal_skandinavia_DOMAIN=SCAND2_Pressure.nc
wget -O /fmi/data/nowcasting/201810260100_fcst201810260700_pal_skandinavia_DOMAIN=SCAND2_GeopHeight.nc --no-proxy 'http://smartmet.fmi.fi/download?param=GeopHeight&producer=pal_skandinavia&format=netcdf&starttime=201810260100&endtime=201810260700&timestep=60&projection=stereographic&centrallongitude=20,centrallatitude=90,truelatitude=60&bbox=5,55,40,71'
--2018-10-26 10:03:16--  http://smartmet.fmi.fi/download?param=GeopHeight&producer=pal_skandinavia&format=netcdf&starttime=201810260100&endtime=201810260700&timestep=60&projection=stereographic&centrallongitude=20,centrallatitude=90,truelatitude=60&bbox=5,55,40,71
Resolving smartmet.fmi.fi (smartmet.fmi.fi)... 193.166.221.21
Connecting to smartmet.fmi.fi (smartmet.fmi.fi)|193.166.221.21|:80... connected.
HTTP request sent, awaiting response... 200 OK
Length: unspecified [application/octet-stream]
Saving to: '/fmi/data/nowcasting/201810260100_fcst201810260700_pal_skandinavia_DOMAIN=SCAND2_GeopHeight.nc'

     0K .......... .......... .......... .......... .......... 4.52M
    50K .......... .......... .......... .......... .......... 16.0M
   100K .......... .......... .......... .......... .......... 22.0M
   150K .......... .......... .......... .......... .......... 22.9M
   200K .......... .......... .......... .......... .......... 18.2M
   250K .......... .......... .......... .......... .......... 16.6M
   300K .......... .......... .......... .......... .......... 16.7M
   350K .......... .......... .......... .......... .......... 17.0M
   400K .......... .......... .......... .......... .......... 16.9M
   450K .......... .......... .......... .......... .......... 11.6M
   500K .......... .......... .......... .......... .......... 19.8M
   550K .......... .......... .......... .......... .......... 21.3M
   600K .......... .......... .......... .......... .......... 22.9M
   650K .......... .......... .......... .......... .......... 19.8M
   700K .......... .......... .......... .......... .......... 21.1M
   750K .......... .......... .......... .......... .......... 23.5M
   800K .......... .......... .......... .......... .......... 25.0M
   850K .......... .......... .......... .......... .......... 23.9M
   900K .......... .......... .......... .......... .......... 19.5M
   950K .......... .......... .......... .......... .......... 21.5M
  1000K .......... .......... .......... .......... .......... 25.1M
  1050K .......... .......... .......... .......... .......... 22.6M
  1100K .......... .......... .......... .......... .......... 21.5M
  1150K .......... .......... .......... .......... .......... 21.9M
  1200K .......... .......... .......... .......... .......... 17.8M
  1250K .......... .......... .......... .......... .......... 20.5M
  1300K .......... .......... .......... .......... .......... 21.7M
  1350K .......... .......... .......... .......... .......... 25.4M
  1400K .......... .......... .......... .......... .......... 22.8M
  1450K .......... .......... .......... .......... .......... 22.8M
  1500K .......... .......... .......... .......... .......... 13.4M
  1550K .......... .......... .......... .......... .......... 8.61M
  1600K .......... .......... .......... .......... .......... 8.82M
  1650K .......... .......... .......... .......... .......... 10.8M
  1700K .......... .......... .......... .......... .......... 11.7M
  1750K .......... .......... .......... .......... .......... 10.1M
  1800K .......... .......... .......... .......... .....      18.9M=0.1s

2018-10-26 10:03:16 (16.1 MB/s) - '/fmi/data/nowcasting/201810260100_fcst201810260700_pal_skandinavia_DOMAIN=SCAND2_GeopHeight.nc' saved [1889436]

wget -O /fmi/data/nowcasting/201810260100_endtime201810260700_laps_skandinavia_DOMAIN=SCAND2_GeopHeight.nc --no-proxy 'http://smartmet.fmi.fi/download?param=GeopHeight&producer=laps_skandinavia&format=netcdf&starttime=201810260100&endtime=201810260700&timestep=60&projection=stereographic&centrallongitude=20,centrallatitude=90,truelatitude=60&bbox=5,55,40,71&gridsize=222,236'
--2018-10-26 10:03:16--  http://smartmet.fmi.fi/download?param=GeopHeight&producer=laps_skandinavia&format=netcdf&starttime=201810260100&endtime=201810260700&timestep=60&projection=stereographic&centrallongitude=20,centrallatitude=90,truelatitude=60&bbox=5,55,40,71&gridsize=222,236
Resolving smartmet.fmi.fi (smartmet.fmi.fi)... 193.166.221.21
Connecting to smartmet.fmi.fi (smartmet.fmi.fi)|193.166.221.21|:80... connected.
HTTP request sent, awaiting response... 200 OK
Length: unspecified [application/octet-stream]
Saving to: '/fmi/data/nowcasting/201810260100_endtime201810260700_laps_skandinavia_DOMAIN=SCAND2_GeopHeight.nc'

     0K .......... .......... .......... .......... .......... 14.5M
    50K .......... .......... .......... .......... .......... 19.9M
   100K .......... .......... .......... .......... .......... 21.0M
   150K .......... .......... .......... .......... .......... 22.9M
   200K .......... .......... .......... .......... .......... 16.8M
   250K .......... .......... .......... .......... .......... 16.9M
   300K .......... .......... .......... .......... .......... 16.6M
   350K .......... .......... .......... .......... .......... 15.1M
   400K .......... .......... .......... .......... .......... 14.8M
   450K .......... .......... .......... .......... .......... 14.0M
   500K .......... .......... .......... .......... .......... 11.3M
   550K .......... .......... .......... .......... .......... 15.4M
   600K .......... .......... .......... .......... .......... 16.5M
   650K .......... .......... .......... .......... .......... 10.6M
   700K .......... .......... .......... .......... .......... 13.2M
   750K .......... .......... .......... .......... .......... 13.8M
   800K .......... .......... .......... .......... .......... 14.3M
   850K .......... .......... .......... .......... .......... 15.5M
   900K .......... .......... .......... .......... .......... 17.1M
   950K .......... .......... .......... .......... .......... 16.1M
  1000K .......... .......... .......... .......... .......... 16.2M
  1050K .......... .......... .......... .......... .......... 15.1M
  1100K .......... .......... .......... .......... .......... 14.8M
  1150K .......... .......... .......... .......... .......... 16.6M
  1200K .......... .......... .......... .......... .......... 15.7M
  1250K .......... .......... .......... .......... .......... 14.5M
  1300K .......... .......... .......... .......... .......... 16.2M
  1350K .......... .......... .......... .......... .......... 14.1M
  1400K .......... .......... .......... .......... .......... 15.8M
  1450K .......... .......... .......... .......... .......... 14.2M
  1500K .......... .......... .......... .......... .......... 14.4M
  1550K .......... .......... .......... .......... .......... 13.9M
  1600K .......... .......... .......... .......... .......... 18.6M
  1650K .......... .......... .......... .......... .......... 31.6M
  1700K .......... .......... .......... .......... .......... 32.4M
  1750K .......... .......... .......... .......... .......... 33.2M
  1800K .......... .......... .......... .......... .....      34.5M=0.1s

2018-10-26 10:03:17 (16.2 MB/s) - '/fmi/data/nowcasting/201810260100_endtime201810260700_laps_skandinavia_DOMAIN=SCAND2_GeopHeight.nc' saved [1889436]

nccopy -k 4 /fmi/data/nowcasting/201810260100_endtime201810260700_laps_skandinavia_DOMAIN=SCAND2_GeopHeight.nc /fmi/data/nowcasting/obsdata.nc
/fmi/dev/python_virtualenvs/venv/bin/python call_interpolation_testi.py --obsdata /fmi/data/nowcasting/obsdata.nc --modeldata /fmi/data/nowcasting/modeldata.nc --seconds_between_steps 3600 --output_interpolate /fmi/dev/products/cache/nowcasting/{}_${DOMAIN}.nc --predictability 6 --parameter GeopHeight --mode verif
/fmi/dev/python_virtualenvs/venv/lib/python2.7/site-packages/matplotlib/font_manager.py:273: UserWarning: Matplotlib is building the font cache using fc-list. This may take a moment.
  warnings.warn('Matplotlib is building the font cache using fc-list. This may take a moment.')
['R_max', 'R_min', 'cmap', 'config_colors', 'config_file_colors', 'farneback_params', 'fb_levels', 'fb_levelss', 'fb_params', 'fb_poly_n', 'fb_poly_ns', 'fb_poly_sigma', 'fb_winsize', 'fb_winsizes', 'fc_lengths', 'fields_interpolated_advection', 'fields_interpolated_linear', 'image_array1', 'image_array1_reshaped', 'image_array2', 'interpolated_advection', 'interpolated_linear', 'mask_nodata', 'mask_nodata1', 'mask_nodata2', 'mask_nodata_middle', 'n', 'nodata', 'nodata1', 'nodata2', 'outdir', 'outdir_elmo', 'outfile', 'predictability', 'predictabilitys', 'quantity1', 'quantity1_max', 'quantity1_min', 'quantity2', 'quantity2_max', 'quantity2_min', 'remotedir', 'remotehost', 'timestamp1', 'timestamp2', 'title', 'units', 'verif_interpolated_DMO', 'verif_interpolated_advection', 'verif_interpolated_linear', 'verif_interpolated_persistence', 'verif_metrics_used', 'verif_scores', 'vmax', 'vmin', 'y_ax_title']
cp /fmi/data/nowcasting/201810260100_endtime201810260700_laps_skandinavia_DOMAIN=SCAND2_GeopHeight.nc /fmi/$FMI_RUN_ENV/products/cache/nowcasting
rm /fmi/data/nowcasting/201810260100_endtime201810260700_laps_skandinavia_DOMAIN=SCAND2_GeopHeight.nc
cp /fmi/data/nowcasting/201810260100_fcst201810260700_pal_skandinavia_DOMAIN=SCAND2_GeopHeight.nc /fmi/$FMI_RUN_ENV/products/cache/nowcasting
rm /fmi/data/nowcasting/201810260100_fcst201810260700_pal_skandinavia_DOMAIN=SCAND2_GeopHeight.nc
wget -O /fmi/data/nowcasting/201810260100_fcst201810260700_pal_skandinavia_DOMAIN=SCAND2_Temperature.nc --no-proxy 'http://smartmet.fmi.fi/download?param=Temperature&producer=pal_skandinavia&format=netcdf&starttime=201810260100&endtime=201810260700&timestep=60&projection=stereographic&centrallongitude=20,centrallatitude=90,truelatitude=60&bbox=5,55,40,71'
--2018-10-26 10:03:50--  http://smartmet.fmi.fi/download?param=Temperature&producer=pal_skandinavia&format=netcdf&starttime=201810260100&endtime=201810260700&timestep=60&projection=stereographic&centrallongitude=20,centrallatitude=90,truelatitude=60&bbox=5,55,40,71
Resolving smartmet.fmi.fi (smartmet.fmi.fi)... 193.166.221.21
Connecting to smartmet.fmi.fi (smartmet.fmi.fi)|193.166.221.21|:80... connected.
HTTP request sent, awaiting response... 200 OK
Length: unspecified [application/octet-stream]
Saving to: '/fmi/data/nowcasting/201810260100_fcst201810260700_pal_skandinavia_DOMAIN=SCAND2_Temperature.nc'

     0K .......... .......... .......... .......... .......... 13.5M
    50K .......... .......... .......... .......... .......... 14.0M
   100K .......... .......... .......... .......... .......... 14.6M
   150K .......... .......... .......... .......... .......... 19.2M
   200K .......... .......... .......... .......... .......... 16.7M
   250K .......... .......... .......... .......... .......... 12.6M
   300K .......... .......... .......... .......... .......... 15.2M
   350K .......... .......... .......... .......... .......... 15.7M
   400K .......... .......... .......... .......... .......... 19.0M
   450K .......... .......... .......... .......... .......... 24.8M
   500K .......... .......... .......... .......... .......... 28.8M
   550K .......... .......... .......... .......... .......... 27.5M
   600K .......... .......... .......... .......... .......... 27.4M
   650K .......... .......... .......... .......... .......... 25.2M
   700K .......... .......... .......... .......... .......... 23.9M
   750K .......... .......... .......... .......... .......... 25.0M
   800K .......... .......... .......... .......... .......... 32.6M
   850K .......... .......... .......... .......... .......... 28.2M
   900K .......... .......... .......... .......... .......... 23.0M
   950K .......... .......... .......... .......... .......... 27.5M
  1000K .......... .......... .......... .......... .......... 26.3M
  1050K .......... .......... .......... .......... .......... 28.1M
  1100K .......... .......... .......... .......... .......... 32.6M
  1150K .......... .......... .......... .......... .......... 26.4M
  1200K .......... .......... .......... .......... .......... 27.8M
  1250K .......... .......... .......... .......... .......... 20.7M
  1300K .......... .......... .......... .......... .......... 22.9M
  1350K .......... .......... .......... .......... .......... 27.2M
  1400K .......... .......... .......... .......... .......... 22.0M
  1450K .......... .......... .......... .......... .......... 27.1M
  1500K .......... .......... .......... .......... .......... 25.4M
  1550K .......... .......... .......... .......... .......... 27.4M
  1600K .......... .......... .......... .......... .......... 31.0M
  1650K .......... .......... .......... .......... .......... 31.8M
  1700K .......... .......... .......... .......... .......... 18.4M
  1750K .......... .......... .......... .......... .......... 14.9M
  1800K .......... .......... .......... .......... .....      24.2M=0.08s

2018-10-26 10:03:51 (21.8 MB/s) - '/fmi/data/nowcasting/201810260100_fcst201810260700_pal_skandinavia_DOMAIN=SCAND2_Temperature.nc' saved [1889424]

wget -O /fmi/data/nowcasting/201810260100_endtime201810260700_laps_skandinavia_DOMAIN=SCAND2_Temperature.nc --no-proxy 'http://smartmet.fmi.fi/download?param=Temperature&producer=laps_skandinavia&format=netcdf&starttime=201810260100&endtime=201810260700&timestep=60&projection=stereographic&centrallongitude=20,centrallatitude=90,truelatitude=60&bbox=5,55,40,71&gridsize=222,236'
--2018-10-26 10:03:51--  http://smartmet.fmi.fi/download?param=Temperature&producer=laps_skandinavia&format=netcdf&starttime=201810260100&endtime=201810260700&timestep=60&projection=stereographic&centrallongitude=20,centrallatitude=90,truelatitude=60&bbox=5,55,40,71&gridsize=222,236
Resolving smartmet.fmi.fi (smartmet.fmi.fi)... 193.166.221.21
Connecting to smartmet.fmi.fi (smartmet.fmi.fi)|193.166.221.21|:80... connected.
HTTP request sent, awaiting response... 200 OK
Length: unspecified [application/octet-stream]
Saving to: '/fmi/data/nowcasting/201810260100_endtime201810260700_laps_skandinavia_DOMAIN=SCAND2_Temperature.nc'

     0K .......... .......... .......... .......... .......... 17.0M
    50K .......... .......... .......... .......... .......... 20.9M
   100K .......... .......... .......... .......... .......... 23.5M
   150K .......... .......... .......... .......... .......... 22.8M
   200K .......... .......... .......... .......... .......... 17.9M
   250K .......... .......... .......... .......... .......... 15.6M
   300K .......... .......... .......... .......... .......... 16.7M
   350K .......... .......... .......... .......... .......... 15.1M
   400K .......... .......... .......... .......... .......... 18.7M
   450K .......... .......... .......... .......... .......... 24.6M
   500K .......... .......... .......... .......... .......... 25.0M
   550K .......... .......... .......... .......... .......... 20.6M
   600K .......... .......... .......... .......... .......... 25.0M
   650K .......... .......... .......... .......... .......... 21.9M
   700K .......... .......... .......... .......... .......... 21.7M
   750K .......... .......... .......... .......... .......... 24.7M
   800K .......... .......... .......... .......... .......... 21.6M
   850K .......... .......... .......... .......... .......... 20.7M
   900K .......... .......... .......... .......... .......... 21.7M
   950K .......... .......... .......... .......... .......... 22.9M
  1000K .......... .......... .......... .......... .......... 24.4M
  1050K .......... .......... .......... .......... .......... 21.7M
  1100K .......... .......... .......... .......... .......... 23.1M
  1150K .......... .......... .......... .......... .......... 23.5M
  1200K .......... .......... .......... .......... .......... 21.8M
  1250K .......... .......... .......... .......... .......... 19.9M
  1300K .......... .......... .......... .......... .......... 24.3M
  1350K .......... .......... .......... .......... .......... 23.1M
  1400K .......... .......... .......... .......... .......... 25.5M
  1450K .......... .......... .......... .......... .......... 16.4M
  1500K .......... .......... .......... .......... .......... 22.5M
  1550K .......... .......... .......... .......... .......... 24.5M
  1600K .......... .......... .......... .......... .......... 22.5M
  1650K .......... .......... .......... .......... .......... 35.0M
  1700K .......... .......... .......... .......... .......... 35.8M
  1750K .......... .......... .......... .......... .......... 20.7M
  1800K .......... .......... .......... .......... .....      33.1M=0.08s

2018-10-26 10:03:51 (21.8 MB/s) - '/fmi/data/nowcasting/201810260100_endtime201810260700_laps_skandinavia_DOMAIN=SCAND2_Temperature.nc' saved [1889424]

nccopy -k 4 /fmi/data/nowcasting/201810260100_endtime201810260700_laps_skandinavia_DOMAIN=SCAND2_Temperature.nc /fmi/data/nowcasting/obsdata.nc
/fmi/dev/python_virtualenvs/venv/bin/python call_interpolation_testi.py --obsdata /fmi/data/nowcasting/obsdata.nc --modeldata /fmi/data/nowcasting/modeldata.nc --seconds_between_steps 3600 --output_interpolate /fmi/dev/products/cache/nowcasting/{}_${DOMAIN}.nc --predictability 6 --parameter Temperature --mode verif
/fmi/dev/python_virtualenvs/venv/lib/python2.7/site-packages/matplotlib/font_manager.py:273: UserWarning: Matplotlib is building the font cache using fc-list. This may take a moment.
  warnings.warn('Matplotlib is building the font cache using fc-list. This may take a moment.')
['R_max', 'R_min', 'cmap', 'config_colors', 'config_file_colors', 'farneback_params', 'fb_levels', 'fb_levelss', 'fb_params', 'fb_poly_n', 'fb_poly_ns', 'fb_poly_sigma', 'fb_winsize', 'fb_winsizes', 'fc_lengths', 'fields_interpolated_advection', 'fields_interpolated_linear', 'image_array1', 'image_array1_reshaped', 'image_array2', 'interpolated_advection', 'interpolated_linear', 'mask_nodata', 'mask_nodata1', 'mask_nodata2', 'mask_nodata_middle', 'n', 'nodata', 'nodata1', 'nodata2', 'outdir', 'outdir_elmo', 'outfile', 'predictability', 'predictabilitys', 'quantity1', 'quantity1_max', 'quantity1_min', 'quantity2', 'quantity2_max', 'quantity2_min', 'remotedir', 'remotehost', 'timestamp1', 'timestamp2', 'title', 'units', 'verif_interpolated_DMO', 'verif_interpolated_advection', 'verif_interpolated_linear', 'verif_interpolated_persistence', 'verif_metrics_used', 'verif_scores', 'vmax', 'vmin', 'y_ax_title']
cp /fmi/data/nowcasting/201810260100_endtime201810260700_laps_skandinavia_DOMAIN=SCAND2_Temperature.nc /fmi/$FMI_RUN_ENV/products/cache/nowcasting
rm /fmi/data/nowcasting/201810260100_endtime201810260700_laps_skandinavia_DOMAIN=SCAND2_Temperature.nc
cp /fmi/data/nowcasting/201810260100_fcst201810260700_pal_skandinavia_DOMAIN=SCAND2_Temperature.nc /fmi/$FMI_RUN_ENV/products/cache/nowcasting
rm /fmi/data/nowcasting/201810260100_fcst201810260700_pal_skandinavia_DOMAIN=SCAND2_Temperature.nc
wget -O /fmi/data/nowcasting/201810260100_fcst201810260700_pal_skandinavia_DOMAIN=SCAND2_DewPoint.nc --no-proxy 'http://smartmet.fmi.fi/download?param=DewPoint&producer=pal_skandinavia&format=netcdf&starttime=201810260100&endtime=201810260700&timestep=60&projection=stereographic&centrallongitude=20,centrallatitude=90,truelatitude=60&bbox=5,55,40,71'
--2018-10-26 10:04:25--  http://smartmet.fmi.fi/download?param=DewPoint&producer=pal_skandinavia&format=netcdf&starttime=201810260100&endtime=201810260700&timestep=60&projection=stereographic&centrallongitude=20,centrallatitude=90,truelatitude=60&bbox=5,55,40,71
Resolving smartmet.fmi.fi (smartmet.fmi.fi)... 193.166.221.21
Connecting to smartmet.fmi.fi (smartmet.fmi.fi)|193.166.221.21|:80... connected.
HTTP request sent, awaiting response... 200 OK
Length: unspecified [application/octet-stream]
Saving to: '/fmi/data/nowcasting/201810260100_fcst201810260700_pal_skandinavia_DOMAIN=SCAND2_DewPoint.nc'

     0K .......... .......... .......... .......... .......... 16.8M
    50K .......... .......... .......... .......... .......... 21.6M
   100K .......... .......... .......... .......... .......... 21.9M
   150K .......... .......... .......... .......... .......... 26.5M
   200K .......... .......... .......... .......... .......... 17.0M
   250K .......... .......... .......... .......... .......... 17.5M
   300K .......... .......... .......... .......... .......... 16.8M
   350K .......... .......... .......... .......... .......... 16.4M
   400K .......... .......... .......... .......... .......... 22.4M
   450K .......... .......... .......... .......... .......... 24.5M
   500K .......... .......... .......... .......... .......... 21.0M
   550K .......... .......... .......... .......... .......... 25.2M
   600K .......... .......... .......... .......... .......... 22.3M
   650K .......... .......... .......... .......... .......... 25.4M
   700K .......... .......... .......... .......... .......... 27.6M
   750K .......... .......... .......... .......... .......... 24.3M
   800K .......... .......... .......... .......... .......... 27.9M
   850K .......... .......... .......... .......... .......... 26.0M
   900K .......... .......... .......... .......... .......... 28.7M
   950K .......... .......... .......... .......... .......... 24.6M
  1000K .......... .......... .......... .......... .......... 28.2M
  1050K .......... .......... .......... .......... .......... 26.4M
  1100K .......... .......... .......... .......... .......... 25.0M
  1150K .......... .......... .......... .......... .......... 24.0M
  1200K .......... .......... .......... .......... .......... 26.7M
  1250K .......... .......... .......... .......... .......... 25.7M
  1300K .......... .......... .......... .......... .......... 26.7M
  1350K .......... .......... .......... .......... .......... 28.4M
  1400K .......... .......... .......... .......... .......... 26.2M
  1450K .......... .......... .......... .......... .......... 27.0M
  1500K .......... .......... .......... .......... .......... 26.3M
  1550K .......... .......... .......... .......... .......... 27.8M
  1600K .......... .......... .......... .......... .......... 28.2M
  1650K .......... .......... .......... .......... .......... 25.6M
  1700K .......... .......... .......... .......... .......... 25.3M
  1750K .......... .......... .......... .......... .......... 25.8M
  1800K .......... .......... .......... .......... .....      24.5M=0.08s

2018-10-26 10:04:26 (23.8 MB/s) - '/fmi/data/nowcasting/201810260100_fcst201810260700_pal_skandinavia_DOMAIN=SCAND2_DewPoint.nc' saved [1889444]

wget -O /fmi/data/nowcasting/201810260100_endtime201810260700_laps_skandinavia_DOMAIN=SCAND2_DewPoint.nc --no-proxy 'http://smartmet.fmi.fi/download?param=DewPoint&producer=laps_skandinavia&format=netcdf&starttime=201810260100&endtime=201810260700&timestep=60&projection=stereographic&centrallongitude=20,centrallatitude=90,truelatitude=60&bbox=5,55,40,71&gridsize=222,236'
--2018-10-26 10:04:26--  http://smartmet.fmi.fi/download?param=DewPoint&producer=laps_skandinavia&format=netcdf&starttime=201810260100&endtime=201810260700&timestep=60&projection=stereographic&centrallongitude=20,centrallatitude=90,truelatitude=60&bbox=5,55,40,71&gridsize=222,236
Resolving smartmet.fmi.fi (smartmet.fmi.fi)... 193.166.221.21
Connecting to smartmet.fmi.fi (smartmet.fmi.fi)|193.166.221.21|:80... connected.
HTTP request sent, awaiting response... 200 OK
Length: unspecified [application/octet-stream]
Saving to: '/fmi/data/nowcasting/201810260100_endtime201810260700_laps_skandinavia_DOMAIN=SCAND2_DewPoint.nc'

     0K .......... .......... .......... .......... .......... 15.9M
    50K .......... .......... .......... .......... .......... 20.2M
   100K .......... .......... .......... .......... .......... 20.9M
   150K .......... .......... .......... .......... .......... 25.9M
   200K .......... .......... .......... .......... .......... 16.9M
   250K .......... .......... .......... .......... .......... 14.9M
   300K .......... .......... .......... .......... .......... 16.4M
   350K .......... .......... .......... .......... .......... 16.7M
   400K .......... .......... .......... .......... .......... 20.3M
   450K .......... .......... .......... .......... .......... 22.8M
   500K .......... .......... .......... .......... .......... 22.3M
   550K .......... .......... .......... .......... .......... 24.7M
   600K .......... .......... .......... .......... .......... 24.1M
   650K .......... .......... .......... .......... .......... 24.6M
   700K .......... .......... .......... .......... .......... 25.9M
   750K .......... .......... .......... .......... .......... 23.7M
   800K .......... .......... .......... .......... .......... 25.1M
   850K .......... .......... .......... .......... .......... 24.7M
   900K .......... .......... .......... .......... .......... 22.6M
   950K .......... .......... .......... .......... .......... 21.3M
  1000K .......... .......... .......... .......... .......... 24.1M
  1050K .......... .......... .......... .......... .......... 22.2M
  1100K .......... .......... .......... .......... .......... 24.9M
  1150K .......... .......... .......... .......... .......... 24.6M
  1200K .......... .......... .......... .......... .......... 23.7M
  1250K .......... .......... .......... .......... .......... 24.3M
  1300K .......... .......... .......... .......... .......... 26.6M
  1350K .......... .......... .......... .......... .......... 23.3M
  1400K .......... .......... .......... .......... .......... 21.3M
  1450K .......... .......... .......... .......... .......... 30.1M
  1500K .......... .......... .......... .......... .......... 19.1M
  1550K .......... .......... .......... .......... .......... 25.2M
  1600K .......... .......... .......... .......... .......... 23.4M
  1650K .......... .......... .......... .......... .......... 38.3M
  1700K .......... .......... .......... .......... .......... 32.0M
  1750K .......... .......... .......... .......... .......... 35.9M
  1800K .......... .......... .......... .......... .....      32.8M=0.08s

2018-10-26 10:04:26 (22.8 MB/s) - '/fmi/data/nowcasting/201810260100_endtime201810260700_laps_skandinavia_DOMAIN=SCAND2_DewPoint.nc' saved [1889444]

nccopy -k 4 /fmi/data/nowcasting/201810260100_endtime201810260700_laps_skandinavia_DOMAIN=SCAND2_DewPoint.nc /fmi/data/nowcasting/obsdata.nc
/fmi/dev/python_virtualenvs/venv/bin/python call_interpolation_testi.py --obsdata /fmi/data/nowcasting/obsdata.nc --modeldata /fmi/data/nowcasting/modeldata.nc --seconds_between_steps 3600 --output_interpolate /fmi/dev/products/cache/nowcasting/{}_${DOMAIN}.nc --predictability 6 --parameter DewPoint --mode verif
/fmi/dev/python_virtualenvs/venv/lib/python2.7/site-packages/matplotlib/font_manager.py:273: UserWarning: Matplotlib is building the font cache using fc-list. This may take a moment.
  warnings.warn('Matplotlib is building the font cache using fc-list. This may take a moment.')
['R_max', 'R_min', 'cmap', 'config_colors', 'config_file_colors', 'farneback_params', 'fb_levels', 'fb_levelss', 'fb_params', 'fb_poly_n', 'fb_poly_ns', 'fb_poly_sigma', 'fb_winsize', 'fb_winsizes', 'fc_lengths', 'fields_interpolated_advection', 'fields_interpolated_linear', 'image_array1', 'image_array1_reshaped', 'image_array2', 'interpolated_advection', 'interpolated_linear', 'mask_nodata', 'mask_nodata1', 'mask_nodata2', 'mask_nodata_middle', 'n', 'nodata', 'nodata1', 'nodata2', 'outdir', 'outdir_elmo', 'outfile', 'predictability', 'predictabilitys', 'quantity1', 'quantity1_max', 'quantity1_min', 'quantity2', 'quantity2_max', 'quantity2_min', 'remotedir', 'remotehost', 'timestamp1', 'timestamp2', 'title', 'units', 'verif_interpolated_DMO', 'verif_interpolated_advection', 'verif_interpolated_linear', 'verif_interpolated_persistence', 'verif_metrics_used', 'verif_scores', 'vmax', 'vmin', 'y_ax_title']
cp /fmi/data/nowcasting/201810260100_endtime201810260700_laps_skandinavia_DOMAIN=SCAND2_DewPoint.nc /fmi/$FMI_RUN_ENV/products/cache/nowcasting
rm /fmi/data/nowcasting/201810260100_endtime201810260700_laps_skandinavia_DOMAIN=SCAND2_DewPoint.nc
cp /fmi/data/nowcasting/201810260100_fcst201810260700_pal_skandinavia_DOMAIN=SCAND2_DewPoint.nc /fmi/$FMI_RUN_ENV/products/cache/nowcasting
rm /fmi/data/nowcasting/201810260100_fcst201810260700_pal_skandinavia_DOMAIN=SCAND2_DewPoint.nc
wget -O /fmi/data/nowcasting/201810260100_fcst201810260700_pal_skandinavia_DOMAIN=SCAND2_Humidity.nc --no-proxy 'http://smartmet.fmi.fi/download?param=Humidity&producer=pal_skandinavia&format=netcdf&starttime=201810260100&endtime=201810260700&timestep=60&projection=stereographic&centrallongitude=20,centrallatitude=90,truelatitude=60&bbox=5,55,40,71'
--2018-10-26 10:05:01--  http://smartmet.fmi.fi/download?param=Humidity&producer=pal_skandinavia&format=netcdf&starttime=201810260100&endtime=201810260700&timestep=60&projection=stereographic&centrallongitude=20,centrallatitude=90,truelatitude=60&bbox=5,55,40,71
Resolving smartmet.fmi.fi (smartmet.fmi.fi)... 193.166.221.21
Connecting to smartmet.fmi.fi (smartmet.fmi.fi)|193.166.221.21|:80... connected.
HTTP request sent, awaiting response... 200 OK
Length: unspecified [application/octet-stream]
Saving to: '/fmi/data/nowcasting/201810260100_fcst201810260700_pal_skandinavia_DOMAIN=SCAND2_Humidity.nc'

     0K .......... .......... .......... .......... .......... 11.4M
    50K .......... .......... .......... .......... .......... 17.1M
   100K .......... .......... .......... .......... .......... 20.5M
   150K .......... .......... .......... .......... .......... 24.1M
   200K .......... .......... .......... .......... .......... 16.2M
   250K .......... .......... .......... .......... .......... 13.3M
   300K .......... .......... .......... .......... .......... 11.1M
   350K .......... .......... .......... .......... .......... 13.7M
   400K .......... .......... .......... .......... .......... 20.7M
   450K .......... .......... .......... .......... .......... 23.1M
   500K .......... .......... .......... .......... .......... 23.3M
   550K .......... .......... .......... .......... .......... 23.3M
   600K .......... .......... .......... .......... .......... 17.4M
   650K .......... .......... .......... .......... .......... 18.8M
   700K .......... .......... .......... .......... .......... 21.0M
   750K .......... .......... .......... .......... .......... 16.0M
   800K .......... .......... .......... .......... .......... 23.5M
   850K .......... .......... .......... .......... .......... 20.2M
   900K .......... .......... .......... .......... .......... 11.0M
   950K .......... .......... .......... .......... .......... 24.6M
  1000K .......... .......... .......... .......... .......... 32.1M
  1050K .......... .......... .......... .......... .......... 28.9M
  1100K .......... .......... .......... .......... .......... 20.0M
  1150K .......... .......... .......... .......... .......... 20.0M
  1200K .......... .......... .......... .......... .......... 23.2M
  1250K .......... .......... .......... .......... .......... 25.9M
  1300K .......... .......... .......... .......... .......... 20.7M
  1350K .......... .......... .......... .......... .......... 24.2M
  1400K .......... .......... .......... .......... .......... 15.4M
  1450K .......... .......... .......... .......... .......... 14.4M
  1500K .......... .......... .......... .......... .......... 21.5M
  1550K .......... .......... .......... .......... .......... 20.8M
  1600K .......... .......... .......... .......... .......... 23.3M
  1650K .......... .......... .......... .......... .......... 26.9M
  1700K .......... .......... .......... .......... .......... 16.8M
  1750K .......... .......... .......... .......... .......... 20.5M
  1800K .......... .......... .......... .......... .....      23.8M=0.1s

2018-10-26 10:05:01 (18.9 MB/s) - '/fmi/data/nowcasting/201810260100_fcst201810260700_pal_skandinavia_DOMAIN=SCAND2_Humidity.nc' saved [1889432]

wget -O /fmi/data/nowcasting/201810260100_endtime201810260700_laps_skandinavia_DOMAIN=SCAND2_Humidity.nc --no-proxy 'http://smartmet.fmi.fi/download?param=Humidity&producer=laps_skandinavia&format=netcdf&starttime=201810260100&endtime=201810260700&timestep=60&projection=stereographic&centrallongitude=20,centrallatitude=90,truelatitude=60&bbox=5,55,40,71&gridsize=222,236'
--2018-10-26 10:05:01--  http://smartmet.fmi.fi/download?param=Humidity&producer=laps_skandinavia&format=netcdf&starttime=201810260100&endtime=201810260700&timestep=60&projection=stereographic&centrallongitude=20,centrallatitude=90,truelatitude=60&bbox=5,55,40,71&gridsize=222,236
Resolving smartmet.fmi.fi (smartmet.fmi.fi)... 193.166.221.21
Connecting to smartmet.fmi.fi (smartmet.fmi.fi)|193.166.221.21|:80... connected.
HTTP request sent, awaiting response... 200 OK
Length: unspecified [application/octet-stream]
Saving to: '/fmi/data/nowcasting/201810260100_endtime201810260700_laps_skandinavia_DOMAIN=SCAND2_Humidity.nc'

     0K .......... .......... .......... .......... .......... 15.9M
    50K .......... .......... .......... .......... .......... 20.5M
   100K .......... .......... .......... .......... .......... 24.2M
   150K .......... .......... .......... .......... .......... 14.4M
   200K .......... .......... .......... .......... .......... 9.59M
   250K .......... .......... .......... .......... .......... 7.13M
   300K .......... .......... .......... .......... .......... 11.1M
   350K .......... .......... .......... .......... .......... 10.8M
   400K .......... .......... .......... .......... .......... 9.65M
   450K .......... .......... .......... .......... .......... 22.9M
   500K .......... .......... .......... .......... .......... 21.7M
   550K .......... .......... .......... .......... .......... 20.7M
   600K .......... .......... .......... .......... .......... 25.5M
   650K .......... .......... .......... .......... .......... 19.1M
   700K .......... .......... .......... .......... .......... 26.7M
   750K .......... .......... .......... .......... .......... 19.4M
   800K .......... .......... .......... .......... .......... 25.1M
   850K .......... .......... .......... .......... .......... 16.7M
   900K .......... .......... .......... .......... .......... 20.2M
   950K .......... .......... .......... .......... .......... 20.0M
  1000K .......... .......... .......... .......... .......... 22.6M
  1050K .......... .......... .......... .......... .......... 19.7M
  1100K .......... .......... .......... .......... .......... 14.3M
  1150K .......... .......... .......... .......... .......... 25.0M
  1200K .......... .......... .......... .......... .......... 10.7M
  1250K .......... .......... .......... .......... .......... 24.4M
  1300K .......... .......... .......... .......... .......... 18.7M
  1350K .......... .......... .......... .......... .......... 20.8M
  1400K .......... .......... .......... .......... .......... 21.2M
  1450K .......... .......... .......... .......... .......... 22.8M
  1500K .......... .......... .......... .......... .......... 19.7M
  1550K .......... .......... .......... .......... .......... 19.9M
  1600K .......... .......... .......... .......... .......... 19.9M
  1650K .......... .......... .......... .......... .......... 27.4M
  1700K .......... .......... .......... .......... .......... 31.4M
  1750K .......... .......... .......... .......... .......... 33.6M
  1800K .......... .......... .......... .......... .....      34.2M=0.1s

2018-10-26 10:05:02 (17.7 MB/s) - '/fmi/data/nowcasting/201810260100_endtime201810260700_laps_skandinavia_DOMAIN=SCAND2_Humidity.nc' saved [1889432]

nccopy -k 4 /fmi/data/nowcasting/201810260100_endtime201810260700_laps_skandinavia_DOMAIN=SCAND2_Humidity.nc /fmi/data/nowcasting/obsdata.nc
/fmi/dev/python_virtualenvs/venv/bin/python call_interpolation_testi.py --obsdata /fmi/data/nowcasting/obsdata.nc --modeldata /fmi/data/nowcasting/modeldata.nc --seconds_between_steps 3600 --output_interpolate /fmi/dev/products/cache/nowcasting/{}_${DOMAIN}.nc --predictability 6 --parameter Humidity --mode verif
/fmi/dev/python_virtualenvs/venv/lib/python2.7/site-packages/matplotlib/font_manager.py:273: UserWarning: Matplotlib is building the font cache using fc-list. This may take a moment.
  warnings.warn('Matplotlib is building the font cache using fc-list. This may take a moment.')
['R_max', 'R_min', 'cmap', 'config_colors', 'config_file_colors', 'farneback_params', 'fb_levels', 'fb_levelss', 'fb_params', 'fb_poly_n', 'fb_poly_ns', 'fb_poly_sigma', 'fb_winsize', 'fb_winsizes', 'fc_lengths', 'fields_interpolated_advection', 'fields_interpolated_linear', 'image_array1', 'image_array1_reshaped', 'image_array2', 'interpolated_advection', 'interpolated_linear', 'mask_nodata', 'mask_nodata1', 'mask_nodata2', 'mask_nodata_middle', 'n', 'nodata', 'nodata1', 'nodata2', 'outdir', 'outdir_elmo', 'outfile', 'predictability', 'predictabilitys', 'quantity1', 'quantity1_max', 'quantity1_min', 'quantity2', 'quantity2_max', 'quantity2_min', 'remotedir', 'remotehost', 'timestamp1', 'timestamp2', 'title', 'units', 'verif_interpolated_DMO', 'verif_interpolated_advection', 'verif_interpolated_linear', 'verif_interpolated_persistence', 'verif_metrics_used', 'verif_scores', 'vmax', 'vmin', 'y_ax_title']
cp /fmi/data/nowcasting/201810260100_endtime201810260700_laps_skandinavia_DOMAIN=SCAND2_Humidity.nc /fmi/$FMI_RUN_ENV/products/cache/nowcasting
rm /fmi/data/nowcasting/201810260100_endtime201810260700_laps_skandinavia_DOMAIN=SCAND2_Humidity.nc
cp /fmi/data/nowcasting/201810260100_fcst201810260700_pal_skandinavia_DOMAIN=SCAND2_Humidity.nc /fmi/$FMI_RUN_ENV/products/cache/nowcasting
rm /fmi/data/nowcasting/201810260100_fcst201810260700_pal_skandinavia_DOMAIN=SCAND2_Humidity.nc
wget -O /fmi/data/nowcasting/201810260100_fcst201810260700_pal_skandinavia_DOMAIN=SCAND2_WindSpeedMS.nc --no-proxy 'http://smartmet.fmi.fi/download?param=WindSpeedMS&producer=pal_skandinavia&format=netcdf&starttime=201810260100&endtime=201810260700&timestep=60&projection=stereographic&centrallongitude=20,centrallatitude=90,truelatitude=60&bbox=5,55,40,71'
--2018-10-26 10:05:36--  http://smartmet.fmi.fi/download?param=WindSpeedMS&producer=pal_skandinavia&format=netcdf&starttime=201810260100&endtime=201810260700&timestep=60&projection=stereographic&centrallongitude=20,centrallatitude=90,truelatitude=60&bbox=5,55,40,71
Resolving smartmet.fmi.fi (smartmet.fmi.fi)... 193.166.221.21
Connecting to smartmet.fmi.fi (smartmet.fmi.fi)|193.166.221.21|:80... connected.
HTTP request sent, awaiting response... 200 OK
Length: unspecified [application/octet-stream]
Saving to: '/fmi/data/nowcasting/201810260100_fcst201810260700_pal_skandinavia_DOMAIN=SCAND2_WindSpeedMS.nc'

     0K .......... .......... .......... .......... .......... 16.6M
    50K .......... .......... .......... .......... .......... 20.5M
   100K .......... .......... .......... .......... .......... 21.7M
   150K .......... .......... .......... .......... .......... 23.2M
   200K .......... .......... .......... .......... .......... 16.2M
   250K .......... .......... .......... .......... .......... 9.49M
   300K .......... .......... .......... .......... .......... 15.1M
   350K .......... .......... .......... .......... .......... 14.0M
   400K .......... .......... .......... .......... .......... 18.6M
   450K .......... .......... .......... .......... .......... 26.0M
   500K .......... .......... .......... .......... .......... 28.3M
   550K .......... .......... .......... .......... .......... 28.1M
   600K .......... .......... .......... .......... .......... 24.3M
   650K .......... .......... .......... .......... .......... 26.1M
   700K .......... .......... .......... .......... .......... 25.9M
   750K .......... .......... .......... .......... .......... 32.9M
   800K .......... .......... .......... .......... .......... 25.4M
   850K .......... .......... .......... .......... .......... 27.6M
   900K .......... .......... .......... .......... .......... 31.2M
   950K .......... .......... .......... .......... .......... 26.1M
  1000K .......... .......... .......... .......... .......... 25.9M
  1050K .......... .......... .......... .......... .......... 32.3M
  1100K .......... .......... .......... .......... .......... 28.1M
  1150K .......... .......... .......... .......... .......... 28.1M
  1200K .......... .......... .......... .......... .......... 26.0M
  1250K .......... .......... .......... .......... .......... 26.0M
  1300K .......... .......... .......... .......... .......... 26.3M
  1350K .......... .......... .......... .......... .......... 28.1M
  1400K .......... .......... .......... .......... .......... 27.6M
  1450K .......... .......... .......... .......... .......... 28.1M
  1500K .......... .......... .......... .......... .......... 29.6M
  1550K .......... .......... .......... .......... .......... 23.0M
  1600K .......... .......... .......... .......... .......... 30.5M
  1650K .......... .......... .......... .......... .......... 30.1M
  1700K .......... .......... .......... .......... .......... 29.9M
  1750K .......... .......... .......... .......... .......... 28.5M
  1800K .......... .......... .......... .......... .....      29.1M=0.08s

2018-10-26 10:05:36 (23.6 MB/s) - '/fmi/data/nowcasting/201810260100_fcst201810260700_pal_skandinavia_DOMAIN=SCAND2_WindSpeedMS.nc' saved [1889416]

wget -O /fmi/data/nowcasting/201810260100_endtime201810260700_laps_skandinavia_DOMAIN=SCAND2_WindSpeedMS.nc --no-proxy 'http://smartmet.fmi.fi/download?param=WindSpeedMS&producer=laps_skandinavia&format=netcdf&starttime=201810260100&endtime=201810260700&timestep=60&projection=stereographic&centrallongitude=20,centrallatitude=90,truelatitude=60&bbox=5,55,40,71&gridsize=222,236'
--2018-10-26 10:05:37--  http://smartmet.fmi.fi/download?param=WindSpeedMS&producer=laps_skandinavia&format=netcdf&starttime=201810260100&endtime=201810260700&timestep=60&projection=stereographic&centrallongitude=20,centrallatitude=90,truelatitude=60&bbox=5,55,40,71&gridsize=222,236
Resolving smartmet.fmi.fi (smartmet.fmi.fi)... 193.166.221.21
Connecting to smartmet.fmi.fi (smartmet.fmi.fi)|193.166.221.21|:80... connected.
HTTP request sent, awaiting response... 200 OK
Length: unspecified [application/octet-stream]
Saving to: '/fmi/data/nowcasting/201810260100_endtime201810260700_laps_skandinavia_DOMAIN=SCAND2_WindSpeedMS.nc'

     0K .......... .......... .......... .......... .......... 14.9M
    50K .......... .......... .......... .......... .......... 9.42M
   100K .......... .......... .......... .......... .......... 10.3M
   150K .......... .......... .......... .......... .......... 25.2M
   200K .......... .......... .......... .......... .......... 9.33M
   250K .......... .......... .......... .......... .......... 5.20M
   300K .......... .......... .......... .......... .......... 12.0M
   350K .......... .......... .......... .......... .......... 12.9M
   400K .......... .......... .......... .......... .......... 5.44M
   450K .......... .......... .......... .......... .......... 8.78M
   500K .......... .......... .......... .......... .......... 13.1M
   550K .......... .......... .......... .......... .......... 11.8M
   600K .......... .......... .......... .......... .......... 7.44M
   650K .......... .......... .......... .......... .......... 7.62M
   700K .......... .......... .......... .......... .......... 16.2M
   750K .......... .......... .......... .......... .......... 20.1M
   800K .......... .......... .......... .......... .......... 19.0M
   850K .......... .......... .......... .......... .......... 21.5M
   900K .......... .......... .......... .......... .......... 21.5M
   950K .......... .......... .......... .......... .......... 19.6M
  1000K .......... .......... .......... .......... .......... 17.1M
  1050K .......... .......... .......... .......... .......... 21.4M
  1100K .......... .......... .......... .......... .......... 21.7M
  1150K .......... .......... .......... .......... .......... 8.00M
  1200K .......... .......... .......... .......... .......... 15.9M
  1250K .......... .......... .......... .......... .......... 17.4M
  1300K .......... .......... .......... .......... .......... 14.2M
  1350K .......... .......... .......... .......... .......... 9.56M
  1400K .......... .......... .......... .......... .......... 14.6M
  1450K .......... .......... .......... .......... .......... 15.2M
  1500K .......... .......... .......... .......... .......... 19.5M
  1550K .......... .......... .......... .......... .......... 18.0M
  1600K .......... .......... .......... .......... .......... 13.2M
  1650K .......... .......... .......... .......... ..........  103M
  1700K .......... .......... .......... .......... .......... 24.9M
  1750K .......... .......... .......... .......... .......... 7.04M
  1800K .......... .......... .......... .......... .....      28.8M=0.1s

2018-10-26 10:05:37 (12.7 MB/s) - '/fmi/data/nowcasting/201810260100_endtime201810260700_laps_skandinavia_DOMAIN=SCAND2_WindSpeedMS.nc' saved [1889416]

nccopy -k 4 /fmi/data/nowcasting/201810260100_endtime201810260700_laps_skandinavia_DOMAIN=SCAND2_WindSpeedMS.nc /fmi/data/nowcasting/obsdata.nc
/fmi/dev/python_virtualenvs/venv/bin/python call_interpolation_testi.py --obsdata /fmi/data/nowcasting/obsdata.nc --modeldata /fmi/data/nowcasting/modeldata.nc --seconds_between_steps 3600 --output_interpolate /fmi/dev/products/cache/nowcasting/{}_${DOMAIN}.nc --predictability 6 --parameter WindSpeedMS --mode verif
/fmi/dev/python_virtualenvs/venv/lib/python2.7/site-packages/matplotlib/font_manager.py:273: UserWarning: Matplotlib is building the font cache using fc-list. This may take a moment.
  warnings.warn('Matplotlib is building the font cache using fc-list. This may take a moment.')
['R_max', 'R_min', 'cmap', 'config_colors', 'config_file_colors', 'farneback_params', 'fb_levels', 'fb_levelss', 'fb_params', 'fb_poly_n', 'fb_poly_ns', 'fb_poly_sigma', 'fb_winsize', 'fb_winsizes', 'fc_lengths', 'fields_interpolated_advection', 'fields_interpolated_linear', 'image_array1', 'image_array1_reshaped', 'image_array2', 'interpolated_advection', 'interpolated_linear', 'mask_nodata', 'mask_nodata1', 'mask_nodata2', 'mask_nodata_middle', 'n', 'nodata', 'nodata1', 'nodata2', 'outdir', 'outdir_elmo', 'outfile', 'predictability', 'predictabilitys', 'quantity1', 'quantity1_max', 'quantity1_min', 'quantity2', 'quantity2_max', 'quantity2_min', 'remotedir', 'remotehost', 'timestamp1', 'timestamp2', 'title', 'units', 'verif_interpolated_DMO', 'verif_interpolated_advection', 'verif_interpolated_linear', 'verif_interpolated_persistence', 'verif_metrics_used', 'verif_scores', 'vmax', 'vmin', 'y_ax_title']
cp /fmi/data/nowcasting/201810260100_endtime201810260700_laps_skandinavia_DOMAIN=SCAND2_WindSpeedMS.nc /fmi/$FMI_RUN_ENV/products/cache/nowcasting
rm /fmi/data/nowcasting/201810260100_endtime201810260700_laps_skandinavia_DOMAIN=SCAND2_WindSpeedMS.nc
cp /fmi/data/nowcasting/201810260100_fcst201810260700_pal_skandinavia_DOMAIN=SCAND2_WindSpeedMS.nc /fmi/$FMI_RUN_ENV/products/cache/nowcasting
rm /fmi/data/nowcasting/201810260100_fcst201810260700_pal_skandinavia_DOMAIN=SCAND2_WindSpeedMS.nc
wget -O /fmi/data/nowcasting/201810260100_fcst201810260700_pal_skandinavia_DOMAIN=SCAND2_WindDirection.nc --no-proxy 'http://smartmet.fmi.fi/download?param=WindDirection&producer=pal_skandinavia&format=netcdf&starttime=201810260100&endtime=201810260700&timestep=60&projection=stereographic&centrallongitude=20,centrallatitude=90,truelatitude=60&bbox=5,55,40,71'
--2018-10-26 10:06:11--  http://smartmet.fmi.fi/download?param=WindDirection&producer=pal_skandinavia&format=netcdf&starttime=201810260100&endtime=201810260700&timestep=60&projection=stereographic&centrallongitude=20,centrallatitude=90,truelatitude=60&bbox=5,55,40,71
Resolving smartmet.fmi.fi (smartmet.fmi.fi)... 193.166.221.21
Connecting to smartmet.fmi.fi (smartmet.fmi.fi)|193.166.221.21|:80... connected.
HTTP request sent, awaiting response... 200 OK
Length: unspecified [application/octet-stream]
Saving to: '/fmi/data/nowcasting/201810260100_fcst201810260700_pal_skandinavia_DOMAIN=SCAND2_WindDirection.nc'

     0K .......... .......... .......... .......... .......... 13.3M
    50K .......... .......... .......... .......... .......... 18.5M
   100K .......... .......... .......... .......... .......... 13.6M
   150K .......... .......... .......... .......... .......... 18.6M
   200K .......... .......... .......... .......... .......... 12.9M
   250K .......... .......... .......... .......... .......... 16.1M
   300K .......... .......... .......... .......... .......... 14.0M
   350K .......... .......... .......... .......... .......... 14.1M
   400K .......... .......... .......... .......... .......... 20.2M
   450K .......... .......... .......... .......... .......... 17.5M
   500K .......... .......... .......... .......... .......... 26.7M
   550K .......... .......... .......... .......... .......... 31.8M
   600K .......... .......... .......... .......... .......... 24.6M
   650K .......... .......... .......... .......... .......... 23.3M
   700K .......... .......... .......... .......... .......... 19.3M
   750K .......... .......... .......... .......... .......... 20.1M
   800K .......... .......... .......... .......... .......... 24.8M
   850K .......... .......... .......... .......... .......... 25.4M
   900K .......... .......... .......... .......... .......... 24.7M
   950K .......... .......... .......... .......... .......... 26.6M
  1000K .......... .......... .......... .......... .......... 23.0M
  1050K .......... .......... .......... .......... .......... 22.4M
  1100K .......... .......... .......... .......... .......... 21.3M
  1150K .......... .......... .......... .......... .......... 23.5M
  1200K .......... .......... .......... .......... .......... 21.9M
  1250K .......... .......... .......... .......... .......... 23.7M
  1300K .......... .......... .......... .......... .......... 26.1M
  1350K .......... .......... .......... .......... .......... 27.7M
  1400K .......... .......... .......... .......... .......... 32.3M
  1450K .......... .......... .......... .......... .......... 27.4M
  1500K .......... .......... .......... .......... .......... 23.1M
  1550K .......... .......... .......... .......... .......... 26.4M
  1600K .......... .......... .......... .......... .......... 28.3M
  1650K .......... .......... .......... .......... .......... 26.8M
  1700K .......... .......... .......... .......... .......... 26.6M
  1750K .......... .......... .......... .......... .......... 25.8M
  1800K .......... .......... .......... .......... .....      27.9M=0.08s

2018-10-26 10:06:11 (21.4 MB/s) - '/fmi/data/nowcasting/201810260100_fcst201810260700_pal_skandinavia_DOMAIN=SCAND2_WindDirection.nc' saved [1889436]

wget -O /fmi/data/nowcasting/201810260100_endtime201810260700_laps_skandinavia_DOMAIN=SCAND2_WindDirection.nc --no-proxy 'http://smartmet.fmi.fi/download?param=WindDirection&producer=laps_skandinavia&format=netcdf&starttime=201810260100&endtime=201810260700&timestep=60&projection=stereographic&centrallongitude=20,centrallatitude=90,truelatitude=60&bbox=5,55,40,71&gridsize=222,236'
--2018-10-26 10:06:11--  http://smartmet.fmi.fi/download?param=WindDirection&producer=laps_skandinavia&format=netcdf&starttime=201810260100&endtime=201810260700&timestep=60&projection=stereographic&centrallongitude=20,centrallatitude=90,truelatitude=60&bbox=5,55,40,71&gridsize=222,236
Resolving smartmet.fmi.fi (smartmet.fmi.fi)... 193.166.221.21
Connecting to smartmet.fmi.fi (smartmet.fmi.fi)|193.166.221.21|:80... connected.
HTTP request sent, awaiting response... 200 OK
Length: unspecified [application/octet-stream]
Saving to: '/fmi/data/nowcasting/201810260100_endtime201810260700_laps_skandinavia_DOMAIN=SCAND2_WindDirection.nc'

     0K .......... .......... .......... .......... .......... 16.4M
    50K .......... .......... .......... .......... .......... 20.3M
   100K .......... .......... .......... .......... .......... 24.0M
   150K .......... .......... .......... .......... .......... 19.0M
   200K .......... .......... .......... .......... .......... 16.7M
   250K .......... .......... .......... .......... .......... 14.1M
   300K .......... .......... .......... .......... .......... 15.8M
   350K .......... .......... .......... .......... .......... 16.7M
   400K .......... .......... .......... .......... .......... 19.2M
   450K .......... .......... .......... .......... .......... 15.3M
   500K .......... .......... .......... .......... .......... 20.3M
   550K .......... .......... .......... .......... .......... 18.1M
   600K .......... .......... .......... .......... .......... 21.8M
   650K .......... .......... .......... .......... .......... 16.7M
   700K .......... .......... .......... .......... .......... 19.0M
   750K .......... .......... .......... .......... .......... 19.6M
   800K .......... .......... .......... .......... .......... 22.5M
   850K .......... .......... .......... .......... .......... 19.9M
   900K .......... .......... .......... .......... .......... 10.1M
   950K .......... .......... .......... .......... .......... 18.0M
  1000K .......... .......... .......... .......... .......... 17.9M
  1050K .......... .......... .......... .......... .......... 18.8M
  1100K .......... .......... .......... .......... .......... 19.0M
  1150K .......... .......... .......... .......... .......... 21.7M
  1200K .......... .......... .......... .......... .......... 23.3M
  1250K .......... .......... .......... .......... .......... 20.5M
  1300K .......... .......... .......... .......... .......... 18.5M
  1350K .......... .......... .......... .......... .......... 17.9M
  1400K .......... .......... .......... .......... .......... 23.3M
  1450K .......... .......... .......... .......... .......... 22.5M
  1500K .......... .......... .......... .......... .......... 17.7M
  1550K .......... .......... .......... .......... .......... 17.7M
  1600K .......... .......... .......... .......... .......... 19.5M
  1650K .......... .......... .......... .......... .......... 20.1M
  1700K .......... .......... .......... .......... .......... 37.6M
  1750K .......... .......... .......... .......... .......... 34.5M
  1800K .......... .......... .......... .......... .....      33.9M=0.09s

2018-10-26 10:06:12 (19.1 MB/s) - '/fmi/data/nowcasting/201810260100_endtime201810260700_laps_skandinavia_DOMAIN=SCAND2_WindDirection.nc' saved [1889436]

nccopy -k 4 /fmi/data/nowcasting/201810260100_endtime201810260700_laps_skandinavia_DOMAIN=SCAND2_WindDirection.nc /fmi/data/nowcasting/obsdata.nc
/fmi/dev/python_virtualenvs/venv/bin/python call_interpolation_testi.py --obsdata /fmi/data/nowcasting/obsdata.nc --modeldata /fmi/data/nowcasting/modeldata.nc --seconds_between_steps 3600 --output_interpolate /fmi/dev/products/cache/nowcasting/{}_${DOMAIN}.nc --predictability 6 --parameter WindDirection --mode verif
/fmi/dev/python_virtualenvs/venv/lib/python2.7/site-packages/matplotlib/font_manager.py:273: UserWarning: Matplotlib is building the font cache using fc-list. This may take a moment.
  warnings.warn('Matplotlib is building the font cache using fc-list. This may take a moment.')
['R_max', 'R_min', 'cmap', 'config_colors', 'config_file_colors', 'farneback_params', 'fb_levels', 'fb_levelss', 'fb_params', 'fb_poly_n', 'fb_poly_ns', 'fb_poly_sigma', 'fb_winsize', 'fb_winsizes', 'fc_lengths', 'fields_interpolated_advection', 'fields_interpolated_linear', 'image_array1', 'image_array1_reshaped', 'image_array2', 'interpolated_advection', 'interpolated_linear', 'mask_nodata', 'mask_nodata1', 'mask_nodata2', 'mask_nodata_middle', 'n', 'nodata', 'nodata1', 'nodata2', 'outdir', 'outdir_elmo', 'outfile', 'predictability', 'predictabilitys', 'quantity1', 'quantity1_max', 'quantity1_min', 'quantity2', 'quantity2_max', 'quantity2_min', 'remotedir', 'remotehost', 'timestamp1', 'timestamp2', 'title', 'units', 'verif_interpolated_DMO', 'verif_interpolated_advection', 'verif_interpolated_linear', 'verif_interpolated_persistence', 'verif_metrics_used', 'verif_scores', 'vmax', 'vmin', 'y_ax_title']
cp /fmi/data/nowcasting/201810260100_endtime201810260700_laps_skandinavia_DOMAIN=SCAND2_WindDirection.nc /fmi/$FMI_RUN_ENV/products/cache/nowcasting
rm /fmi/data/nowcasting/201810260100_endtime201810260700_laps_skandinavia_DOMAIN=SCAND2_WindDirection.nc
cp /fmi/data/nowcasting/201810260100_fcst201810260700_pal_skandinavia_DOMAIN=SCAND2_WindDirection.nc /fmi/$FMI_RUN_ENV/products/cache/nowcasting
rm /fmi/data/nowcasting/201810260100_fcst201810260700_pal_skandinavia_DOMAIN=SCAND2_WindDirection.nc
wget -O /fmi/data/nowcasting/201810260100_fcst201810260700_pal_skandinavia_DOMAIN=SCAND2_WindUMS.nc --no-proxy 'http://smartmet.fmi.fi/download?param=WindUMS&producer=pal_skandinavia&format=netcdf&starttime=201810260100&endtime=201810260700&timestep=60&projection=stereographic&centrallongitude=20,centrallatitude=90,truelatitude=60&bbox=5,55,40,71'
--2018-10-26 10:06:45--  http://smartmet.fmi.fi/download?param=WindUMS&producer=pal_skandinavia&format=netcdf&starttime=201810260100&endtime=201810260700&timestep=60&projection=stereographic&centrallongitude=20,centrallatitude=90,truelatitude=60&bbox=5,55,40,71
Resolving smartmet.fmi.fi (smartmet.fmi.fi)... 193.166.221.21
Connecting to smartmet.fmi.fi (smartmet.fmi.fi)|193.166.221.21|:80... connected.
HTTP request sent, awaiting response... 200 OK
Length: unspecified [application/octet-stream]
Saving to: '/fmi/data/nowcasting/201810260100_fcst201810260700_pal_skandinavia_DOMAIN=SCAND2_WindUMS.nc'

     0K .......... .......... .......... .......... .......... 15.7M
    50K .......... .......... .......... .......... .......... 19.4M
   100K .......... .......... .......... .......... .......... 22.3M
   150K .......... .......... .......... .......... .......... 21.6M
   200K .......... .......... .......... .......... .......... 11.0M
   250K .......... .......... .......... .......... .......... 13.2M
   300K .......... .......... .......... .......... .......... 16.0M
   350K .......... .......... .......... .......... .......... 12.7M
   400K .......... .......... .......... .......... .......... 14.8M
   450K .......... .......... .......... .......... .......... 20.5M
   500K .......... .......... .......... .......... .......... 21.6M
   550K .......... .......... .......... .......... .......... 17.9M
   600K .......... .......... .......... .......... .......... 18.8M
   650K .......... .......... .......... .......... .......... 14.6M
   700K .......... .......... .......... .......... .......... 13.5M
   750K .......... .......... .......... .......... .......... 19.2M
   800K .......... .......... .......... .......... .......... 25.4M
   850K .......... .......... .......... .......... .......... 20.7M
   900K .......... .......... .......... .......... .......... 20.2M
   950K .......... .......... .......... .......... .......... 24.0M
  1000K .......... .......... .......... .......... .......... 22.5M
  1050K .......... .......... .......... .......... .......... 24.2M
  1100K .......... .......... .......... .......... .......... 24.6M
  1150K .......... .......... .......... .......... .......... 23.3M
  1200K .......... .......... .......... .......... .......... 21.8M
  1250K .......... .......... .......... .......... .......... 21.6M
  1300K .......... .......... .......... .......... .......... 25.1M
  1350K .......... .......... .......... .......... .......... 22.3M
  1400K .......... .......... .......... .......... .......... 21.7M
  1450K .......... .......... .......... .......... .......... 21.3M
  1500K .......... .......... .......... .......... .......... 21.1M
  1550K .......... .......... .......... .......... .......... 22.4M
  1600K .......... .......... .......... .......... .......... 23.9M
  1650K .......... .......... .......... .......... .......... 22.8M
  1700K .......... .......... .......... .......... .......... 18.7M
  1750K .......... .......... .......... .......... .......... 23.5M
  1800K .......... .......... .......... .......... .....      24.1M=0.09s

2018-10-26 10:06:45 (19.3 MB/s) - '/fmi/data/nowcasting/201810260100_fcst201810260700_pal_skandinavia_DOMAIN=SCAND2_WindUMS.nc' saved [1889424]

wget -O /fmi/data/nowcasting/201810260100_endtime201810260700_laps_skandinavia_DOMAIN=SCAND2_WindUMS.nc --no-proxy 'http://smartmet.fmi.fi/download?param=WindUMS&producer=laps_skandinavia&format=netcdf&starttime=201810260100&endtime=201810260700&timestep=60&projection=stereographic&centrallongitude=20,centrallatitude=90,truelatitude=60&bbox=5,55,40,71&gridsize=222,236'
--2018-10-26 10:06:45--  http://smartmet.fmi.fi/download?param=WindUMS&producer=laps_skandinavia&format=netcdf&starttime=201810260100&endtime=201810260700&timestep=60&projection=stereographic&centrallongitude=20,centrallatitude=90,truelatitude=60&bbox=5,55,40,71&gridsize=222,236
Resolving smartmet.fmi.fi (smartmet.fmi.fi)... 193.166.221.21
Connecting to smartmet.fmi.fi (smartmet.fmi.fi)|193.166.221.21|:80... connected.
HTTP request sent, awaiting response... 200 OK
Length: unspecified [application/octet-stream]
Saving to: '/fmi/data/nowcasting/201810260100_endtime201810260700_laps_skandinavia_DOMAIN=SCAND2_WindUMS.nc'

     0K .......... .......... .......... .......... .......... 13.1M
    50K .......... .......... .......... .......... .......... 22.6M
   100K .......... .......... .......... .......... .......... 23.2M
   150K .......... .......... .......... .......... .......... 24.8M
   200K .......... .......... .......... .......... .......... 16.6M
   250K .......... .......... .......... .......... .......... 17.5M
   300K .......... .......... .......... .......... .......... 16.7M
   350K .......... .......... .......... .......... .......... 16.6M
   400K .......... .......... .......... .......... .......... 17.4M
   450K .......... .......... .......... .......... .......... 20.1M
   500K .......... .......... .......... .......... .......... 19.5M
   550K .......... .......... .......... .......... .......... 17.7M
   600K .......... .......... .......... .......... .......... 18.5M
   650K .......... .......... .......... .......... .......... 20.1M
   700K .......... .......... .......... .......... .......... 20.8M
   750K .......... .......... .......... .......... .......... 21.4M
   800K .......... .......... .......... .......... .......... 19.4M
   850K .......... .......... .......... .......... .......... 19.3M
   900K .......... .......... .......... .......... .......... 20.9M
   950K .......... .......... .......... .......... .......... 20.2M
  1000K .......... .......... .......... .......... .......... 20.3M
  1050K .......... .......... .......... .......... .......... 17.8M
  1100K .......... .......... .......... .......... .......... 19.2M
  1150K .......... .......... .......... .......... .......... 20.6M
  1200K .......... .......... .......... .......... .......... 19.1M
  1250K .......... .......... .......... .......... .......... 17.8M
  1300K .......... .......... .......... .......... .......... 15.8M
  1350K .......... .......... .......... .......... .......... 14.1M
  1400K .......... .......... .......... .......... .......... 18.5M
  1450K .......... .......... .......... .......... .......... 19.5M
  1500K .......... .......... .......... .......... .......... 19.5M
  1550K .......... .......... .......... .......... .......... 20.3M
  1600K .......... .......... .......... .......... .......... 20.5M
  1650K .......... .......... .......... .......... .......... 25.5M
  1700K .......... .......... .......... .......... .......... 32.6M
  1750K .......... .......... .......... .......... .......... 32.3M
  1800K .......... .......... .......... .......... .....      36.6M=0.09s

2018-10-26 10:06:45 (19.6 MB/s) - '/fmi/data/nowcasting/201810260100_endtime201810260700_laps_skandinavia_DOMAIN=SCAND2_WindUMS.nc' saved [1889424]

nccopy -k 4 /fmi/data/nowcasting/201810260100_endtime201810260700_laps_skandinavia_DOMAIN=SCAND2_WindUMS.nc /fmi/data/nowcasting/obsdata.nc
/fmi/dev/python_virtualenvs/venv/bin/python call_interpolation_testi.py --obsdata /fmi/data/nowcasting/obsdata.nc --modeldata /fmi/data/nowcasting/modeldata.nc --seconds_between_steps 3600 --output_interpolate /fmi/dev/products/cache/nowcasting/{}_${DOMAIN}.nc --predictability 6 --parameter WindUMS --mode verif
/fmi/dev/python_virtualenvs/venv/lib/python2.7/site-packages/matplotlib/font_manager.py:273: UserWarning: Matplotlib is building the font cache using fc-list. This may take a moment.
  warnings.warn('Matplotlib is building the font cache using fc-list. This may take a moment.')
['R_max', 'R_min', 'cmap', 'config_colors', 'config_file_colors', 'farneback_params', 'fb_levels', 'fb_levelss', 'fb_params', 'fb_poly_n', 'fb_poly_ns', 'fb_poly_sigma', 'fb_winsize', 'fb_winsizes', 'fc_lengths', 'fields_interpolated_advection', 'fields_interpolated_linear', 'image_array1', 'image_array1_reshaped', 'image_array2', 'interpolated_advection', 'interpolated_linear', 'mask_nodata', 'mask_nodata1', 'mask_nodata2', 'mask_nodata_middle', 'n', 'nodata', 'nodata1', 'nodata2', 'outdir', 'outdir_elmo', 'outfile', 'predictability', 'predictabilitys', 'quantity1', 'quantity1_max', 'quantity1_min', 'quantity2', 'quantity2_max', 'quantity2_min', 'remotedir', 'remotehost', 'timestamp1', 'timestamp2', 'title', 'units', 'verif_interpolated_DMO', 'verif_interpolated_advection', 'verif_interpolated_linear', 'verif_interpolated_persistence', 'verif_metrics_used', 'verif_scores', 'vmax', 'vmin', 'y_ax_title']
cp /fmi/data/nowcasting/201810260100_endtime201810260700_laps_skandinavia_DOMAIN=SCAND2_WindUMS.nc /fmi/$FMI_RUN_ENV/products/cache/nowcasting
rm /fmi/data/nowcasting/201810260100_endtime201810260700_laps_skandinavia_DOMAIN=SCAND2_WindUMS.nc
cp /fmi/data/nowcasting/201810260100_fcst201810260700_pal_skandinavia_DOMAIN=SCAND2_WindUMS.nc /fmi/$FMI_RUN_ENV/products/cache/nowcasting
rm /fmi/data/nowcasting/201810260100_fcst201810260700_pal_skandinavia_DOMAIN=SCAND2_WindUMS.nc
wget -O /fmi/data/nowcasting/201810260100_fcst201810260700_pal_skandinavia_DOMAIN=SCAND2_WindVMS.nc --no-proxy 'http://smartmet.fmi.fi/download?param=WindVMS&producer=pal_skandinavia&format=netcdf&starttime=201810260100&endtime=201810260700&timestep=60&projection=stereographic&centrallongitude=20,centrallatitude=90,truelatitude=60&bbox=5,55,40,71'
--2018-10-26 10:07:18--  http://smartmet.fmi.fi/download?param=WindVMS&producer=pal_skandinavia&format=netcdf&starttime=201810260100&endtime=201810260700&timestep=60&projection=stereographic&centrallongitude=20,centrallatitude=90,truelatitude=60&bbox=5,55,40,71
Resolving smartmet.fmi.fi (smartmet.fmi.fi)... 193.166.221.21
Connecting to smartmet.fmi.fi (smartmet.fmi.fi)|193.166.221.21|:80... connected.
HTTP request sent, awaiting response... 200 OK
Length: unspecified [application/octet-stream]
Saving to: '/fmi/data/nowcasting/201810260100_fcst201810260700_pal_skandinavia_DOMAIN=SCAND2_WindVMS.nc'

     0K .......... .......... .......... .......... .......... 13.1M
    50K .......... .......... .......... .......... .......... 15.1M
   100K .......... .......... .......... .......... .......... 22.0M
   150K .......... .......... .......... .......... .......... 20.5M
   200K .......... .......... .......... .......... .......... 16.4M
   250K .......... .......... .......... .......... .......... 8.94M
   300K .......... .......... .......... .......... .......... 13.5M
   350K .......... .......... .......... .......... .......... 17.1M
   400K .......... .......... .......... .......... .......... 20.6M
   450K .......... .......... .......... .......... .......... 22.9M
   500K .......... .......... .......... .......... .......... 11.2M
   550K .......... .......... .......... .......... .......... 9.68M
   600K .......... .......... .......... .......... .......... 17.2M
   650K .......... .......... .......... .......... .......... 19.4M
   700K .......... .......... .......... .......... .......... 19.9M
   750K .......... .......... .......... .......... .......... 11.3M
   800K .......... .......... .......... .......... .......... 12.3M
   850K .......... .......... .......... .......... .......... 8.16M
   900K .......... .......... .......... .......... .......... 20.1M
   950K .......... .......... .......... .......... .......... 23.7M
  1000K .......... .......... .......... .......... .......... 21.2M
  1050K .......... .......... .......... .......... .......... 26.3M
  1100K .......... .......... .......... .......... .......... 12.6M
  1150K .......... .......... .......... .......... .......... 6.06M
  1200K .......... .......... .......... .......... .......... 17.8M
  1250K .......... .......... .......... .......... .......... 16.9M
  1300K .......... .......... .......... .......... .......... 18.8M
  1350K .......... .......... .......... .......... .......... 25.9M
  1400K .......... .......... .......... .......... .......... 19.3M
  1450K .......... .......... .......... .......... .......... 14.4M
  1500K .......... .......... .......... .......... .......... 23.7M
  1550K .......... .......... .......... .......... .......... 11.1M
  1600K .......... .......... .......... .......... .......... 6.67M
  1650K .......... .......... .......... .......... .......... 20.8M
  1700K .......... .......... .......... .......... .......... 23.5M
  1750K .......... .......... .......... .......... .......... 25.1M
  1800K .......... .......... .......... .......... .....      23.4M=0.1s

2018-10-26 10:07:18 (14.9 MB/s) - '/fmi/data/nowcasting/201810260100_fcst201810260700_pal_skandinavia_DOMAIN=SCAND2_WindVMS.nc' saved [1889428]

wget -O /fmi/data/nowcasting/201810260100_endtime201810260700_laps_skandinavia_DOMAIN=SCAND2_WindVMS.nc --no-proxy 'http://smartmet.fmi.fi/download?param=WindVMS&producer=laps_skandinavia&format=netcdf&starttime=201810260100&endtime=201810260700&timestep=60&projection=stereographic&centrallongitude=20,centrallatitude=90,truelatitude=60&bbox=5,55,40,71&gridsize=222,236'
--2018-10-26 10:07:19--  http://smartmet.fmi.fi/download?param=WindVMS&producer=laps_skandinavia&format=netcdf&starttime=201810260100&endtime=201810260700&timestep=60&projection=stereographic&centrallongitude=20,centrallatitude=90,truelatitude=60&bbox=5,55,40,71&gridsize=222,236
Resolving smartmet.fmi.fi (smartmet.fmi.fi)... 193.166.221.21
Connecting to smartmet.fmi.fi (smartmet.fmi.fi)|193.166.221.21|:80... connected.
HTTP request sent, awaiting response... 200 OK
Length: unspecified [application/octet-stream]
Saving to: '/fmi/data/nowcasting/201810260100_endtime201810260700_laps_skandinavia_DOMAIN=SCAND2_WindVMS.nc'

     0K .......... .......... .......... .......... .......... 16.1M
    50K .......... .......... .......... .......... .......... 19.7M
   100K .......... .......... .......... .......... .......... 21.6M
   150K .......... .......... .......... .......... .......... 23.6M
   200K .......... .......... .......... .......... .......... 15.9M
   250K .......... .......... .......... .......... .......... 14.8M
   300K .......... .......... .......... .......... .......... 15.2M
   350K .......... .......... .......... .......... .......... 14.6M
   400K .......... .......... .......... .......... .......... 17.0M
   450K .......... .......... .......... .......... .......... 19.2M
   500K .......... .......... .......... .......... .......... 16.5M
   550K .......... .......... .......... .......... .......... 13.7M
   600K .......... .......... .......... .......... .......... 18.6M
   650K .......... .......... .......... .......... .......... 15.7M
   700K .......... .......... .......... .......... .......... 18.4M
   750K .......... .......... .......... .......... .......... 15.3M
   800K .......... .......... .......... .......... .......... 16.8M
   850K .......... .......... .......... .......... .......... 16.9M
   900K .......... .......... .......... .......... .......... 19.1M
   950K .......... .......... .......... .......... .......... 20.0M
  1000K .......... .......... .......... .......... .......... 21.3M
  1050K .......... .......... .......... .......... .......... 19.8M
  1100K .......... .......... .......... .......... .......... 19.4M
  1150K .......... .......... .......... .......... .......... 17.6M
  1200K .......... .......... .......... .......... .......... 18.3M
  1250K .......... .......... .......... .......... .......... 18.7M
  1300K .......... .......... .......... .......... .......... 19.4M
  1350K .......... .......... .......... .......... .......... 18.9M
  1400K .......... .......... .......... .......... .......... 18.1M
  1450K .......... .......... .......... .......... .......... 18.2M
  1500K .......... .......... .......... .......... .......... 19.7M
  1550K .......... .......... .......... .......... .......... 16.0M
  1600K .......... .......... .......... .......... .......... 21.1M
  1650K .......... .......... .......... .......... .......... 31.0M
  1700K .......... .......... .......... .......... .......... 34.7M
  1750K .......... .......... .......... .......... .......... 33.5M
  1800K .......... .......... .......... .......... .....      27.5M=0.1s

2018-10-26 10:07:19 (18.6 MB/s) - '/fmi/data/nowcasting/201810260100_endtime201810260700_laps_skandinavia_DOMAIN=SCAND2_WindVMS.nc' saved [1889428]

nccopy -k 4 /fmi/data/nowcasting/201810260100_endtime201810260700_laps_skandinavia_DOMAIN=SCAND2_WindVMS.nc /fmi/data/nowcasting/obsdata.nc
/fmi/dev/python_virtualenvs/venv/bin/python call_interpolation_testi.py --obsdata /fmi/data/nowcasting/obsdata.nc --modeldata /fmi/data/nowcasting/modeldata.nc --seconds_between_steps 3600 --output_interpolate /fmi/dev/products/cache/nowcasting/{}_${DOMAIN}.nc --predictability 6 --parameter WindVMS --mode verif
/fmi/dev/python_virtualenvs/venv/lib/python2.7/site-packages/matplotlib/font_manager.py:273: UserWarning: Matplotlib is building the font cache using fc-list. This may take a moment.
  warnings.warn('Matplotlib is building the font cache using fc-list. This may take a moment.')
['R_max', 'R_min', 'cmap', 'config_colors', 'config_file_colors', 'farneback_params', 'fb_levels', 'fb_levelss', 'fb_params', 'fb_poly_n', 'fb_poly_ns', 'fb_poly_sigma', 'fb_winsize', 'fb_winsizes', 'fc_lengths', 'fields_interpolated_advection', 'fields_interpolated_linear', 'image_array1', 'image_array1_reshaped', 'image_array2', 'interpolated_advection', 'interpolated_linear', 'mask_nodata', 'mask_nodata1', 'mask_nodata2', 'mask_nodata_middle', 'n', 'nodata', 'nodata1', 'nodata2', 'outdir', 'outdir_elmo', 'outfile', 'predictability', 'predictabilitys', 'quantity1', 'quantity1_max', 'quantity1_min', 'quantity2', 'quantity2_max', 'quantity2_min', 'remotedir', 'remotehost', 'timestamp1', 'timestamp2', 'title', 'units', 'verif_interpolated_DMO', 'verif_interpolated_advection', 'verif_interpolated_linear', 'verif_interpolated_persistence', 'verif_metrics_used', 'verif_scores', 'vmax', 'vmin', 'y_ax_title']
cp /fmi/data/nowcasting/201810260100_endtime201810260700_laps_skandinavia_DOMAIN=SCAND2_WindVMS.nc /fmi/$FMI_RUN_ENV/products/cache/nowcasting
rm /fmi/data/nowcasting/201810260100_endtime201810260700_laps_skandinavia_DOMAIN=SCAND2_WindVMS.nc
cp /fmi/data/nowcasting/201810260100_fcst201810260700_pal_skandinavia_DOMAIN=SCAND2_WindVMS.nc /fmi/$FMI_RUN_ENV/products/cache/nowcasting
rm /fmi/data/nowcasting/201810260100_fcst201810260700_pal_skandinavia_DOMAIN=SCAND2_WindVMS.nc
/fmi/dev/run/nowcasting /fmi/dev/run/nowcasting
/fmi/dev/run/nowcasting
