/fmi/data/nowcasting/
/fmi/dev/products/cache/nowcasting/
201807060700
201807061300
201807060100
--2018-07-06 10:16:08--  http://smartmet.fmi.fi/download?param=Pressure&producer=pal_skandinavia&format=netcdf&starttime=201807060100&endtime=201807060700&timestep=60&bbox=4.00118791,50.00007491,42.99146951,72.99231333&projection=epsg:4326
Resolving smartmet.fmi.fi (smartmet.fmi.fi)... 193.166.221.21
Connecting to smartmet.fmi.fi (smartmet.fmi.fi)|193.166.221.21|:80... connected.
HTTP request sent, awaiting response... 200 OK
Length: unspecified [application/octet-stream]
Saving to: '/fmi/data/nowcasting/201807060100_fcst201807060700_pal_skandinavia_DOMAIN=SCAND2_Pressure.nc'

     0K .......... .......... .......... .......... .......... 4.35M
    50K .......... .......... .......... .......... .......... 7.06M
   100K .......... .......... .......... .......... .......... 10.6M
   150K .......... .......... .......... .......... .......... 13.1M
   200K .......... .......... .......... .......... .......... 10.0M
   250K .......... .......... .......... .......... .......... 15.0M
   300K .......... .......... .......... .......... .......... 10.3M
   350K .......... .......... .......... .......... .......... 7.28M
   400K .......... .......... .......... .......... .......... 8.11M
   450K .......... .......... .......... .......... .......... 8.14M
   500K .......... .......... .......... .......... .......... 15.1M
   550K .......... .......... .......... .......... .......... 7.96M
   600K .......... .......... .......... .......... .......... 8.15M
   650K .......... .......... .......... .......... .......... 7.10M
   700K .......... .......... .......... .......... .......... 6.99M
   750K .......... .......... .......... .......... .......... 11.8M
   800K .......... .......... .......... .......... .......... 7.52M
   850K .......... .......... .......... .......... .......... 5.15M
   900K .......... .......... .......... .......... .......... 8.84M
   950K .......... .......... .......... .......... .......... 7.36M
  1000K .......... .......... .......... .......... .......... 6.22M
  1050K .......... .......... .......... .......... .......... 6.30M
  1100K .......... .......... .......... .......... .......... 6.63M
  1150K .......... .......... .......... .......... .......... 13.5M
  1200K .......... .......... .......... .......... .......... 5.60M
  1250K .......... .......... .......... .......... .......... 6.19M
  1300K .......... .......... .......... .......... .......... 6.01M
  1350K .......... .......... .......... .......... .......... 7.56M
  1400K .......... .......... .......... .......... .......... 9.09M
  1450K .......... .......... .......... .......... .......... 5.58M
  1500K .......... .......... .......... .......... .......... 4.85M
  1550K .......... .......... .......... .......... .......... 5.12M
  1600K .......... .......... .......... .......... .......... 9.29M
  1650K .......... .......... .......... .......... .......... 5.85M
  1700K .......... .......... .......... .......... .......... 7.36M
  1750K .......... .......... .......... .......... .......... 7.06M
  1800K .......... .......... .......... .......... .......... 5.78M
  1850K .......... .......... .......... .......... .......... 18.0M
  1900K .......... .......... .......... .......... .......... 4.99M
  1950K .......... .......... .......... .......... .......... 6.72M
  2000K .......... .......... .......... .......... .......... 4.99M
  2050K .......... .......... .......... .......... .......... 11.9M
  2100K .......... .......... .......... .......... .......... 4.22M
  2150K .......... .......... .......... .......... .......... 5.00M
  2200K .......... .......... .......... .......... .......... 4.59M
  2250K .......... .......... .......... .......... .......... 5.11M
  2300K .......... .......... .......... .......... .......... 32.0M
  2350K .......... .......... .......... .......... .......... 6.05M
  2400K .......... .......... .......... .......... .......... 5.93M
  2450K .......... .......... .......... .......... .......... 6.98M
  2500K .......... .......... .......... .......... .......... 12.1M
  2550K .......... .......... .......... .......... .......... 3.62M
  2600K .......... .......... .......... .......... .......... 5.46M
  2650K .......... .......... .......... .......... .......... 21.8M
  2700K .......... .......... .......... .......... .......... 5.83M
  2750K .......... .......... .......... .......... .......... 4.79M
  2800K .......... .......... .......... .......... .......... 6.62M
  2850K .......... .......... .......... .......... .......... 18.5M
  2900K .......... .......... .......... .......... .......... 9.31M
  2950K .......... .......... .......... .......... .......... 13.6M
  3000K .......... .......... .......... .......... .......... 9.51M
  3050K .......... .......... .......... .......... .......... 13.1M
  3100K .......... .......... .......... .......... .......... 23.0M
  3150K .......... .......... .......... .......... .......... 13.1M
  3200K .......... .......... .......... .......... .......... 9.96M
  3250K .......... .......... .......... .......... .......... 14.5M
  3300K .......... .......... .......... .......... .......... 13.1M
  3350K .......... .......... .......... .......... .......... 10.0M
  3400K .......... .......... .......... .......... .......... 6.99M
  3450K .......... .......... .......... .......... .......... 14.6M
  3500K .......... .......... .......... .......... .......... 8.33M
  3550K .......... .......... .......... .......... .......... 6.87M
  3600K .......... .......... .......... .......... .......... 10.5M
  3650K .......... .......... .......... .......... .......... 7.98M
  3700K .......... .......... .......... .......... .......... 9.59M
  3750K .......... .......... .......... .......... .......... 8.67M
  3800K .......... .......... .......... .......... .......... 6.19M
  3850K .......... .......... .......... .......... .......... 8.52M
  3900K .......... .......... .......... .......... .......... 7.50M
  3950K .......... .......... .......... .......... .......... 10.1M
  4000K .......... .......... .......... .......... .......... 7.36M
  4050K .......... .......... .......... .......... .......... 7.00M
  4100K .......... .......... .......... .......... .......... 8.33M
  4150K .......... .......... .......... .......... .......... 6.08M
  4200K .......... .......... .......... .......... .......... 11.9M
  4250K .......... .......... .......... .......... .......... 10.3M
  4300K .......... .......... .......... .......... .......... 9.31M
  4350K .......... .......... .......... .......... .......... 13.9M
  4400K .......... .......... .......... .......... .......... 7.84M
  4450K .......... .......... .......... .......... .......... 8.20M
  4500K .......... .......... .......... .......... .......... 8.30M
  4550K .......... .......... .......... .......... .......... 12.6M
  4600K .......... .......... .......... .......... .......... 7.37M
  4650K .......... .......... .......... .......... .......... 6.75M
  4700K .......... .......... .......... .......... .......... 10.2M
  4750K .......... .......... .......... .......... .......... 8.86M
  4800K .......... .......... .......... .......... .......... 8.53M
  4850K .......... .......... .......... .......... .......... 7.98M
  4900K .......... .......... .......... .......... .......... 8.49M
  4950K .......... .......... .......... .......... .......... 11.5M
  5000K .......... .......... .......... .......... .......... 20.4M
  5050K .......... .......... .......... .......... .......... 18.6M
  5100K .......... .......... .......... .......... .......... 13.0M
  5150K .......... .......... .......... .......... .......... 11.5M
  5200K .......... .......... .......... .......... .......... 12.7M
  5250K .......... .......... .......... .......... .......... 15.0M
  5300K .......... .......... .......... .......... .......... 11.8M
  5350K .......... .......... .......... .......... .......... 18.6M
  5400K .......... .........                                   22.1M=0.7s

2018-07-06 10:16:09 (8.08 MB/s) - '/fmi/data/nowcasting/201807060100_fcst201807060700_pal_skandinavia_DOMAIN=SCAND2_Pressure.nc' saved [5549256]

--2018-07-06 10:16:10--  http://smartmet.fmi.fi/download?param=Pressure&producer=laps_skandinavia&format=netcdf&gridsize=579,342&starttime=201807060100&endtime=201807060700&timestep=60&bbox=4.00118791,50.00007491,42.99146951,72.99231333&projection=epsg:4326
Resolving smartmet.fmi.fi (smartmet.fmi.fi)... 193.166.221.21
Connecting to smartmet.fmi.fi (smartmet.fmi.fi)|193.166.221.21|:80... connected.
HTTP request sent, awaiting response... 200 OK
Length: unspecified [application/octet-stream]
Saving to: '/fmi/data/nowcasting/201807060100_endtime201807060700_laps_skandinavia_DOMAIN=SCAND2_Pressure.nc'

     0K .......... .......... .......... .......... .......... 6.79M
    50K .......... .......... .......... .......... .......... 14.6M
   100K .......... .......... .......... .......... .......... 19.3M
   150K .......... .......... .......... .......... .......... 13.5M
   200K .......... .......... .......... .......... .......... 17.0M
   250K .......... .......... .......... .......... .......... 7.81M
   300K .......... .......... .......... .......... .......... 19.6M
   350K .......... .......... .......... .......... .......... 15.7M
   400K .......... .......... .......... .......... .......... 19.5M
   450K .......... .......... .......... .......... .......... 20.6M
   500K .......... .......... .......... .......... .......... 15.0M
   550K .......... .......... .......... .......... .......... 15.0M
   600K .......... .......... .......... .......... .......... 16.3M
   650K .......... .......... .......... .......... .......... 19.5M
   700K .......... .......... .......... .......... .......... 23.2M
   750K .......... .......... .......... .......... .......... 21.9M
   800K .......... .......... .......... .......... .......... 20.6M
   850K .......... .......... .......... .......... .......... 21.5M
   900K .......... .......... .......... .......... .......... 18.8M
   950K .......... .......... .......... .......... .......... 17.0M
  1000K .......... .......... .......... .......... .......... 13.4M
  1050K .......... .......... .......... .......... .......... 9.16M
  1100K .......... .......... .......... .......... .......... 13.1M
  1150K .......... .......... .......... .......... .......... 10.8M
  1200K .......... .......... .......... .......... .......... 20.7M
  1250K .......... .......... .......... .......... .......... 17.0M
  1300K .......... .......... .......... .......... .......... 17.8M
  1350K .......... .......... .......... .......... .......... 20.4M
  1400K .......... .......... .......... .......... .......... 14.1M
  1450K .......... .......... .......... .......... .......... 13.9M
  1500K .......... .......... .......... .......... .......... 7.82M
  1550K .......... .......... .......... .......... .......... 19.7M
  1600K .......... .......... .......... .......... .......... 19.4M
  1650K .......... .......... .......... .......... .......... 14.6M
  1700K .......... .......... .......... .......... .......... 13.9M
  1750K .......... .......... .......... .......... .......... 11.5M
  1800K .......... .......... .......... .......... .......... 18.6M
  1850K .......... .......... .......... .......... .......... 14.5M
  1900K .......... .......... .......... .......... .......... 19.4M
  1950K .......... .......... .......... .......... .......... 22.0M
  2000K .......... .......... .......... .......... .......... 18.6M
  2050K .......... .......... .......... .......... .......... 16.2M
  2100K .......... .......... .......... .......... .......... 16.9M
  2150K .......... .......... .......... .......... .......... 8.71M
  2200K .......... .......... .......... .......... .......... 10.8M
  2250K .......... .......... .......... .......... .......... 10.0M
  2300K .......... .......... .......... .......... .......... 26.2M
  2350K .......... .......... .......... .......... .......... 17.8M
  2400K .......... .......... .......... .......... .......... 20.4M
  2450K .......... .......... .......... .......... .......... 17.7M
  2500K .......... .......... .......... .......... .......... 19.7M
  2550K .......... .......... .......... .......... .......... 17.3M
  2600K .......... .......... .......... .......... .......... 12.2M
  2650K .......... .......... .......... .......... .......... 11.9M
  2700K .......... .......... .......... .......... .......... 9.26M
  2750K .......... .......... .......... .......... .......... 12.3M
  2800K .......... .......... .......... .......... .......... 12.6M
  2850K .......... .......... .......... .......... .......... 12.5M
  2900K .......... .......... .......... .......... .......... 15.7M
  2950K .......... .......... .......... .......... .......... 16.1M
  3000K .......... .......... .......... .......... .......... 18.8M
  3050K .......... .......... .......... .......... .......... 22.9M
  3100K .......... .......... .......... .......... .......... 17.8M
  3150K .......... .......... .......... .......... .......... 20.4M
  3200K .......... .......... .......... .......... .......... 19.6M
  3250K .......... .......... .......... .......... .......... 17.8M
  3300K .......... .......... .......... .......... .......... 12.2M
  3350K .......... .......... .......... .......... .......... 9.54M
  3400K .......... .......... .......... .......... .......... 13.0M
  3450K .......... .......... .......... .......... .......... 10.3M
  3500K .......... .......... .......... .......... .......... 15.6M
  3550K .......... .......... .......... .......... .......... 15.6M
  3600K .......... .......... .......... .......... .......... 18.5M
  3650K .......... .......... .......... .......... .......... 17.7M
  3700K .......... .......... .......... .......... .......... 14.0M
  3750K .......... .......... .......... .......... .......... 10.3M
  3800K .......... .......... .......... .......... .......... 9.11M
  3850K .......... .......... .......... .......... .......... 27.9M
  3900K .......... .......... .......... .......... .......... 10.5M
  3950K .......... .......... .......... .......... .......... 10.6M
  4000K .......... .......... .......... .......... .......... 10.3M
  4050K .......... .......... .......... .......... .......... 14.4M
  4100K .......... .......... .......... .......... .......... 21.9M
  4150K .......... .......... .......... .......... .......... 18.5M
  4200K .......... .......... .......... .......... .......... 21.8M
  4250K .......... .......... .......... .......... .......... 15.0M
  4300K .......... .......... .......... .......... .......... 12.3M
  4350K .......... .......... .......... .......... .......... 16.3M
  4400K .......... .......... .......... .......... .......... 15.0M
  4450K .......... .......... .......... .......... .......... 11.8M
  4500K .......... .......... .......... .......... .......... 9.80M
  4550K .......... .......... .......... .......... .......... 17.0M
  4600K .......... .......... .......... .......... .......... 17.8M
  4650K .......... .......... .......... .......... .......... 15.5M
  4700K .......... .......... .......... .......... .......... 15.1M
  4750K .......... .......... .......... .......... .......... 13.0M
  4800K .......... .......... .......... .......... .......... 16.3M
  4850K .......... .......... .......... .......... .......... 10.3M
  4900K .......... .......... .......... .......... .......... 14.5M
  4950K .......... .......... .......... .......... .......... 17.7M
  5000K .......... .......... .......... .......... .......... 21.6M
  5050K .......... .......... .......... .......... .......... 16.3M
  5100K .......... .......... .......... .......... .......... 11.6M
  5150K .......... .......... .......... .......... .......... 16.3M
  5200K .......... .......... .......... .......... .......... 17.0M
  5250K .......... .......... .......... .......... .......... 21.2M
  5300K .......... .......... .......... .......... .......... 14.1M
  5350K .......... .......... .......... .......... .......... 14.5M
  5400K .......... .........                                   22.3M=0.4s

2018-07-06 10:16:11 (14.6 MB/s) - '/fmi/data/nowcasting/201807060100_endtime201807060700_laps_skandinavia_DOMAIN=SCAND2_Pressure.nc' saved [5549256]

./run.sh: line 189: --mode: command not found

--2018-07-06 10:16:11--  http://smartmet.fmi.fi/download?param=Temperature&producer=pal_skandinavia&format=netcdf&starttime=201807060100&endtime=201807060700&timestep=60&bbox=4.00118791,50.00007491,42.99146951,72.99231333&projection=epsg:4326
Resolving smartmet.fmi.fi (smartmet.fmi.fi)... 193.166.221.21
Connecting to smartmet.fmi.fi (smartmet.fmi.fi)|193.166.221.21|:80... connected.
HTTP request sent, awaiting response... 200 OK
Length: unspecified [application/octet-stream]
Saving to: '/fmi/data/nowcasting/201807060100_fcst201807060700_pal_skandinavia_DOMAIN=SCAND2_Temperature.nc'

     0K .......... .......... .......... .......... .......... 5.97M
    50K .......... .......... .......... .......... .......... 10.3M
   100K .......... .......... .......... .......... .......... 19.5M
   150K .......... .......... .......... .......... .......... 15.6M
   200K .......... .......... .......... .......... .......... 11.5M
   250K .......... .......... .......... .......... .......... 13.0M
   300K .......... .......... .......... .......... .......... 12.9M
   350K .......... .......... .......... .......... .......... 12.3M
   400K .......... .......... .......... .......... .......... 13.9M
   450K .......... .......... .......... .......... .......... 15.2M
   500K .......... .......... .......... .......... .......... 17.5M
   550K .......... .......... .......... .......... .......... 14.0M
   600K .......... .......... .......... .......... .......... 6.01M
   650K .......... .......... .......... .......... .......... 12.4M
   700K .......... .......... .......... .......... .......... 4.81M
   750K .......... .......... .......... .......... .......... 5.84M
   800K .......... .......... .......... .......... .......... 5.75M
   850K .......... .......... .......... .......... .......... 5.50M
   900K .......... .......... .......... .......... .......... 6.09M
   950K .......... .......... .......... .......... .......... 3.76M
  1000K .......... .......... .......... .......... .......... 2.26M
  1050K .......... .......... .......... .......... .......... 2.44M
  1100K .......... .......... .......... .......... .......... 3.09M
  1150K .......... .......... .......... .......... .......... 5.60M
  1200K .......... .......... .......... .......... .......... 5.37M
  1250K .......... .......... .......... .......... .......... 14.4M
  1300K .......... .......... .......... .......... .......... 10.8M
  1350K .......... .......... .......... .......... .......... 22.1M
  1400K .......... .......... .......... .......... .......... 17.0M
  1450K .......... .......... .......... .......... .......... 13.5M
  1500K .......... .......... .......... .......... .......... 13.5M
  1550K .......... .......... .......... .......... .......... 20.7M
  1600K .......... .......... .......... .......... .......... 23.2M
  1650K .......... .......... .......... .......... .......... 16.3M
  1700K .......... .......... .......... .......... .......... 13.0M
  1750K .......... .......... .......... .......... .......... 14.4M
  1800K .......... .......... .......... .......... .......... 18.8M
  1850K .......... .......... .......... .......... .......... 15.0M
  1900K .......... .......... .......... .......... .......... 18.7M
  1950K .......... .......... .......... .......... .......... 16.2M
  2000K .......... .......... .......... .......... .......... 15.1M
  2050K .......... .......... .......... .......... .......... 17.0M
  2100K .......... .......... .......... .......... .......... 15.0M
  2150K .......... .......... .......... .......... .......... 17.8M
  2200K .......... .......... .......... .......... .......... 19.5M
  2250K .......... .......... .......... .......... .......... 12.6M
  2300K .......... .......... .......... .......... .......... 9.05M
  2350K .......... .......... .......... .......... .......... 11.6M
  2400K .......... .......... .......... .......... .......... 18.7M
  2450K .......... .......... .......... .......... .......... 18.6M
  2500K .......... .......... .......... .......... .......... 15.0M
  2550K .......... .......... .......... .......... .......... 20.6M
  2600K .......... .......... .......... .......... .......... 13.9M
  2650K .......... .......... .......... .......... .......... 12.6M
  2700K .......... .......... .......... .......... .......... 12.2M
  2750K .......... .......... .......... .......... .......... 9.25M
  2800K .......... .......... .......... .......... .......... 16.5M
  2850K .......... .......... .......... .......... .......... 10.9M
  2900K .......... .......... .......... .......... .......... 16.3M
  2950K .......... .......... .......... .......... .......... 19.5M
  3000K .......... .......... .......... .......... .......... 10.3M
  3050K .......... .......... .......... .......... .......... 13.4M
  3100K .......... .......... .......... .......... .......... 23.2M
  3150K .......... .......... .......... .......... .......... 17.7M
  3200K .......... .......... .......... .......... .......... 11.9M
  3250K .......... .......... .......... .......... .......... 13.0M
  3300K .......... .......... .......... .......... .......... 13.5M
  3350K .......... .......... .......... .......... .......... 9.31M
  3400K .......... .......... .......... .......... .......... 11.9M
  3450K .......... .......... .......... .......... .......... 21.7M
  3500K .......... .......... .......... .......... .......... 16.3M
  3550K .......... .......... .......... .......... .......... 7.72M
  3600K .......... .......... .......... .......... .......... 16.1M
  3650K .......... .......... .......... .......... .......... 17.7M
  3700K .......... .......... .......... .......... .......... 15.2M
  3750K .......... .......... .......... .......... .......... 14.9M
  3800K .......... .......... .......... .......... .......... 11.6M
  3850K .......... .......... .......... .......... .......... 19.6M
  3900K .......... .......... .......... .......... .......... 19.6M
  3950K .......... .......... .......... .......... .......... 13.9M
  4000K .......... .......... .......... .......... .......... 19.6M
  4050K .......... .......... .......... .......... .......... 13.5M
  4100K .......... .......... .......... .......... .......... 20.6M
  4150K .......... .......... .......... .......... .......... 12.5M
  4200K .......... .......... .......... .......... .......... 11.5M
  4250K .......... .......... .......... .......... .......... 12.6M
  4300K .......... .......... .......... .......... .......... 10.9M
  4350K .......... .......... .......... .......... .......... 12.7M
  4400K .......... .......... .......... .......... .......... 9.71M
  4450K .......... .......... .......... .......... .......... 15.8M
  4500K .......... .......... .......... .......... .......... 16.7M
  4550K .......... .......... .......... .......... .......... 17.7M
  4600K .......... .......... .......... .......... .......... 10.6M
  4650K .......... .......... .......... .......... .......... 19.6M
  4700K .......... .......... .......... .......... .......... 16.2M
  4750K .......... .......... .......... .......... .......... 14.4M
  4800K .......... .......... .......... .......... .......... 12.1M
  4850K .......... .......... .......... .......... .......... 13.5M
  4900K .......... .......... .......... .......... .......... 13.7M
  4950K .......... .......... .......... .......... .......... 16.9M
  5000K .......... .......... .......... .......... .......... 10.2M
  5050K .......... .......... .......... .......... .......... 19.7M
  5100K .......... .......... .......... .......... .......... 15.7M
  5150K .......... .......... .......... .......... .......... 15.7M
  5200K .......... .......... .......... .......... .......... 21.8M
  5250K .......... .......... .......... .......... .......... 16.9M
  5300K .......... .......... .......... .......... .......... 8.01M
  5350K .......... .......... .......... .......... .......... 10.6M
  5400K .......... .........                                   14.3M=0.5s

2018-07-06 10:16:12 (11.1 MB/s) - '/fmi/data/nowcasting/201807060100_fcst201807060700_pal_skandinavia_DOMAIN=SCAND2_Temperature.nc' saved [5549224]

--2018-07-06 10:16:12--  http://smartmet.fmi.fi/download?param=Temperature&producer=laps_skandinavia&format=netcdf&gridsize=579,342&starttime=201807060100&endtime=201807060700&timestep=60&bbox=4.00118791,50.00007491,42.99146951,72.99231333&projection=epsg:4326
Resolving smartmet.fmi.fi (smartmet.fmi.fi)... 193.166.221.21
Connecting to smartmet.fmi.fi (smartmet.fmi.fi)|193.166.221.21|:80... connected.
HTTP request sent, awaiting response... 200 OK
Length: unspecified [application/octet-stream]
Saving to: '/fmi/data/nowcasting/201807060100_endtime201807060700_laps_skandinavia_DOMAIN=SCAND2_Temperature.nc'

     0K .......... .......... .......... .......... .......... 2.48M
    50K .......... .......... .......... .......... .......... 6.80M
   100K .......... .......... .......... .......... .......... 2.61M
   150K .......... .......... .......... .......... .......... 3.70M
   200K .......... .......... .......... .......... .......... 4.70M
   250K .......... .......... .......... .......... .......... 4.97M
   300K .......... .......... .......... .......... .......... 4.04M
   350K .......... .......... .......... .......... .......... 4.30M
   400K .......... .......... .......... .......... .......... 9.09M
   450K .......... .......... .......... .......... .......... 6.83M
   500K .......... .......... .......... .......... .......... 5.90M
   550K .......... .......... .......... .......... .......... 5.49M
   600K .......... .......... .......... .......... .......... 7.37M
   650K .......... .......... .......... .......... .......... 22.2M
   700K .......... .......... .......... .......... .......... 8.83M
   750K .......... .......... .......... .......... .......... 8.49M
   800K .......... .......... .......... .......... .......... 4.28M
   850K .......... .......... .......... .......... .......... 19.3M
   900K .......... .......... .......... .......... .......... 16.3M
   950K .......... .......... .......... .......... .......... 20.6M
  1000K .......... .......... .......... .......... .......... 16.1M
  1050K .......... .......... .......... .......... .......... 8.20M
  1100K .......... .......... .......... .......... .......... 14.9M
  1150K .......... .......... .......... .......... .......... 5.59M
  1200K .......... .......... .......... .......... .......... 6.18M
  1250K .......... .......... .......... .......... .......... 10.1M
  1300K .......... .......... .......... .......... .......... 15.6M
  1350K .......... .......... .......... .......... .......... 10.6M
  1400K .......... .......... .......... .......... .......... 7.24M
  1450K .......... .......... .......... .......... .......... 7.37M
  1500K .......... .......... .......... .......... .......... 12.8M
  1550K .......... .......... .......... .......... .......... 11.7M
  1600K .......... .......... .......... .......... .......... 6.86M
  1650K .......... .......... .......... .......... .......... 7.36M
  1700K .......... .......... .......... .......... .......... 10.6M
  1750K .......... .......... .......... .......... .......... 7.79M
  1800K .......... .......... .......... .......... .......... 4.05M
  1850K .......... .......... .......... .......... .......... 3.99M
  1900K .......... .......... .......... .......... .......... 7.12M
  1950K .......... .......... .......... .......... .......... 11.5M
  2000K .......... .......... .......... .......... .......... 9.61M
  2050K .......... .......... .......... .......... .......... 6.51M
  2100K .......... .......... .......... .......... .......... 4.10M
  2150K .......... .......... .......... .......... ..........  704K
  2200K .......... .......... .......... .......... .......... 9.56M
  2250K .......... .......... .......... .......... .......... 5.39M
  2300K .......... .......... .......... .......... .......... 9.81M
  2350K .......... .......... .......... .......... .......... 8.67M
  2400K .......... .......... .......... .......... .......... 7.32M
  2450K .......... .......... .......... .......... .......... 10.7M
  2500K .......... .......... .......... .......... .......... 6.87M
  2550K .......... .......... .......... .......... .......... 8.46M
  2600K .......... .......... .......... .......... .......... 8.13M
  2650K .......... .......... .......... .......... .......... 7.57M
  2700K .......... .......... .......... .......... .......... 7.19M
  2750K .......... .......... .......... .......... .......... 11.9M
  2800K .......... .......... .......... .......... .......... 12.6M
  2850K .......... .......... .......... .......... .......... 10.7M
  2900K .......... .......... .......... .......... .......... 8.98M
  2950K .......... .......... .......... .......... .......... 11.2M
  3000K .......... .......... .......... .......... .......... 3.64M
  3050K .......... .......... .......... .......... .......... 27.9M
  3100K .......... .......... .......... .......... .......... 7.99M
  3150K .......... .......... .......... .......... .......... 17.4M
  3200K .......... .......... .......... .......... .......... 19.4M
  3250K .......... .......... .......... .......... .......... 13.0M
  3300K .......... .......... .......... .......... .......... 11.8M
  3350K .......... .......... .......... .......... .......... 12.7M
  3400K .......... .......... .......... .......... .......... 16.2M
  3450K .......... .......... .......... .......... .......... 15.7M
  3500K .......... .......... .......... .......... .......... 19.6M
  3550K .......... .......... .......... .......... .......... 13.0M
  3600K .......... .......... .......... .......... .......... 6.44M
  3650K .......... .......... .......... .......... .......... 7.98M
  3700K .......... .......... .......... .......... .......... 20.7M
  3750K .......... .......... .......... .......... .......... 17.7M
  3800K .......... .......... .......... .......... .......... 13.3M
  3850K .......... .......... .......... .......... .......... 15.9M
  3900K .......... .......... .......... .......... .......... 19.1M
  3950K .......... .......... .......... .......... .......... 13.7M
  4000K .......... .......... .......... .......... .......... 14.0M
  4050K .......... .......... .......... .......... .......... 11.8M
  4100K .......... .......... .......... .......... .......... 14.9M
  4150K .......... .......... .......... .......... .......... 10.5M
  4200K .......... .......... .......... .......... .......... 13.2M
  4250K .......... .......... .......... .......... .......... 13.0M
  4300K .......... .......... .......... .......... .......... 12.1M
  4350K .......... .......... .......... .......... .......... 22.6M
  4400K .......... .......... .......... .......... .......... 3.46M
  4450K .......... .......... .......... .......... .......... 8.27M
  4500K .......... .......... .......... .......... .......... 12.9M
  4550K .......... .......... .......... .......... .......... 4.64M
  4600K .......... .......... .......... .......... .......... 4.81M
  4650K .......... .......... .......... .......... .......... 6.59M
  4700K .......... .......... .......... .......... .......... 25.1M
  4750K .......... .......... .......... .......... .......... 36.8M
  4800K .......... .......... .......... .......... .......... 20.6M
  4850K .......... .......... .......... .......... .......... 9.92M
  4900K .......... .......... .......... .......... .......... 15.6M
  4950K .......... .......... .......... .......... .......... 17.8M
  5000K .......... .......... .......... .......... .......... 14.5M
  5050K .......... .......... .......... .......... .......... 9.92M
  5100K .......... .......... .......... .......... .......... 12.7M
  5150K .......... .......... .......... .......... .......... 26.1M
  5200K .......... .......... .......... .......... .......... 19.4M
  5250K .......... .......... .......... .......... .......... 19.5M
  5300K .......... .......... .......... .......... .......... 18.9M
  5350K .......... .......... .......... .......... .......... 14.4M
  5400K .......... .........                                   15.0M=0.7s

2018-07-06 10:16:13 (7.71 MB/s) - '/fmi/data/nowcasting/201807060100_endtime201807060700_laps_skandinavia_DOMAIN=SCAND2_Temperature.nc' saved [5549224]

./run.sh: line 189: --mode: command not found

