/fmi/data/nowcasting/
/fmi/dev/products/cache/nowcasting/
201806290600
201806290900
201806290000
201806290600_laps_skandinavia_DOMAIN=SCAND2_Pressure.nc
201806290600_fcst201806290900_pal_skandinavia_DOMAIN=SCAND2_Pressure.nc
wget -O /fmi/data/nowcasting/201806290600_fcst201806290900_pal_skandinavia_DOMAIN=SCAND2_Pressure.nc --no-proxy 'http://smartmet.fmi.fi/download?param=Pressure&producer=pal_skandinavia&format=netcdf&starttime=201806290000&endtime=201806290600&bbox=4.00118791,50.00007491,42.99146951,72.99231333&projection=epsg:4326'
--2018-06-29 09:00:06--  http://smartmet.fmi.fi/download?param=Pressure&producer=pal_skandinavia&format=netcdf&starttime=201806290000&endtime=201806290600&bbox=4.00118791,50.00007491,42.99146951,72.99231333&projection=epsg:4326
Resolving smartmet.fmi.fi (smartmet.fmi.fi)... 193.166.221.21
Connecting to smartmet.fmi.fi (smartmet.fmi.fi)|193.166.221.21|:80... connected.
HTTP request sent, awaiting response... 200 OK
Length: unspecified [application/octet-stream]
Saving to: '/fmi/data/nowcasting/201806290600_fcst201806290900_pal_skandinavia_DOMAIN=SCAND2_Pressure.nc'

     0K .......... .......... .......... .......... .......... 23.6M
    50K .......... .......... .......... .......... .......... 28.2M
   100K .......... .......... .......... .......... .......... 27.0M
   150K .......... .......... .......... .......... .......... 27.3M
   200K .......... .......... .......... .......... .......... 25.2M
   250K .......... .......... .......... .......... .......... 28.4M
   300K .......... .......... .......... .......... .......... 25.3M
   350K .......... .......... .......... .......... .......... 26.7M
   400K .......... .......... .......... .......... .......... 23.6M
   450K .......... .......... .......... .......... .......... 22.8M
   500K .......... .......... .......... .......... .......... 26.6M
   550K .......... .......... .......... .......... .......... 25.9M
   600K .......... .......... .......... .......... .......... 24.8M
   650K .......... .......... .......... .......... .......... 24.6M
   700K .......... .......... .......... .......... .......... 24.6M
   750K .......... .......... .......... .......... .......... 29.8M
   800K .......... .......... .......... .......... .......... 32.0M
   850K .......... .......... .......... .......... .......... 18.4M
   900K .......... .......... .......... .......... .......... 25.9M
   950K .......... .......... .......... .......... .......... 24.6M
  1000K .......... .......... .......... .......... .......... 21.1M
  1050K .......... .......... .......... .......... .......... 27.9M
  1100K .......... .......... .......... .......... .......... 22.0M
  1150K .......... .......... .......... .......... .......... 23.6M
  1200K .......... .......... .......... .......... .......... 22.0M
  1250K .......... .......... .......... .......... .......... 17.8M
  1300K .......... .......... .......... .......... .......... 21.9M
  1350K .......... .......... .......... .......... .......... 25.2M
  1400K .......... .......... .......... .......... .......... 20.6M
  1450K .......... .......... .......... .......... .......... 26.1M
  1500K .......... .......... .......... .......... .......... 23.1M
  1550K .......... .......... .......... .......... .......... 31.8M
  1600K .......... .......... .......... .......... .......... 32.6M
  1650K .......... .......... .......... .......... .......... 19.3M
  1700K .......... .......... .......... .......... .......... 25.0M
  1750K .......... .......... .......... .......... .......... 24.2M
  1800K .......... .......... .......... .......... .......... 24.5M
  1850K .......... .......... .......... .......... .......... 24.5M
  1900K .......... .......... .......... .......... .......... 23.0M
  1950K .......... .......... .......... .......... .......... 22.1M
  2000K .......... .......... .......... .......... .......... 23.2M
  2050K .......... .......... .......... .......... .......... 23.2M
  2100K .......... .......... .......... .......... .......... 18.6M
  2150K .......... .......... .......... .......... .......... 19.3M
  2200K .......... .......... .......... .......... .......... 24.1M
  2250K .......... .......... .......... .......... .......... 21.7M
  2300K .......... .......... .......... .......... .......... 35.8M
  2350K .......... .......... .......... .......... .......... 32.7M
  2400K .......... .......... .......... .......... .......... 26.0M
  2450K .......... .......... .......... .......... .......... 24.3M
  2500K .......... .......... .......... .......... .......... 24.5M
  2550K .......... .......... .......... .......... .......... 28.0M
  2600K .......... .......... .......... .......... .......... 26.2M
  2650K .......... .......... .......... .......... .......... 24.3M
  2700K .......... .......... .......... .......... .......... 23.1M
  2750K .......... .......... .......... .......... .......... 24.9M
  2800K .......... .......... .......... .......... .......... 26.4M
  2850K .......... .......... .......... .......... .......... 27.8M
  2900K .......... .......... .......... .......... .......... 24.5M
  2950K .......... .......... .......... .......... .......... 23.6M
  3000K .......... .......... .......... .......... .......... 27.7M
  3050K .......... .......... .......... .......... .......... 25.9M
  3100K .......... .......... .......... .......... .......... 39.6M
  3150K .......... .......... .......... .......... .......... 30.1M
  3200K .......... .......... .......... .......... .......... 26.7M
  3250K .......... .......... .......... .......... .......... 26.2M
  3300K .......... .......... .......... .......... .......... 16.3M
  3350K .......... .......... .......... .......... .......... 27.7M
  3400K .......... .......... .......... .......... .......... 26.2M
  3450K .......... .......... .......... .......... .......... 26.0M
  3500K .......... .......... .......... .......... .......... 26.2M
  3550K .......... .......... .......... .......... .......... 25.9M
  3600K .......... .......... .......... .......... .......... 28.1M
  3650K .......... .......... .......... .......... .......... 23.9M
  3700K .......... .......... .......... .......... .......... 24.3M
  3750K .......... .......... .......... .......... .......... 21.0M
  3800K .......... .......... .......... .......... .......... 21.5M
  3850K .......... .......... .......... .......... .......... 32.8M
  3900K .......... .......... .......... .......... .......... 32.8M
  3950K .......... .......... .......... .......... .......... 28.0M
  4000K .......... .......... .......... .......... .......... 27.7M
  4050K .......... .......... .......... .......... .......... 28.2M
  4100K .......... .......... .......... .......... .......... 29.8M
  4150K .......... .......... .......... .......... .......... 26.1M
  4200K .......... .......... .......... .......... .......... 26.1M
  4250K .......... .......... .......... .......... .......... 24.3M
  4300K .......... .......... .......... .......... .......... 12.5M
  4350K .......... .......... .......... .......... .......... 29.3M
  4400K .......... .......... .......... .......... .......... 24.5M
  4450K .......... .......... .......... .......... .......... 26.1M
  4500K .......... .......... .......... .......... .......... 26.2M
  4550K .......... .......... .......... .......... .......... 26.3M
  4600K .......... .......... .......... .......... .......... 32.3M
  4650K .......... .......... .......... .......... .......... 29.7M
  4700K .......... .......... .......... .......... .......... 26.0M
  4750K .......... .......... .......... .......... .......... 24.7M
  4800K .......... .......... .......... .......... .......... 27.4M
  4850K .......... .......... .......... .......... .......... 26.3M
  4900K .......... .......... .......... .......... .......... 24.7M
  4950K .......... .......... .......... .......... .......... 20.6M
  5000K .......... .......... .......... .......... .......... 24.4M
  5050K .......... .......... .......... .......... .......... 26.3M
  5100K .......... .......... .......... .......... .......... 24.2M
  5150K .......... .......... .......... .......... .......... 21.8M
  5200K .......... .......... .......... .......... .......... 23.4M
  5250K .......... .......... .......... .......... .......... 26.0M
  5300K .......... .......... .......... .......... .......... 25.4M
  5350K .......... .......... .......... .......... .......... 27.2M
  5400K .......... .........                                   33.3M=0.2s

2018-06-29 09:00:06 (24.9 MB/s) - '/fmi/data/nowcasting/201806290600_fcst201806290900_pal_skandinavia_DOMAIN=SCAND2_Pressure.nc' saved [5549256]

nccopy -k 4 /fmi/data/nowcasting/201806290600_fcst201806290900_pal_skandinavia_DOMAIN=SCAND2_Pressure.nc /fmi/data/nowcasting/modeldata.nc
ncdump -h /fmi/data/nowcasting/modeldata.nc | grep "lat ="
ncdump -h /fmi/data/nowcasting/modeldata.nc | grep "lon ="
342
579
wget -O /fmi/data/nowcasting/201806290600_laps_skandinavia_DOMAIN=SCAND2_Pressure.nc --no-proxy 'http://smartmet.fmi.fi/download?param=Pressure&producer=laps_skandinavia&format=netcdf&gridsize=579,342&starttime=201806290000&endtime=201806290600&bbox=4.00118791,50.00007491,42.99146951,72.99231333&projection=epsg:4326'
--2018-06-29 09:00:07--  http://smartmet.fmi.fi/download?param=Pressure&producer=laps_skandinavia&format=netcdf&gridsize=579,342&starttime=201806290000&endtime=201806290600&bbox=4.00118791,50.00007491,42.99146951,72.99231333&projection=epsg:4326
Resolving smartmet.fmi.fi (smartmet.fmi.fi)... 193.166.221.21
Connecting to smartmet.fmi.fi (smartmet.fmi.fi)|193.166.221.21|:80... connected.
HTTP request sent, awaiting response... 200 OK
Length: unspecified [application/octet-stream]
Saving to: '/fmi/data/nowcasting/201806290600_laps_skandinavia_DOMAIN=SCAND2_Pressure.nc'

     0K .......... .......... .......... .......... .......... 22.3M
    50K .......... .......... .......... .......... .......... 33.3M
   100K .......... .......... .......... .......... .......... 23.4M
   150K .......... .......... .......... .......... .......... 26.1M
   200K .......... .......... .......... .......... .......... 25.9M
   250K .......... .......... .......... .......... .......... 26.1M
   300K .......... .......... .......... .......... .......... 9.43M
   350K .......... .......... .......... .......... .......... 19.7M
   400K .......... .......... .......... .......... .......... 24.2M
   450K .......... .......... .......... .......... .......... 23.3M
   500K .......... .......... .......... .......... .......... 24.1M
   550K .......... .......... .......... .......... .......... 24.3M
   600K .......... .......... .......... .......... .......... 20.6M
   650K .......... .......... .......... .......... .......... 23.0M
   700K .......... .......... .......... .......... .......... 20.5M
   750K .......... .......... .......... .......... .......... 28.7M
   800K .......... .......... .......... .......... .......... 23.3M
   850K .......... .......... .......... .......... .......... 24.0M
   900K .......... .......... .......... .......... .......... 20.1M
   950K .......... .......... .......... .......... .......... 24.4M
  1000K .......... .......... .......... .......... .......... 26.0M
  1050K .......... .......... .......... .......... .......... 26.2M
  1100K .......... .......... .......... .......... .......... 24.2M
  1150K .......... .......... .......... .......... .......... 28.2M
  1200K .......... .......... .......... .......... .......... 26.0M
  1250K .......... .......... .......... .......... .......... 24.5M
  1300K .......... .......... .......... .......... .......... 21.2M
  1350K .......... .......... .......... .......... .......... 26.8M
  1400K .......... .......... .......... .......... .......... 26.2M
  1450K .......... .......... .......... .......... .......... 23.4M
  1500K .......... .......... .......... .......... .......... 26.1M
  1550K .......... .......... .......... .......... .......... 36.5M
  1600K .......... .......... .......... .......... .......... 27.7M
  1650K .......... .......... .......... .......... .......... 23.1M
  1700K .......... .......... .......... .......... .......... 10.3M
  1750K .......... .......... .......... .......... .......... 9.30M
  1800K .......... .......... .......... .......... .......... 24.3M
  1850K .......... .......... .......... .......... .......... 26.0M
  1900K .......... .......... .......... .......... .......... 24.6M
  1950K .......... .......... .......... .......... .......... 28.2M
  2000K .......... .......... .......... .......... .......... 24.2M
  2050K .......... .......... .......... .......... .......... 27.1M
  2100K .......... .......... .......... .......... .......... 25.6M
  2150K .......... .......... .......... .......... .......... 19.6M
  2200K .......... .......... .......... .......... .......... 24.6M
  2250K .......... .......... .......... .......... .......... 21.5M
  2300K .......... .......... .......... .......... .......... 30.3M
  2350K .......... .......... .......... .......... .......... 30.1M
  2400K .......... .......... .......... .......... .......... 24.7M
  2450K .......... .......... .......... .......... .......... 23.4M
  2500K .......... .......... .......... .......... .......... 25.4M
  2550K .......... .......... .......... .......... .......... 22.1M
  2600K .......... .......... .......... .......... .......... 20.1M
  2650K .......... .......... .......... .......... .......... 23.5M
  2700K .......... .......... .......... .......... .......... 28.2M
  2750K .......... .......... .......... .......... .......... 20.4M
  2800K .......... .......... .......... .......... .......... 23.4M
  2850K .......... .......... .......... .......... .......... 20.6M
  2900K .......... .......... .......... .......... .......... 21.8M
  2950K .......... .......... .......... .......... .......... 12.7M
  3000K .......... .......... .......... .......... .......... 5.88M
  3050K .......... .......... .......... .......... .......... 5.02M
  3100K .......... .......... .......... .......... .......... 13.9M
  3150K .......... .......... .......... .......... .......... 11.3M
  3200K .......... .......... .......... .......... .......... 26.2M
  3250K .......... .......... .......... .......... .......... 14.6M
  3300K .......... .......... .......... .......... .......... 21.6M
  3350K .......... .......... .......... .......... .......... 26.6M
  3400K .......... .......... .......... .......... .......... 29.9M
  3450K .......... .......... .......... .......... .......... 26.1M
  3500K .......... .......... .......... .......... .......... 24.4M
  3550K .......... .......... .......... .......... .......... 22.8M
  3600K .......... .......... .......... .......... .......... 23.6M
  3650K .......... .......... .......... .......... .......... 27.9M
  3700K .......... .......... .......... .......... .......... 23.5M
  3750K .......... .......... .......... .......... .......... 25.9M
  3800K .......... .......... .......... .......... .......... 24.6M
  3850K .......... .......... .......... .......... .......... 32.3M
  3900K .......... .......... .......... .......... .......... 31.8M
  3950K .......... .......... .......... .......... .......... 25.6M
  4000K .......... .......... .......... .......... .......... 21.9M
  4050K .......... .......... .......... .......... .......... 24.4M
  4100K .......... .......... .......... .......... .......... 25.1M
  4150K .......... .......... .......... .......... .......... 25.9M
  4200K .......... .......... .......... .......... .......... 12.5M
  4250K .......... .......... .......... .......... .......... 8.94M
  4300K .......... .......... .......... .......... .......... 7.45M
  4350K .......... .......... .......... .......... .......... 13.9M
  4400K .......... .......... .......... .......... .......... 24.4M
  4450K .......... .......... .......... .......... .......... 24.1M
  4500K .......... .......... .......... .......... .......... 23.7M
  4550K .......... .......... .......... .......... .......... 26.3M
  4600K .......... .......... .......... .......... .....      26.2M=0.2s

2018-06-29 09:00:08 (20.1 MB/s) - '/fmi/data/nowcasting/201806290600_laps_skandinavia_DOMAIN=SCAND2_Pressure.nc' saved [4757180]

nccopy -k 4 /fmi/data/nowcasting/201806290600_laps_skandinavia_DOMAIN=SCAND2_Pressure.nc /fmi/data/nowcasting/obsdata.nc

rm /fmi/data/nowcasting/201806290600_laps_skandinavia_DOMAIN=SCAND2_Pressure.nc
rm /fmi/data/nowcasting/201806290600_fcst201806290900_pal_skandinavia_DOMAIN=SCAND2_Pressure.nc
201806290600_laps_skandinavia_DOMAIN=SCAND2_Temperature.nc
201806290600_fcst201806290900_pal_skandinavia_DOMAIN=SCAND2_Temperature.nc
wget -O /fmi/data/nowcasting/201806290600_fcst201806290900_pal_skandinavia_DOMAIN=SCAND2_Temperature.nc --no-proxy 'http://smartmet.fmi.fi/download?param=Temperature&producer=pal_skandinavia&format=netcdf&starttime=201806290000&endtime=201806290600&bbox=4.00118791,50.00007491,42.99146951,72.99231333&projection=epsg:4326'
--2018-06-29 09:00:09--  http://smartmet.fmi.fi/download?param=Temperature&producer=pal_skandinavia&format=netcdf&starttime=201806290000&endtime=201806290600&bbox=4.00118791,50.00007491,42.99146951,72.99231333&projection=epsg:4326
Resolving smartmet.fmi.fi (smartmet.fmi.fi)... 193.166.221.21
Connecting to smartmet.fmi.fi (smartmet.fmi.fi)|193.166.221.21|:80... connected.
HTTP request sent, awaiting response... 200 OK
Length: unspecified [application/octet-stream]
Saving to: '/fmi/data/nowcasting/201806290600_fcst201806290900_pal_skandinavia_DOMAIN=SCAND2_Temperature.nc'

     0K .......... .......... .......... .......... .......... 46.3M
    50K .......... .......... .......... .......... .......... 27.6M
   100K .......... .......... .......... .......... .......... 21.1M
   150K .......... .......... .......... .......... .......... 24.6M
   200K .......... .......... .......... .......... .......... 20.7M
   250K .......... .......... .......... .......... .......... 24.3M
   300K .......... .......... .......... .......... .......... 19.0M
   350K .......... .......... .......... .......... .......... 18.8M
   400K .......... .......... .......... .......... .......... 23.4M
   450K .......... .......... .......... .......... .......... 16.6M
   500K .......... .......... .......... .......... .......... 20.4M
   550K .......... .......... .......... .......... .......... 19.7M
   600K .......... .......... .......... .......... .......... 26.1M
   650K .......... .......... .......... .......... .......... 26.4M
   700K .......... .......... .......... .......... .......... 21.0M
   750K .......... .......... .......... .......... .......... 25.5M
   800K .......... .......... .......... .......... .......... 24.8M
   850K .......... .......... .......... .......... .......... 23.2M
   900K .......... .......... .......... .......... .......... 28.1M
   950K .......... .......... .......... .......... .......... 24.3M
  1000K .......... .......... .......... .......... .......... 15.7M
  1050K .......... .......... .......... .......... .......... 17.1M
  1100K .......... .......... .......... .......... .......... 18.4M
  1150K .......... .......... .......... .......... .......... 22.5M
  1200K .......... .......... .......... .......... .......... 24.7M
  1250K .......... .......... .......... .......... .......... 19.7M
  1300K .......... .......... .......... .......... .......... 22.3M
  1350K .......... .......... .......... .......... .......... 23.3M
  1400K .......... .......... .......... .......... .......... 22.3M
  1450K .......... .......... .......... .......... .......... 22.6M
  1500K .......... .......... .......... .......... .......... 28.1M
  1550K .......... .......... .......... .......... .......... 30.1M
  1600K .......... .......... .......... .......... .......... 26.2M
  1650K .......... .......... .......... .......... .......... 26.5M
  1700K .......... .......... .......... .......... .......... 24.5M
  1750K .......... .......... .......... .......... .......... 24.3M
  1800K .......... .......... .......... .......... .......... 22.6M
  1850K .......... .......... .......... .......... .......... 24.5M
  1900K .......... .......... .......... .......... .......... 24.4M
  1950K .......... .......... .......... .......... .......... 27.1M
  2000K .......... .......... .......... .......... .......... 24.3M
  2050K .......... .......... .......... .......... .......... 24.1M
  2100K .......... .......... .......... .......... .......... 26.7M
  2150K .......... .......... .......... .......... .......... 22.4M
  2200K .......... .......... .......... .......... .......... 26.5M
  2250K .......... .......... .......... .......... .......... 26.3M
  2300K .......... .......... .......... .......... .......... 32.1M
  2350K .......... .......... .......... .......... .......... 30.5M
  2400K .......... .......... .......... .......... .......... 25.7M
  2450K .......... .......... .......... .......... .......... 28.0M
  2500K .......... .......... .......... .......... .......... 20.8M
  2550K .......... .......... .......... .......... .......... 25.0M
  2600K .......... .......... .......... .......... .......... 24.3M
  2650K .......... .......... .......... .......... .......... 24.7M
  2700K .......... .......... .......... .......... .......... 26.0M
  2750K .......... .......... .......... .......... .......... 24.6M
  2800K .......... .......... .......... .......... .......... 24.7M
  2850K .......... .......... .......... .......... .......... 25.8M
  2900K .......... .......... .......... .......... .......... 16.5M
  2950K .......... .......... .......... .......... .......... 28.2M
  3000K .......... .......... .......... .......... .......... 25.7M
  3050K .......... .......... .......... .......... .......... 24.5M
  3100K .......... .......... .......... .......... .......... 38.0M
  3150K .......... .......... .......... .......... .......... 28.7M
  3200K .......... .......... .......... .......... .......... 25.5M
  3250K .......... .......... .......... .......... .......... 25.4M
  3300K .......... .......... .......... .......... .......... 26.1M
  3350K .......... .......... .......... .......... .......... 21.1M
  3400K .......... .......... .......... .......... .......... 26.6M
  3450K .......... .......... .......... .......... .......... 24.6M
  3500K .......... .......... .......... .......... .......... 22.7M
  3550K .......... .......... .......... .......... .......... 23.6M
  3600K .......... .......... .......... .......... .......... 24.1M
  3650K .......... .......... .......... .......... .......... 24.1M
  3700K .......... .......... .......... .......... .......... 24.9M
  3750K .......... .......... .......... .......... .......... 24.9M
  3800K .......... .......... .......... .......... .......... 26.3M
  3850K .......... .......... .......... .......... .......... 23.2M
  3900K .......... .......... .......... .......... .......... 30.4M
  3950K .......... .......... .......... .......... .......... 26.3M
  4000K .......... .......... .......... .......... .......... 15.6M
  4050K .......... .......... .......... .......... .......... 22.8M
  4100K .......... .......... .......... .......... .......... 22.4M
  4150K .......... .......... .......... .......... .......... 22.9M
  4200K .......... .......... .......... .......... .......... 19.6M
  4250K .......... .......... .......... .......... .......... 22.9M
  4300K .......... .......... .......... .......... .......... 21.6M
  4350K .......... .......... .......... .......... .......... 25.9M
  4400K .......... .......... .......... .......... .......... 18.0M
  4450K .......... .......... .......... .......... .......... 21.0M
  4500K .......... .......... .......... .......... .......... 21.9M
  4550K .......... .......... .......... .......... .......... 24.0M
  4600K .......... .......... .......... .......... .......... 31.3M
  4650K .......... .......... .......... .......... .......... 28.0M
  4700K .......... .......... .......... .......... .......... 24.0M
  4750K .......... .......... .......... .......... .......... 21.4M
  4800K .......... .......... .......... .......... .......... 20.9M
  4850K .......... .......... .......... .......... .......... 24.1M
  4900K .......... .......... .......... .......... .......... 18.1M
  4950K .......... .......... .......... .......... .......... 25.2M
  5000K .......... .......... .......... .......... .......... 22.1M
  5050K .......... .......... .......... .......... .......... 27.4M
  5100K .......... .......... .......... .......... .......... 23.7M
  5150K .......... .......... .......... .......... .......... 24.6M
  5200K .......... .......... .......... .......... .......... 25.6M
  5250K .......... .......... .......... .......... .......... 25.4M
  5300K .......... .......... .......... .......... .......... 23.2M
  5350K .......... .......... .......... .......... .......... 17.8M
  5400K .......... .........                                   35.2M=0.2s

2018-06-29 09:00:09 (23.6 MB/s) - '/fmi/data/nowcasting/201806290600_fcst201806290900_pal_skandinavia_DOMAIN=SCAND2_Temperature.nc' saved [5549224]

nccopy -k 4 /fmi/data/nowcasting/201806290600_fcst201806290900_pal_skandinavia_DOMAIN=SCAND2_Temperature.nc /fmi/data/nowcasting/modeldata.nc
ncdump -h /fmi/data/nowcasting/modeldata.nc | grep "lat ="
ncdump -h /fmi/data/nowcasting/modeldata.nc | grep "lon ="
342
579
wget -O /fmi/data/nowcasting/201806290600_laps_skandinavia_DOMAIN=SCAND2_Temperature.nc --no-proxy 'http://smartmet.fmi.fi/download?param=Temperature&producer=laps_skandinavia&format=netcdf&gridsize=579,342&starttime=201806290000&endtime=201806290600&bbox=4.00118791,50.00007491,42.99146951,72.99231333&projection=epsg:4326'
--2018-06-29 09:00:09--  http://smartmet.fmi.fi/download?param=Temperature&producer=laps_skandinavia&format=netcdf&gridsize=579,342&starttime=201806290000&endtime=201806290600&bbox=4.00118791,50.00007491,42.99146951,72.99231333&projection=epsg:4326
Resolving smartmet.fmi.fi (smartmet.fmi.fi)... 193.166.221.21
Connecting to smartmet.fmi.fi (smartmet.fmi.fi)|193.166.221.21|:80... connected.
HTTP request sent, awaiting response... 200 OK
Length: unspecified [application/octet-stream]
Saving to: '/fmi/data/nowcasting/201806290600_laps_skandinavia_DOMAIN=SCAND2_Temperature.nc'

     0K .......... .......... .......... .......... .......... 19.8M
    50K .......... .......... .......... .......... .......... 17.6M
   100K .......... .......... .......... .......... .......... 24.5M
   150K .......... .......... .......... .......... .......... 20.5M
   200K .......... .......... .......... .......... .......... 18.6M
   250K .......... .......... .......... .......... .......... 9.32M
   300K .......... .......... .......... .......... .......... 15.2M
   350K .......... .......... .......... .......... .......... 20.3M
   400K .......... .......... .......... .......... .......... 22.0M
   450K .......... .......... .......... .......... .......... 24.5M
   500K .......... .......... .......... .......... .......... 26.1M
   550K .......... .......... .......... .......... .......... 25.7M
   600K .......... .......... .......... .......... .......... 24.6M
   650K .......... .......... .......... .......... .......... 25.8M
   700K .......... .......... .......... .......... .......... 28.0M
   750K .......... .......... .......... .......... .......... 35.1M
   800K .......... .......... .......... .......... .......... 19.7M
   850K .......... .......... .......... .......... .......... 23.5M
   900K .......... .......... .......... .......... .......... 20.6M
   950K .......... .......... .......... .......... .......... 10.2M
  1000K .......... .......... .......... .......... .......... 12.2M
  1050K .......... .......... .......... .......... .......... 20.7M
  1100K .......... .......... .......... .......... .......... 20.8M
  1150K .......... .......... .......... .......... .......... 15.6M
  1200K .......... .......... .......... .......... .......... 22.9M
  1250K .......... .......... .......... .......... .......... 20.5M
  1300K .......... .......... .......... .......... .......... 24.9M
  1350K .......... .......... .......... .......... .......... 24.5M
  1400K .......... .......... .......... .......... .......... 23.2M
  1450K .......... .......... .......... .......... .......... 24.3M
  1500K .......... .......... .......... .......... .......... 26.2M
  1550K .......... .......... .......... .......... .......... 30.4M
  1600K .......... .......... .......... .......... .......... 18.6M
  1650K .......... .......... .......... .......... .......... 24.4M
  1700K .......... .......... .......... .......... .......... 26.1M
  1750K .......... .......... .......... .......... .......... 26.1M
  1800K .......... .......... .......... .......... .......... 26.0M
  1850K .......... .......... .......... .......... .......... 23.1M
  1900K .......... .......... .......... .......... .......... 24.4M
  1950K .......... .......... .......... .......... .......... 25.9M
  2000K .......... .......... .......... .......... .......... 26.1M
  2050K .......... .......... .......... .......... .......... 16.4M
  2100K .......... .......... .......... .......... .......... 19.7M
  2150K .......... .......... .......... .......... .......... 27.8M
  2200K .......... .......... .......... .......... .......... 11.6M
  2250K .......... .......... .......... .......... .......... 12.6M
  2300K .......... .......... .......... .......... .......... 15.0M
  2350K .......... .......... .......... .......... .......... 26.2M
  2400K .......... .......... .......... .......... .......... 17.9M
  2450K .......... .......... .......... .......... .......... 21.7M
  2500K .......... .......... .......... .......... .......... 24.4M
  2550K .......... .......... .......... .......... .......... 24.6M
  2600K .......... .......... .......... .......... .......... 25.4M
  2650K .......... .......... .......... .......... .......... 22.2M
  2700K .......... .......... .......... .......... .......... 24.2M
  2750K .......... .......... .......... .......... .......... 20.7M
  2800K .......... .......... .......... .......... .......... 16.9M
  2850K .......... .......... .......... .......... .......... 22.5M
  2900K .......... .......... .......... .......... .......... 27.1M
  2950K .......... .......... .......... .......... .......... 24.6M
  3000K .......... .......... .......... .......... .......... 28.8M
  3050K .......... .......... .......... .......... .......... 30.4M
  3100K .......... .......... .......... .......... .......... 39.2M
  3150K .......... .......... .......... .......... .......... 27.8M
  3200K .......... .......... .......... .......... .......... 25.8M
  3250K .......... .......... .......... .......... .......... 26.4M
  3300K .......... .......... .......... .......... .......... 16.2M
  3350K .......... .......... .......... .......... .......... 26.0M
  3400K .......... .......... .......... .......... .......... 22.0M
  3450K .......... .......... .......... .......... .......... 25.5M
  3500K .......... .......... .......... .......... .......... 13.6M
  3550K .......... .......... .......... .......... .......... 9.06M
  3600K .......... .......... .......... .......... .......... 13.5M
  3650K .......... .......... .......... .......... .......... 21.7M
  3700K .......... .......... .......... .......... .......... 17.0M
  3750K .......... .......... .......... .......... .......... 24.4M
  3800K .......... .......... .......... .......... .......... 30.1M
  3850K .......... .......... .......... .......... .......... 38.8M
  3900K .......... .......... .......... .......... .......... 28.0M
  3950K .......... .......... .......... .......... .......... 21.1M
  4000K .......... .......... .......... .......... .......... 21.5M
  4050K .......... .......... .......... .......... .......... 20.6M
  4100K .......... .......... .......... .......... .......... 21.4M
  4150K .......... .......... .......... .......... .......... 20.9M
  4200K .......... .......... .......... .......... .......... 24.5M
  4250K .......... .......... .......... .......... .......... 24.2M
  4300K .......... .......... .......... .......... .......... 23.1M
  4350K .......... .......... .......... .......... .......... 24.2M
  4400K .......... .......... .......... .......... .......... 24.8M
  4450K .......... .......... .......... .......... .......... 24.3M
  4500K .......... .......... .......... .......... .......... 24.4M
  4550K .......... .......... .......... .......... .......... 16.9M
  4600K .......... .......... .......... .......... .....      26.3M=0.2s

2018-06-29 09:00:10 (21.0 MB/s) - '/fmi/data/nowcasting/201806290600_laps_skandinavia_DOMAIN=SCAND2_Temperature.nc' saved [4757148]

nccopy -k 4 /fmi/data/nowcasting/201806290600_laps_skandinavia_DOMAIN=SCAND2_Temperature.nc /fmi/data/nowcasting/obsdata.nc

rm /fmi/data/nowcasting/201806290600_laps_skandinavia_DOMAIN=SCAND2_Temperature.nc
rm /fmi/data/nowcasting/201806290600_fcst201806290900_pal_skandinavia_DOMAIN=SCAND2_Temperature.nc
