./run.sh: line 49: wait: `for': not a pid or valid job spec
./run.sh: line 49: wait: pid 30 is not a child of this shell
./run.sh: line 49: wait: `minutes': not a pid or valid job spec
./run.sh: line 49: wait: `for': not a pid or valid job spec
./run.sh: line 49: wait: `the': not a pid or valid job spec
./run.sh: line 49: wait: `LAPS': not a pid or valid job spec
./run.sh: line 49: wait: `data.': not a pid or valid job spec
/fmi/data/nowcasting/
/fmi/dev/products/cache/nowcasting/
201807061200
201807061800
201807060600
--2018-07-06 15:45:05--  http://smartmet.fmi.fi/download?param=Pressure&producer=pal_skandinavia&format=netcdf&starttime=201807060600&endtime=201807061200&timestep=60&bbox=4.00118791,50.00007491,42.99146951,72.99231333&projection=epsg:4326
Resolving smartmet.fmi.fi (smartmet.fmi.fi)... 193.166.221.21
Connecting to smartmet.fmi.fi (smartmet.fmi.fi)|193.166.221.21|:80... connected.
HTTP request sent, awaiting response... 200 OK
Length: unspecified [application/octet-stream]
Saving to: '/fmi/data/nowcasting/201807060600_fcst201807061200_pal_skandinavia_DOMAIN=SCAND2_Pressure.nc'

     0K .......... .......... .......... .......... .......... 19.6M
    50K .......... .......... .......... .......... .......... 16.1M
   100K .......... .......... .......... .......... .......... 22.5M
   150K .......... .......... .......... .......... .......... 24.2M
   200K .......... .......... .......... .......... .......... 20.4M
   250K .......... .......... .......... .......... .......... 20.7M
   300K .......... .......... .......... .......... .......... 18.5M
   350K .......... .......... .......... .......... .......... 25.6M
   400K .......... .......... .......... .......... .......... 24.5M
   450K .......... .......... .......... .......... .......... 22.9M
   500K .......... .......... .......... .......... .......... 26.0M
   550K .......... .......... .......... .......... .......... 23.4M
   600K .......... .......... .......... .......... .......... 20.0M
   650K .......... .......... .......... .......... .......... 21.9M
   700K .......... .......... .......... .......... .......... 24.2M
   750K .......... .......... .......... .......... .......... 32.8M
   800K .......... .......... .......... .......... .......... 30.0M
   850K .......... .......... .......... .......... .......... 23.1M
   900K .......... .......... .......... .......... .......... 22.8M
   950K .......... .......... .......... .......... .......... 24.4M
  1000K .......... .......... .......... .......... .......... 23.0M
  1050K .......... .......... .......... .......... .......... 23.0M
  1100K .......... .......... .......... .......... .......... 18.6M
  1150K .......... .......... .......... .......... .......... 20.6M
  1200K .......... .......... .......... .......... .......... 23.0M
  1250K .......... .......... .......... .......... .......... 24.4M
  1300K .......... .......... .......... .......... .......... 21.3M
  1350K .......... .......... .......... .......... .......... 19.9M
  1400K .......... .......... .......... .......... .......... 24.7M
  1450K .......... .......... .......... .......... .......... 21.7M
  1500K .......... .......... .......... .......... .......... 24.3M
  1550K .......... .......... .......... .......... .......... 28.0M
  1600K .......... .......... .......... .......... .......... 26.0M
  1650K .......... .......... .......... .......... .......... 23.1M
  1700K .......... .......... .......... .......... .......... 21.5M
  1750K .......... .......... .......... .......... .......... 23.1M
  1800K .......... .......... .......... .......... .......... 21.9M
  1850K .......... .......... .......... .......... .......... 25.6M
  1900K .......... .......... .......... .......... .......... 21.9M
  1950K .......... .......... .......... .......... .......... 23.1M
  2000K .......... .......... .......... .......... .......... 22.6M
  2050K .......... .......... .......... .......... .......... 17.9M
  2100K .......... .......... .......... .......... .......... 22.9M
  2150K .......... .......... .......... .......... .......... 20.6M
  2200K .......... .......... .......... .......... .......... 25.7M
  2250K .......... .......... .......... .......... .......... 22.9M
  2300K .......... .......... .......... .......... .......... 27.9M
  2350K .......... .......... .......... .......... .......... 30.8M
  2400K .......... .......... .......... .......... .......... 10.7M
  2450K .......... .......... .......... .......... ..........  230M
  2500K .......... .......... .......... .......... .......... 23.2M
  2550K .......... .......... .......... .......... .......... 24.5M
  2600K .......... .......... .......... .......... .......... 22.9M
  2650K .......... .......... .......... .......... .......... 22.9M
  2700K .......... .......... .......... .......... .......... 30.0M
  2750K .......... .......... .......... .......... .......... 18.7M
  2800K .......... .......... .......... .......... .......... 20.7M
  2850K .......... .......... .......... .......... .......... 22.9M
  2900K .......... .......... .......... .......... .......... 24.4M
  2950K .......... .......... .......... .......... .......... 25.9M
  3000K .......... .......... .......... .......... .......... 22.8M
  3050K .......... .......... .......... .......... .......... 24.7M
  3100K .......... .......... .......... .......... .......... 29.6M
  3150K .......... .......... .......... .......... .......... 26.7M
  3200K .......... .......... .......... .......... .......... 22.7M
  3250K .......... .......... .......... .......... .......... 22.9M
  3300K .......... .......... .......... .......... .......... 23.0M
  3350K .......... .......... .......... .......... .......... 21.9M
  3400K .......... .......... .......... .......... .......... 29.6M
  3450K .......... .......... .......... .......... .......... 20.8M
  3500K .......... .......... .......... .......... .......... 21.1M
  3550K .......... .......... .......... .......... .......... 21.6M
  3600K .......... .......... .......... .......... .......... 23.0M
  3650K .......... .......... .......... .......... .......... 25.1M
  3700K .......... .......... .......... .......... .......... 22.3M
  3750K .......... .......... .......... .......... .......... 23.1M
  3800K .......... .......... .......... .......... .......... 23.3M
  3850K .......... .......... .......... .......... .......... 32.5M
  3900K .......... .......... .......... .......... .......... 32.3M
  3950K .......... .......... .......... .......... .......... 22.9M
  4000K .......... .......... .......... .......... .......... 23.0M
  4050K .......... .......... .......... .......... .......... 21.8M
  4100K .......... .......... .......... .......... .......... 25.9M
  4150K .......... .......... .......... .......... .......... 24.7M
  4200K .......... .......... .......... .......... .......... 22.7M
  4250K .......... .......... .......... .......... .......... 19.6M
  4300K .......... .......... .......... .......... .......... 21.8M
  4350K .......... .......... .......... .......... .......... 19.3M
  4400K .......... .......... .......... .......... .......... 23.2M
  4450K .......... .......... .......... .......... .......... 19.6M
  4500K .......... .......... .......... .......... .......... 21.7M
  4550K .......... .......... .......... .......... .......... 19.6M
  4600K .......... .......... .......... .......... .......... 28.1M
  4650K .......... .......... .......... .......... .......... 35.2M
  4700K .......... .......... .......... .......... .......... 21.8M
  4750K .......... .......... .......... .......... .......... 15.5M
  4800K .......... .......... .......... .......... .......... 23.3M
  4850K .......... .......... .......... .......... .......... 25.7M
  4900K .......... .......... .......... .......... .......... 21.8M
  4950K .......... .......... .......... .......... .......... 26.0M
  5000K .......... .......... .......... .......... .......... 23.0M
  5050K .......... .......... .......... .......... .......... 21.6M
  5100K .......... .......... .......... .......... .......... 20.5M
  5150K .......... .......... .......... .......... .......... 23.2M
  5200K .......... .......... .......... .......... .......... 19.4M
  5250K .......... .......... .......... .......... .......... 20.7M
  5300K .......... .......... .......... .......... .......... 21.5M
  5350K .......... .......... .......... .......... .......... 23.3M
  5400K .......... .........                                   38.6M=0.2s

2018-07-06 15:45:06 (22.9 MB/s) - '/fmi/data/nowcasting/201807060600_fcst201807061200_pal_skandinavia_DOMAIN=SCAND2_Pressure.nc' saved [5549256]

--2018-07-06 15:45:06--  http://smartmet.fmi.fi/download?param=Pressure&producer=laps_skandinavia&format=netcdf&gridsize=579,342&starttime=201807060600&endtime=201807061200&timestep=60&bbox=4.00118791,50.00007491,42.99146951,72.99231333&projection=epsg:4326
Resolving smartmet.fmi.fi (smartmet.fmi.fi)... 193.166.221.21
Connecting to smartmet.fmi.fi (smartmet.fmi.fi)|193.166.221.21|:80... connected.
HTTP request sent, awaiting response... 200 OK
Length: unspecified [application/octet-stream]
Saving to: '/fmi/data/nowcasting/201807060600_endtime201807061200_laps_skandinavia_DOMAIN=SCAND2_Pressure.nc'

     0K .......... .......... .......... .......... .......... 18.6M
    50K .......... .......... .......... .......... .......... 26.0M
   100K .......... .......... .......... .......... .......... 24.4M
   150K .......... .......... .......... .......... .......... 22.9M
   200K .......... .......... .......... .......... .......... 21.8M
   250K .......... .......... .......... .......... .......... 22.9M
   300K .......... .......... .......... .......... .......... 23.3M
   350K .......... .......... .......... .......... .......... 24.3M
   400K .......... .......... .......... .......... .......... 19.6M
   450K .......... .......... .......... .......... .......... 21.7M
   500K .......... .......... .......... .......... .......... 23.2M
   550K .......... .......... .......... .......... .......... 24.2M
   600K .......... .......... .......... .......... .......... 23.0M
   650K .......... .......... .......... .......... .......... 22.7M
   700K .......... .......... .......... .......... .......... 19.8M
   750K .......... .......... .......... .......... .......... 27.7M
   800K .......... .......... .......... .......... .......... 35.6M
   850K .......... .......... .......... .......... .......... 22.9M
   900K .......... .......... .......... .......... .......... 22.9M
   950K .......... .......... .......... .......... .......... 22.9M
  1000K .......... .......... .......... .......... .......... 22.1M
  1050K .......... .......... .......... .......... .......... 24.1M
  1100K .......... .......... .......... .......... .......... 20.6M
  1150K .......... .......... .......... .......... .......... 23.1M
  1200K .......... .......... .......... .......... .......... 22.7M
  1250K .......... .......... .......... .......... .......... 21.9M
  1300K .......... .......... .......... .......... .......... 26.0M
  1350K .......... .......... .......... .......... .......... 21.7M
  1400K .......... .......... .......... .......... .......... 21.7M
  1450K .......... .......... .......... .......... .......... 16.3M
  1500K .......... .......... .......... .......... .......... 24.4M
  1550K .......... .......... .......... .......... .......... 32.7M
  1600K .......... .......... .......... .......... .......... 23.0M
  1650K .......... .......... .......... .......... .......... 22.9M
  1700K .......... .......... .......... .......... .......... 23.0M
  1750K .......... .......... .......... .......... .......... 23.1M
  1800K .......... .......... .......... .......... .......... 20.6M
  1850K .......... .......... .......... .......... .......... 22.9M
  1900K .......... .......... .......... .......... .......... 17.0M
  1950K .......... .......... .......... .......... .......... 24.5M
  2000K .......... .......... .......... .......... .......... 23.0M
  2050K .......... .......... .......... .......... .......... 24.3M
  2100K .......... .......... .......... .......... .......... 20.6M
  2150K .......... .......... .......... .......... .......... 21.9M
  2200K .......... .......... .......... .......... .......... 19.3M
  2250K .......... .......... .......... .......... .......... 22.3M
  2300K .......... .......... .......... .......... .......... 27.7M
  2350K .......... .......... .......... .......... .......... 23.2M
  2400K .......... .......... .......... .......... .......... 20.8M
  2450K .......... .......... .......... .......... .......... 19.4M
  2500K .......... .......... .......... .......... .......... 20.8M
  2550K .......... .......... .......... .......... .......... 21.7M
  2600K .......... .......... .......... .......... .......... 21.4M
  2650K .......... .......... .......... .......... .......... 22.0M
  2700K .......... .......... .......... .......... .......... 24.2M
  2750K .......... .......... .......... .......... .......... 21.7M
  2800K .......... .......... .......... .......... .......... 23.0M
  2850K .......... .......... .......... .......... .......... 19.5M
  2900K .......... .......... .......... .......... .......... 20.8M
  2950K .......... .......... .......... .......... .......... 21.7M
  3000K .......... .......... .......... .......... .......... 24.4M
  3050K .......... .......... .......... .......... .......... 23.0M
  3100K .......... .......... .......... .......... .......... 29.8M
  3150K .......... .......... .......... .......... .......... 19.7M
  3200K .......... .......... .......... .......... .......... 22.8M
  3250K .......... .......... .......... .......... .......... 24.6M
  3300K .......... .......... .......... .......... .......... 22.9M
  3350K .......... .......... .......... .......... .......... 21.7M
  3400K .......... .......... .......... .......... .......... 20.7M
  3450K .......... .......... .......... .......... .......... 23.2M
  3500K .......... .......... .......... .......... .......... 21.7M
  3550K .......... .......... .......... .......... .......... 22.2M
  3600K .......... .......... .......... .......... .......... 21.7M
  3650K .......... .......... .......... .......... .......... 23.0M
  3700K .......... .......... .......... .......... .......... 26.0M
  3750K .......... .......... .......... .......... .......... 19.2M
  3800K .......... .......... .......... .......... .......... 13.9M
  3850K .......... .......... .......... .......... .......... 10.4M
  3900K .......... .......... .......... .......... .......... 23.3M
  3950K .......... .......... .......... .......... .......... 22.5M
  4000K .......... .......... .......... .......... .......... 21.6M
  4050K .......... .......... .......... .......... .......... 13.0M
  4100K .......... .......... .......... .......... .......... 21.7M
  4150K .......... .......... .......... .......... .......... 17.0M
  4200K .......... .......... .......... .......... .......... 21.4M
  4250K .......... .......... .......... .......... .......... 18.5M
  4300K .......... .......... .......... .......... .......... 13.2M
  4350K .......... .......... .......... .......... .......... 12.6M
  4400K .......... .......... .......... .......... .......... 18.5M
  4450K .......... .......... .......... .......... .......... 21.8M
  4500K .......... .......... .......... .......... .......... 17.8M
  4550K .......... .......... .......... .......... .......... 20.6M
  4600K .......... .......... .......... .......... .......... 20.4M
  4650K .......... .......... .......... .......... .......... 30.2M
  4700K .......... .......... .......... .......... .......... 21.8M
  4750K .......... .......... .......... .......... .......... 21.6M
  4800K .......... .......... .......... .......... .......... 23.2M
  4850K .......... .......... .......... .......... .......... 21.3M
  4900K .......... .......... .......... .......... .......... 17.1M
  4950K .......... .......... .......... .......... .......... 26.5M
  5000K .......... .......... .......... .......... .......... 22.8M
  5050K .......... .......... .......... .......... .......... 21.8M
  5100K .......... .......... .......... .......... .......... 22.8M
  5150K .......... .......... .......... .......... .......... 21.7M
  5200K .......... .......... .......... .......... .......... 21.9M
  5250K .......... .......... .......... .......... .......... 22.9M
  5300K .......... .......... .......... .......... .......... 21.8M
  5350K .......... .......... .......... .......... .......... 21.7M
  5400K .......... .........                                   18.9M=0.2s

2018-07-06 15:45:08 (21.4 MB/s) - '/fmi/data/nowcasting/201807060600_endtime201807061200_laps_skandinavia_DOMAIN=SCAND2_Pressure.nc' saved [5549256]

/fmi/dev/python_virtualenvs/venv/bin/python call_interpolation_testi.py --obsdata /fmi/data/nowcasting/obsdata.nc --modeldata /fmi/data/nowcasting/modeldata.nc --seconds_between_steps 3600 --output_interpolate /fmi/dev/products/cache/nowcasting/{}_${DOMAIN}.nc --predictability 6 --parameter Pressure --mode verif
/fmi/dev/python_virtualenvs/venv/lib/python2.7/site-packages/matplotlib/font_manager.py:273: UserWarning: Matplotlib is building the font cache using fc-list. This may take a moment.
  warnings.warn('Matplotlib is building the font cache using fc-list. This may take a moment.')
(2, 10, 1, 3)
(2, 10, 1, 5)
(2, 10, 1, 7)
(2, 10, 1, 20)
(2, 10, 6, 3)
(2, 10, 6, 5)
(2, 10, 6, 7)
(2, 10, 6, 20)
(2, 30, 1, 3)
(2, 30, 1, 5)
(2, 30, 1, 7)
(2, 30, 1, 20)
(2, 30, 6, 3)
(2, 30, 6, 5)
(2, 30, 6, 7)
(2, 30, 6, 20)
(2, 50, 1, 3)
(2, 50, 1, 5)
(2, 50, 1, 7)
(2, 50, 1, 20)
(2, 50, 6, 3)
(2, 50, 6, 5)
(2, 50, 6, 7)
(2, 50, 6, 20)
(2, 70, 1, 3)
(2, 70, 1, 5)
(2, 70, 1, 7)
(2, 70, 1, 20)
(2, 70, 6, 3)
(2, 70, 6, 5)
(2, 70, 6, 7)
(2, 70, 6, 20)
(2, 100, 1, 3)
(2, 100, 1, 5)
(2, 100, 1, 7)
(2, 100, 1, 20)
(2, 100, 6, 3)
(2, 100, 6, 5)
(2, 100, 6, 7)
(2, 100, 6, 20)
(3, 10, 1, 3)
(3, 10, 1, 5)
(3, 10, 1, 7)
(3, 10, 1, 20)
(3, 10, 6, 3)
(3, 10, 6, 5)
(3, 10, 6, 7)
(3, 10, 6, 20)
(3, 30, 1, 3)
(3, 30, 1, 5)
(3, 30, 1, 7)
(3, 30, 1, 20)
(3, 30, 6, 3)
(3, 30, 6, 5)
(3, 30, 6, 7)
(3, 30, 6, 20)
(3, 50, 1, 3)
(3, 50, 1, 5)
(3, 50, 1, 7)
(3, 50, 1, 20)
(3, 50, 6, 3)
(3, 50, 6, 5)
(3, 50, 6, 7)
(3, 50, 6, 20)
(3, 70, 1, 3)
(3, 70, 1, 5)
(3, 70, 1, 7)
(3, 70, 1, 20)
(3, 70, 6, 3)
(3, 70, 6, 5)
(3, 70, 6, 7)
(3, 70, 6, 20)
(3, 100, 1, 3)
(3, 100, 1, 5)
(3, 100, 1, 7)
(3, 100, 1, 20)
(3, 100, 6, 3)
(3, 100, 6, 5)
(3, 100, 6, 7)
(3, 100, 6, 20)
(4, 10, 1, 3)
(4, 10, 1, 5)
(4, 10, 1, 7)
(4, 10, 1, 20)
(4, 10, 6, 3)
(4, 10, 6, 5)
(4, 10, 6, 7)
(4, 10, 6, 20)
(4, 30, 1, 3)
(4, 30, 1, 5)
(4, 30, 1, 7)
(4, 30, 1, 20)
(4, 30, 6, 3)
(4, 30, 6, 5)
(4, 30, 6, 7)
(4, 30, 6, 20)
(4, 50, 1, 3)
(4, 50, 1, 5)
(4, 50, 1, 7)
(4, 50, 1, 20)
(4, 50, 6, 3)
(4, 50, 6, 5)
(4, 50, 6, 7)
(4, 50, 6, 20)
(4, 70, 1, 3)
(4, 70, 1, 5)
(4, 70, 1, 7)
(4, 70, 1, 20)
(4, 70, 6, 3)
(4, 70, 6, 5)
(4, 70, 6, 7)
(4, 70, 6, 20)
(4, 100, 1, 3)
(4, 100, 1, 5)
(4, 100, 1, 7)
(4, 100, 1, 20)
(4, 100, 6, 3)
(4, 100, 6, 5)
(4, 100, 6, 7)
(4, 100, 6, 20)
(5, 10, 1, 3)
(5, 10, 1, 5)
(5, 10, 1, 7)
(5, 10, 1, 20)
(5, 10, 6, 3)
(5, 10, 6, 5)
(5, 10, 6, 7)
(5, 10, 6, 20)
(5, 30, 1, 3)
(5, 30, 1, 5)
(5, 30, 1, 7)
(5, 30, 1, 20)
(5, 30, 6, 3)
(5, 30, 6, 5)
(5, 30, 6, 7)
(5, 30, 6, 20)
(5, 50, 1, 3)
(5, 50, 1, 5)
(5, 50, 1, 7)
(5, 50, 1, 20)
(5, 50, 6, 3)
(5, 50, 6, 5)
(5, 50, 6, 7)
(5, 50, 6, 20)
(5, 70, 1, 3)
(5, 70, 1, 5)
(5, 70, 1, 7)
(5, 70, 1, 20)
(5, 70, 6, 3)
(5, 70, 6, 5)
(5, 70, 6, 7)
(5, 70, 6, 20)
(5, 100, 1, 3)
(5, 100, 1, 5)
(5, 100, 1, 7)
(5, 100, 1, 20)
(5, 100, 6, 3)
(5, 100, 6, 5)
(5, 100, 6, 7)
(5, 100, 6, 20)
(6, 10, 1, 3)
(6, 10, 1, 5)
(6, 10, 1, 7)
(6, 10, 1, 20)
(6, 10, 6, 3)
(6, 10, 6, 5)
(6, 10, 6, 7)
(6, 10, 6, 20)
(6, 30, 1, 3)
(6, 30, 1, 5)
(6, 30, 1, 7)
(6, 30, 1, 20)
(6, 30, 6, 3)
(6, 30, 6, 5)
(6, 30, 6, 7)
(6, 30, 6, 20)
(6, 50, 1, 3)
(6, 50, 1, 5)
(6, 50, 1, 7)
(6, 50, 1, 20)
(6, 50, 6, 3)
(6, 50, 6, 5)
(6, 50, 6, 7)
(6, 50, 6, 20)
(6, 70, 1, 3)
(6, 70, 1, 5)
(6, 70, 1, 7)
(6, 70, 1, 20)
(6, 70, 6, 3)
(6, 70, 6, 5)
(6, 70, 6, 7)
(6, 70, 6, 20)
(6, 100, 1, 3)
(6, 100, 1, 5)
(6, 100, 1, 7)
(6, 100, 1, 20)
(6, 100, 6, 3)
(6, 100, 6, 5)
(6, 100, 6, 7)
(6, 100, 6, 20)
Traceback (most recent call last):
  File "call_interpolation_testi.py", line 550, in <module>
    main()
  File "call_interpolation_testi.py", line 402, in main
    np.save(outdir + outfile,verif_interpolated_advection)
  File "/fmi/dev/python_virtualenvs/venv/lib/python2.7/site-packages/numpy/lib/npyio.py", line 490, in save
    fid = open(file, "wb")
IOError: [Errno 13] Permission denied: '/fmi/data/nowcasting/results/verif_stats/verif_interpolated_advection_20180628060000_20180628120000_Pressure.npy'
--2018-07-06 15:46:56--  http://smartmet.fmi.fi/download?param=Temperature&producer=pal_skandinavia&format=netcdf&starttime=201807060600&endtime=201807061200&timestep=60&bbox=4.00118791,50.00007491,42.99146951,72.99231333&projection=epsg:4326
Resolving smartmet.fmi.fi (smartmet.fmi.fi)... 193.166.221.21
Connecting to smartmet.fmi.fi (smartmet.fmi.fi)|193.166.221.21|:80... connected.
HTTP request sent, awaiting response... 200 OK
Length: unspecified [application/octet-stream]
Saving to: '/fmi/data/nowcasting/201807060600_fcst201807061200_pal_skandinavia_DOMAIN=SCAND2_Temperature.nc'

     0K .......... .......... .......... .......... .......... 20.9M
    50K .......... .......... .......... .......... .......... 28.0M
   100K .......... .......... .......... .......... .......... 24.1M
   150K .......... .......... .......... .......... .......... 23.1M
   200K .......... .......... .......... .......... .......... 24.6M
   250K .......... .......... .......... .......... .......... 26.0M
   300K .......... .......... .......... .......... .......... 21.8M
   350K .......... .......... .......... .......... .......... 22.8M
   400K .......... .......... .......... .......... .......... 23.1M
   450K .......... .......... .......... .......... .......... 20.3M
   500K .......... .......... .......... .......... .......... 28.8M
   550K .......... .......... .......... .......... .......... 25.9M
   600K .......... .......... .......... .......... .......... 26.0M
   650K .......... .......... .......... .......... .......... 22.9M
   700K .......... .......... .......... .......... .......... 24.5M
   750K .......... .......... .......... .......... .......... 35.8M
   800K .......... .......... .......... .......... .......... 38.3M
   850K .......... .......... .......... .......... .......... 26.3M
   900K .......... .......... .......... .......... .......... 24.6M
   950K .......... .......... .......... .......... .......... 26.1M
  1000K .......... .......... .......... .......... .......... 25.8M
  1050K .......... .......... .......... .......... .......... 27.9M
  1100K .......... .......... .......... .......... .......... 26.1M
  1150K .......... .......... .......... .......... .......... 26.0M
  1200K .......... .......... .......... .......... .......... 26.1M
  1250K .......... .......... .......... .......... .......... 24.3M
  1300K .......... .......... .......... .......... .......... 26.2M
  1350K .......... .......... .......... .......... .......... 23.1M
  1400K .......... .......... .......... .......... .......... 27.5M
  1450K .......... .......... .......... .......... .......... 26.2M
  1500K .......... .......... .......... .......... .......... 29.5M
  1550K .......... .......... .......... .......... .......... 39.8M
  1600K .......... .......... .......... .......... .......... 27.8M
  1650K .......... .......... .......... .......... .......... 28.3M
  1700K .......... .......... .......... .......... .......... 27.4M
  1750K .......... .......... .......... .......... .......... 28.1M
  1800K .......... .......... .......... .......... .......... 26.0M
  1850K .......... .......... .......... .......... .......... 28.1M
  1900K .......... .......... .......... .......... .......... 26.3M
  1950K .......... .......... .......... .......... .......... 27.5M
  2000K .......... .......... .......... .......... .......... 24.7M
  2050K .......... .......... .......... .......... .......... 24.4M
  2100K .......... .......... .......... .......... .......... 26.0M
  2150K .......... .......... .......... .......... .......... 26.2M
  2200K .......... .......... .......... .......... .......... 27.6M
  2250K .......... .......... .......... .......... .......... 24.3M
  2300K .......... .......... .......... .......... .......... 35.7M
  2350K .......... .......... .......... .......... .......... 28.1M
  2400K .......... .......... .......... .......... .......... 24.6M
  2450K .......... .......... .......... .......... .......... 29.6M
  2500K .......... .......... .......... .......... .......... 24.5M
  2550K .......... .......... .......... .......... .......... 22.9M
  2600K .......... .......... .......... .......... .......... 26.2M
  2650K .......... .......... .......... .......... .......... 20.6M
  2700K .......... .......... .......... .......... .......... 25.5M
  2750K .......... .......... .......... .......... .......... 26.6M
  2800K .......... .......... .......... .......... .......... 21.5M
  2850K .......... .......... .......... .......... .......... 21.9M
  2900K .......... .......... .......... .......... .......... 26.2M
  2950K .......... .......... .......... .......... .......... 24.4M
  3000K .......... .......... .......... .......... .......... 26.0M
  3050K .......... .......... .......... .......... .......... 27.9M
  3100K .......... .......... .......... .......... .......... 38.8M
  3150K .......... .......... .......... .......... .......... 28.1M
  3200K .......... .......... .......... .......... .......... 24.3M
  3250K .......... .......... .......... .......... .......... 24.4M
  3300K .......... .......... .......... .......... .......... 24.7M
  3350K .......... .......... .......... .......... .......... 27.8M
  3400K .......... .......... .......... .......... .......... 25.8M
  3450K .......... .......... .......... .......... .......... 28.2M
  3500K .......... .......... .......... .......... .......... 26.2M
  3550K .......... .......... .......... .......... .......... 27.6M
  3600K .......... .......... .......... .......... .......... 26.5M
  3650K .......... .......... .......... .......... .......... 27.3M
  3700K .......... .......... .......... .......... .......... 22.9M
  3750K .......... .......... .......... .......... .......... 26.3M
  3800K .......... .......... .......... .......... .......... 23.0M
  3850K .......... .......... .......... .......... .......... 35.6M
  3900K .......... .......... .......... .......... .......... 32.5M
  3950K .......... .......... .......... .......... .......... 24.5M
  4000K .......... .......... .......... .......... .......... 24.4M
  4050K .......... .......... .......... .......... .......... 25.6M
  4100K .......... .......... .......... .......... .......... 26.6M
  4150K .......... .......... .......... .......... .......... 25.8M
  4200K .......... .......... .......... .......... .......... 26.3M
  4250K .......... .......... .......... .......... .......... 25.9M
  4300K .......... .......... .......... .......... .......... 26.2M
  4350K .......... .......... .......... .......... .......... 24.6M
  4400K .......... .......... .......... .......... .......... 20.4M
  4450K .......... .......... .......... .......... .......... 24.4M
  4500K .......... .......... .......... .......... .......... 23.0M
  4550K .......... .......... .......... .......... .......... 23.1M
  4600K .......... .......... .......... .......... .......... 32.2M
  4650K .......... .......... .......... .......... .......... 39.4M
  4700K .......... .......... .......... .......... .......... 28.1M
  4750K .......... .......... .......... .......... .......... 25.9M
  4800K .......... .......... .......... .......... .......... 26.0M
  4850K .......... .......... .......... .......... .......... 26.4M
  4900K .......... .......... .......... .......... .......... 24.4M
  4950K .......... .......... .......... .......... .......... 26.0M
  5000K .......... .......... .......... .......... .......... 25.7M
  5050K .......... .......... .......... .......... .......... 28.2M
  5100K .......... .......... .......... .......... .......... 24.6M
  5150K .......... .......... .......... .......... .......... 23.0M
  5200K .......... .......... .......... .......... .......... 23.0M
  5250K .......... .......... .......... .......... .......... 20.6M
  5300K .......... .......... .......... .......... .......... 26.1M
  5350K .......... .......... .......... .......... .......... 27.7M
  5400K .......... .........                                   30.3M=0.2s

2018-07-06 15:46:57 (25.9 MB/s) - '/fmi/data/nowcasting/201807060600_fcst201807061200_pal_skandinavia_DOMAIN=SCAND2_Temperature.nc' saved [5549224]

--2018-07-06 15:46:57--  http://smartmet.fmi.fi/download?param=Temperature&producer=laps_skandinavia&format=netcdf&gridsize=579,342&starttime=201807060600&endtime=201807061200&timestep=60&bbox=4.00118791,50.00007491,42.99146951,72.99231333&projection=epsg:4326
Resolving smartmet.fmi.fi (smartmet.fmi.fi)... 193.166.221.21
Connecting to smartmet.fmi.fi (smartmet.fmi.fi)|193.166.221.21|:80... connected.
HTTP request sent, awaiting response... 200 OK
Length: unspecified [application/octet-stream]
Saving to: '/fmi/data/nowcasting/201807060600_endtime201807061200_laps_skandinavia_DOMAIN=SCAND2_Temperature.nc'

     0K .......... .......... .......... .......... .......... 21.8M
    50K .......... .......... .......... .......... .......... 27.9M
   100K .......... .......... .......... .......... .......... 26.3M
   150K .......... .......... .......... .......... .......... 24.5M
   200K .......... .......... .......... .......... .......... 27.8M
   250K .......... .......... .......... .......... .......... 24.5M
   300K .......... .......... .......... .......... .......... 20.4M
   350K .......... .......... .......... .......... .......... 14.6M
   400K .......... .......... .......... .......... .......... 9.76M
   450K .......... .......... .......... .......... .......... 21.8M
   500K .......... .......... .......... .......... .......... 24.3M
   550K .......... .......... .......... .......... .......... 19.7M
   600K .......... .......... .......... .......... .......... 29.4M
   650K .......... .......... .......... .......... .......... 24.6M
   700K .......... .......... .......... .......... .......... 22.8M
   750K .......... .......... .......... .......... .......... 32.1M
   800K .......... .......... .......... .......... .......... 18.7M
   850K .......... .......... .......... .......... .......... 13.1M
   900K .......... .......... .......... .......... .......... 15.6M
   950K .......... .......... .......... .......... .......... 11.5M
  1000K .......... .......... .......... .......... .......... 20.7M
  1050K .......... .......... .......... .......... .......... 25.7M
  1100K .......... .......... .......... .......... .......... 24.7M
  1150K .......... .......... .......... .......... .......... 26.0M
  1200K .......... .......... .......... .......... .......... 24.2M
  1250K .......... .......... .......... .......... .......... 13.5M
  1300K .......... .......... .......... .......... .......... 14.0M
  1350K .......... .......... .......... .......... .......... 17.0M
  1400K .......... .......... .......... .......... .......... 26.2M
  1450K .......... .......... .......... .......... .......... 26.1M
  1500K .......... .......... .......... .......... .......... 29.4M
  1550K .......... .......... .......... .......... .......... 30.7M
  1600K .......... .......... .......... .......... .......... 27.6M
  1650K .......... .......... .......... .......... .......... 23.0M
  1700K .......... .......... .......... .......... .......... 21.6M
  1750K .......... .......... .......... .......... .......... 18.8M
  1800K .......... .......... .......... .......... .......... 20.5M
  1850K .......... .......... .......... .......... .......... 13.1M
  1900K .......... .......... .......... .......... .......... 13.9M
  1950K .......... .......... .......... .......... .......... 18.7M
  2000K .......... .......... .......... .......... .......... 17.8M
  2050K .......... .......... .......... .......... .......... 26.0M
  2100K .......... .......... .......... .......... .......... 22.8M
  2150K .......... .......... .......... .......... .......... 15.6M
  2200K .......... .......... .......... .......... .......... 17.9M
  2250K .......... .......... .......... .......... .......... 15.0M
  2300K .......... .......... .......... .......... .......... 12.2M
  2350K .......... .......... .......... .......... .......... 14.5M
  2400K .......... .......... .......... .......... .......... 19.6M
  2450K .......... .......... .......... .......... .......... 19.4M
  2500K .......... .......... .......... .......... .......... 24.7M
  2550K .......... .......... .......... .......... .......... 21.4M
  2600K .......... .......... .......... .......... .......... 10.9M
  2650K .......... .......... .......... .......... .......... 7.82M
  2700K .......... .......... .......... .......... .......... 13.3M
  2750K .......... .......... .......... .......... .......... 23.1M
  2800K .......... .......... .......... .......... .......... 21.9M
  2850K .......... .......... .......... .......... .......... 21.7M
  2900K .......... .......... .......... .......... .......... 21.8M
  2950K .......... .......... .......... .......... .......... 13.0M
  3000K .......... .......... .......... .......... .......... 9.79M
  3050K .......... .......... .......... .......... .......... 11.1M
  3100K .......... .......... .......... .......... .......... 19.7M
  3150K .......... .......... .......... .......... .......... 23.1M
  3200K .......... .......... .......... .......... .......... 18.5M
  3250K .......... .......... .......... .......... .......... 27.8M
  3300K .......... .......... .......... .......... .......... 16.3M
  3350K .......... .......... .......... .......... .......... 16.4M
  3400K .......... .......... .......... .......... .......... 10.8M
  3450K .......... .......... .......... .......... .......... 17.1M
  3500K .......... .......... .......... .......... .......... 24.4M
  3550K .......... .......... .......... .......... .......... 21.6M
  3600K .......... .......... .......... .......... .......... 26.2M
  3650K .......... .......... .......... .......... .......... 23.1M
  3700K .......... .......... .......... .......... .......... 17.8M
  3750K .......... .......... .......... .......... .......... 26.0M
  3800K .......... .......... .......... .......... .......... 21.8M
  3850K .......... .......... .......... .......... .......... 34.6M
  3900K .......... .......... .......... .......... .......... 21.8M
  3950K .......... .......... .......... .......... .......... 10.6M
  4000K .......... .......... .......... .......... .......... 17.1M
  4050K .......... .......... .......... .......... .......... 19.4M
  4100K .......... .......... .......... .......... .......... 21.9M
  4150K .......... .......... .......... .......... .......... 22.9M
  4200K .......... .......... .......... .......... .......... 21.8M
  4250K .......... .......... .......... .......... .......... 22.8M
  4300K .......... .......... .......... .......... .......... 20.8M
  4350K .......... .......... .......... .......... .......... 18.5M
  4400K .......... .......... .......... .......... .......... 19.7M
  4450K .......... .......... .......... .......... .......... 22.9M
  4500K .......... .......... .......... .......... .......... 21.8M
  4550K .......... .......... .......... .......... .......... 21.5M
  4600K .......... .......... .......... .......... .......... 18.7M
  4650K .......... .......... .......... .......... .......... 26.3M
  4700K .......... .......... .......... .......... .......... 21.8M
  4750K .......... .......... .......... .......... .......... 24.5M
  4800K .......... .......... .......... .......... .......... 27.9M
  4850K .......... .......... .......... .......... .......... 18.7M
  4900K .......... .......... .......... .......... .......... 19.4M
  4950K .......... .......... .......... .......... .......... 19.7M
  5000K .......... .......... .......... .......... .......... 19.5M
  5050K .......... .......... .......... .......... .......... 25.8M
  5100K .......... .......... .......... .......... .......... 23.2M
  5150K .......... .......... .......... .......... .......... 23.0M
  5200K .......... .......... .......... .......... .......... 24.4M
  5250K .......... .......... .......... .......... .......... 19.6M
  5300K .......... .......... .......... .......... .......... 20.6M
  5350K .......... .......... .......... .......... .......... 20.7M
  5400K .......... .........                                   12.5M=0.3s

2018-07-06 15:46:58 (19.0 MB/s) - '/fmi/data/nowcasting/201807060600_endtime201807061200_laps_skandinavia_DOMAIN=SCAND2_Temperature.nc' saved [5549224]

/fmi/dev/python_virtualenvs/venv/bin/python call_interpolation_testi.py --obsdata /fmi/data/nowcasting/obsdata.nc --modeldata /fmi/data/nowcasting/modeldata.nc --seconds_between_steps 3600 --output_interpolate /fmi/dev/products/cache/nowcasting/{}_${DOMAIN}.nc --predictability 6 --parameter Temperature --mode verif
/fmi/dev/python_virtualenvs/venv/lib/python2.7/site-packages/matplotlib/font_manager.py:273: UserWarning: Matplotlib is building the font cache using fc-list. This may take a moment.
  warnings.warn('Matplotlib is building the font cache using fc-list. This may take a moment.')
(2, 10, 1, 3)
(2, 10, 1, 5)
(2, 10, 1, 7)
(2, 10, 1, 20)
(2, 10, 6, 3)
(2, 10, 6, 5)
(2, 10, 6, 7)
(2, 10, 6, 20)
(2, 30, 1, 3)
(2, 30, 1, 5)
(2, 30, 1, 7)
(2, 30, 1, 20)
(2, 30, 6, 3)
(2, 30, 6, 5)
(2, 30, 6, 7)
(2, 30, 6, 20)
(2, 50, 1, 3)
(2, 50, 1, 5)
(2, 50, 1, 7)
(2, 50, 1, 20)
(2, 50, 6, 3)
(2, 50, 6, 5)
(2, 50, 6, 7)
(2, 50, 6, 20)
(2, 70, 1, 3)
(2, 70, 1, 5)
(2, 70, 1, 7)
(2, 70, 1, 20)
(2, 70, 6, 3)
(2, 70, 6, 5)
(2, 70, 6, 7)
(2, 70, 6, 20)
(2, 100, 1, 3)
(2, 100, 1, 5)
(2, 100, 1, 7)
(2, 100, 1, 20)
(2, 100, 6, 3)
(2, 100, 6, 5)
(2, 100, 6, 7)
(2, 100, 6, 20)
(3, 10, 1, 3)
(3, 10, 1, 5)
(3, 10, 1, 7)
(3, 10, 1, 20)
(3, 10, 6, 3)
(3, 10, 6, 5)
(3, 10, 6, 7)
(3, 10, 6, 20)
(3, 30, 1, 3)
(3, 30, 1, 5)
(3, 30, 1, 7)
(3, 30, 1, 20)
(3, 30, 6, 3)
(3, 30, 6, 5)
(3, 30, 6, 7)
(3, 30, 6, 20)
(3, 50, 1, 3)
(3, 50, 1, 5)
(3, 50, 1, 7)
(3, 50, 1, 20)
(3, 50, 6, 3)
(3, 50, 6, 5)
(3, 50, 6, 7)
(3, 50, 6, 20)
(3, 70, 1, 3)
(3, 70, 1, 5)
(3, 70, 1, 7)
(3, 70, 1, 20)
(3, 70, 6, 3)
(3, 70, 6, 5)
(3, 70, 6, 7)
(3, 70, 6, 20)
(3, 100, 1, 3)
(3, 100, 1, 5)
(3, 100, 1, 7)
(3, 100, 1, 20)
(3, 100, 6, 3)
(3, 100, 6, 5)
(3, 100, 6, 7)
(3, 100, 6, 20)
(4, 10, 1, 3)
(4, 10, 1, 5)
(4, 10, 1, 7)
(4, 10, 1, 20)
(4, 10, 6, 3)
(4, 10, 6, 5)
(4, 10, 6, 7)
(4, 10, 6, 20)
(4, 30, 1, 3)
(4, 30, 1, 5)
(4, 30, 1, 7)
(4, 30, 1, 20)
(4, 30, 6, 3)
(4, 30, 6, 5)
(4, 30, 6, 7)
(4, 30, 6, 20)
(4, 50, 1, 3)
(4, 50, 1, 5)
(4, 50, 1, 7)
(4, 50, 1, 20)
(4, 50, 6, 3)
(4, 50, 6, 5)
(4, 50, 6, 7)
(4, 50, 6, 20)
(4, 70, 1, 3)
(4, 70, 1, 5)
(4, 70, 1, 7)
(4, 70, 1, 20)
(4, 70, 6, 3)
(4, 70, 6, 5)
(4, 70, 6, 7)
(4, 70, 6, 20)
(4, 100, 1, 3)
(4, 100, 1, 5)
(4, 100, 1, 7)
(4, 100, 1, 20)
(4, 100, 6, 3)
(4, 100, 6, 5)
(4, 100, 6, 7)
(4, 100, 6, 20)
(5, 10, 1, 3)
(5, 10, 1, 5)
(5, 10, 1, 7)
(5, 10, 1, 20)
(5, 10, 6, 3)
(5, 10, 6, 5)
(5, 10, 6, 7)
(5, 10, 6, 20)
(5, 30, 1, 3)
(5, 30, 1, 5)
(5, 30, 1, 7)
(5, 30, 1, 20)
(5, 30, 6, 3)
(5, 30, 6, 5)
(5, 30, 6, 7)
(5, 30, 6, 20)
(5, 50, 1, 3)
(5, 50, 1, 5)
(5, 50, 1, 7)
(5, 50, 1, 20)
(5, 50, 6, 3)
(5, 50, 6, 5)
(5, 50, 6, 7)
(5, 50, 6, 20)
(5, 70, 1, 3)
(5, 70, 1, 5)
(5, 70, 1, 7)
(5, 70, 1, 20)
(5, 70, 6, 3)
(5, 70, 6, 5)
(5, 70, 6, 7)
(5, 70, 6, 20)
(5, 100, 1, 3)
(5, 100, 1, 5)
(5, 100, 1, 7)
(5, 100, 1, 20)
(5, 100, 6, 3)
(5, 100, 6, 5)
(5, 100, 6, 7)
(5, 100, 6, 20)
(6, 10, 1, 3)
(6, 10, 1, 5)
(6, 10, 1, 7)
(6, 10, 1, 20)
(6, 10, 6, 3)
(6, 10, 6, 5)
(6, 10, 6, 7)
(6, 10, 6, 20)
(6, 30, 1, 3)
(6, 30, 1, 5)
(6, 30, 1, 7)
(6, 30, 1, 20)
(6, 30, 6, 3)
(6, 30, 6, 5)
(6, 30, 6, 7)
(6, 30, 6, 20)
(6, 50, 1, 3)
(6, 50, 1, 5)
(6, 50, 1, 7)
(6, 50, 1, 20)
(6, 50, 6, 3)
(6, 50, 6, 5)
(6, 50, 6, 7)
(6, 50, 6, 20)
(6, 70, 1, 3)
(6, 70, 1, 5)
(6, 70, 1, 7)
(6, 70, 1, 20)
(6, 70, 6, 3)
(6, 70, 6, 5)
(6, 70, 6, 7)
(6, 70, 6, 20)
(6, 100, 1, 3)
(6, 100, 1, 5)
(6, 100, 1, 7)
(6, 100, 1, 20)
(6, 100, 6, 3)
(6, 100, 6, 5)
(6, 100, 6, 7)
(6, 100, 6, 20)
Traceback (most recent call last):
  File "call_interpolation_testi.py", line 550, in <module>
    main()
  File "call_interpolation_testi.py", line 402, in main
    np.save(outdir + outfile,verif_interpolated_advection)
  File "/fmi/dev/python_virtualenvs/venv/lib/python2.7/site-packages/numpy/lib/npyio.py", line 490, in save
    fid = open(file, "wb")
IOError: [Errno 13] Permission denied: '/fmi/data/nowcasting/results/verif_stats/verif_interpolated_advection_20180628060000_20180628120000_Temperature.npy'
